#
# A fatal error has been detected by the Java Runtime Environment:
#
#  Internal Error (sharedRuntime.cpp:532), pid=1323, tid=6403
#  Error: ShouldNotReachHere()
#
# JRE version: OpenJDK Runtime Environment Zulu16.30+15-CA (16.0.1+9) (build 16.0.1+9)
# Java VM: OpenJDK 64-Bit Server VM Zulu16.30+15-CA (16.0.1+9, mixed mode, tiered, compressed oops, compressed class ptrs, g1 gc, bsd-aarch64)
# No core dump will be written. Core dumps have been disabled. To enable core dumping, try "ulimit -c unlimited" before starting Java again
#
# If you would like to submit a bug report, please visit:
#   http://www.azulsystems.com/support/
#

---------------  S U M M A R Y ------------

Command Line: -Dorg.gradle.appname=gradlew org.gradle.wrapper.GradleWrapperMain -q -Ptarget-platform=android-arm64 -Ptarget=/Users/jawadashraf/Documents/FlutterProjects/property051apprepo/lib/main.dart -Pdart-defines=Zmx1dHRlci5pbnNwZWN0b3Iuc3RydWN0dXJlZEVycm9ycz10cnVl,RkxVVFRFUl9XRUJfQVVUT19ERVRFQ1Q9dHJ1ZQ== -Pdart-obfuscation=false -Ptrack-widget-creation=true -Ptree-shake-icons=false -Pfilesystem-scheme=org-dartlang-root assembleDebug

Host: Macmini9,1 arm64 1 MHz, 8 cores, 8G, Darwin 20.6.0, macOS 11.6 (20G165)
Time: Thu Oct  7 12:48:14 2021 PKT elapsed time: 0.507770 seconds (0d 0h 0m 0s)

---------------  T H R E A D  ---------------

Current thread (0x0000000123008200):  JavaThread "main" [_thread_in_Java, id=6403, stack(0x000000016db58000,0x000000016dd5b000)]

Stack: [0x000000016db58000,0x000000016dd5b000],  sp=0x000000016dd58860,  free space=2050k
Native frames: (J=compiled Java code, A=aot compiled Java code, j=interpreted, Vv=VM code, C=native code)
V  [libjvm.dylib+0x9abf04]  VMError::report_and_die(int, char const*, char const*, char*, Thread*, unsigned char*, void*, void*, char const*, int, unsigned long)+0x46c
V  [libjvm.dylib+0x9ac658]  VMError::report_and_die(Thread*, void*, char const*, int, char const*, char const*, char*)+0x40
V  [libjvm.dylib+0x2a9ab0]  report_vm_error(char const*, int, char const*, char const*, ...)+0x5c
V  [libjvm.dylib+0x2a9c84]  report_should_not_reach_here(char const*, int)+0x2c
V  [libjvm.dylib+0x81380c]  SharedRuntime::raw_exception_handler_for_return_address(JavaThread*, unsigned char*)+0x178
V  [libjvm.dylib+0x8138b0]  SharedRuntime::exception_handler_for_return_address(JavaThread*, unsigned char*)+0x28
v  ~StubRoutines::forward exception
j  org.slf4j.MarkerFactory.<clinit>()V+0
v  ~StubRoutines::call_stub
V  [libjvm.dylib+0x43f6b8]  JavaCalls::call_helper(JavaValue*, methodHandle const&, JavaCallArguments*, Thread*)+0x30c
V  [libjvm.dylib+0x421084]  InstanceKlass::call_class_initializer(Thread*)+0x1e8
V  [libjvm.dylib+0x4207b0]  InstanceKlass::initialize_impl(Thread*)+0x57c
V  [libjvm.dylib+0x657db4]  LinkResolver::resolve_static_call(CallInfo&, LinkInfo const&, bool, Thread*)+0x78
V  [libjvm.dylib+0x659d8c]  LinkResolver::resolve_invoke(CallInfo&, Handle, constantPoolHandle const&, int, Bytecodes::Code, Thread*)+0xac
V  [libjvm.dylib+0x4389d4]  InterpreterRuntime::resolve_invoke(JavaThread*, Bytecodes::Code)+0x29c
V  [libjvm.dylib+0x438fd0]  InterpreterRuntime::resolve_from_cache(JavaThread*, Bytecodes::Code)+0x7c
j  org.gradle.api.logging.Logging.<clinit>()V+2
v  ~StubRoutines::call_stub
V  [libjvm.dylib+0x43f6b8]  JavaCalls::call_helper(JavaValue*, methodHandle const&, JavaCallArguments*, Thread*)+0x30c
V  [libjvm.dylib+0x421084]  InstanceKlass::call_class_initializer(Thread*)+0x1e8
V  [libjvm.dylib+0x4207b0]  InstanceKlass::initialize_impl(Thread*)+0x57c
V  [libjvm.dylib+0x657db4]  LinkResolver::resolve_static_call(CallInfo&, LinkInfo const&, bool, Thread*)+0x78
V  [libjvm.dylib+0x659d8c]  LinkResolver::resolve_invoke(CallInfo&, Handle, constantPoolHandle const&, int, Bytecodes::Code, Thread*)+0xac
V  [libjvm.dylib+0x4389d4]  InterpreterRuntime::resolve_invoke(JavaThread*, Bytecodes::Code)+0x29c
V  [libjvm.dylib+0x438fd0]  InterpreterRuntime::resolve_from_cache(JavaThread*, Bytecodes::Code)+0x7c
j  org.gradle.launcher.cli.DebugLoggerWarningAction.<init>(Lorg/gradle/api/logging/configuration/LoggingConfiguration;Lorg/gradle/api/Action;)V+3
j  org.gradle.launcher.cli.DefaultCommandLineActionFactory$WithLogging.execute(Lorg/gradle/launcher/bootstrap/ExecutionListener;)V+245
j  org.gradle.launcher.Main.doAction([Ljava/lang/String;Lorg/gradle/launcher/bootstrap/ExecutionListener;)V+14
j  org.gradle.launcher.bootstrap.EntryPoint.run([Ljava/lang/String;)V+12
v  ~StubRoutines::call_stub
V  [libjvm.dylib+0x43f6b8]  JavaCalls::call_helper(JavaValue*, methodHandle const&, JavaCallArguments*, Thread*)+0x30c
V  [libjvm.dylib+0x7f1008]  invoke(InstanceKlass*, methodHandle const&, Handle, bool, objArrayHandle, BasicType, objArrayHandle, bool, Thread*)+0x914
V  [libjvm.dylib+0x7f067c]  Reflection::invoke_method(oopDesc*, Handle, objArrayHandle, Thread*)+0x150
V  [libjvm.dylib+0x4f3b14]  JVM_InvokeMethod+0x358
j  jdk.internal.reflect.NativeMethodAccessorImpl.invoke0(Ljava/lang/reflect/Method;Ljava/lang/Object;[Ljava/lang/Object;)Ljava/lang/Object;+0 java.base@16.0.1
j  jdk.internal.reflect.NativeMethodAccessorImpl.invoke(Ljava/lang/Object;[Ljava/lang/Object;)Ljava/lang/Object;+146 java.base@16.0.1
j  jdk.internal.reflect.DelegatingMethodAccessorImpl.invoke(Ljava/lang/Object;[Ljava/lang/Object;)Ljava/lang/Object;+6 java.base@16.0.1
j  java.lang.reflect.Method.invoke(Ljava/lang/Object;[Ljava/lang/Object;)Ljava/lang/Object;+59 java.base@16.0.1
j  org.gradle.launcher.bootstrap.ProcessBootstrap.runNoExit(Ljava/lang/String;[Ljava/lang/String;)V+161
j  org.gradle.launcher.bootstrap.ProcessBootstrap.run(Ljava/lang/String;[Ljava/lang/String;)V+3
j  org.gradle.launcher.GradleMain.main([Ljava/lang/String;)V+36
v  ~StubRoutines::call_stub
V  [libjvm.dylib+0x43f6b8]  JavaCalls::call_helper(JavaValue*, methodHandle const&, JavaCallArguments*, Thread*)+0x30c
V  [libjvm.dylib+0x7f1008]  invoke(InstanceKlass*, methodHandle const&, Handle, bool, objArrayHandle, BasicType, objArrayHandle, bool, Thread*)+0x914
V  [libjvm.dylib+0x7f067c]  Reflection::invoke_method(oopDesc*, Handle, objArrayHandle, Thread*)+0x150
V  [libjvm.dylib+0x4f3b14]  JVM_InvokeMethod+0x358
j  jdk.internal.reflect.NativeMethodAccessorImpl.invoke0(Ljava/lang/reflect/Method;Ljava/lang/Object;[Ljava/lang/Object;)Ljava/lang/Object;+0 java.base@16.0.1
j  jdk.internal.reflect.NativeMethodAccessorImpl.invoke(Ljava/lang/Object;[Ljava/lang/Object;)Ljava/lang/Object;+146 java.base@16.0.1
j  jdk.internal.reflect.DelegatingMethodAccessorImpl.invoke(Ljava/lang/Object;[Ljava/lang/Object;)Ljava/lang/Object;+6 java.base@16.0.1
j  java.lang.reflect.Method.invoke(Ljava/lang/Object;[Ljava/lang/Object;)Ljava/lang/Object;+59 java.base@16.0.1
j  org.gradle.wrapper.BootstrapMainStarter.start([Ljava/lang/String;Ljava/io/File;)V+82
j  org.gradle.wrapper.WrapperExecutor.execute([Ljava/lang/String;Lorg/gradle/wrapper/Install;Lorg/gradle/wrapper/BootstrapMainStarter;)V+14
j  org.gradle.wrapper.GradleWrapperMain.main([Ljava/lang/String;)V+190
v  ~StubRoutines::call_stub
V  [libjvm.dylib+0x43f6b8]  JavaCalls::call_helper(JavaValue*, methodHandle const&, JavaCallArguments*, Thread*)+0x30c
V  [libjvm.dylib+0x4a10fc]  jni_invoke_static(JNIEnv_*, JavaValue*, _jobject*, JNICallType, _jmethodID*, JNI_ArgumentPusher*, Thread*)+0x120
V  [libjvm.dylib+0x4a4510]  jni_CallStaticVoidMethod+0x120
C  [libjli.dylib+0x5430]  JavaMain+0x9d4
C  [libjli.dylib+0x778c]  ThreadJavaMain+0xc
C  [libsystem_pthread.dylib+0x7878]  _pthread_start+0x140


---------------  P R O C E S S  ---------------

Threads class SMR info:
_java_thread_list=0x0000000123a10320, length=11, elements={
0x0000000123008200, 0x0000000123045800, 0x0000000123048000, 0x0000000123046e00,
0x0000000123047400, 0x0000000123047a00, 0x000000012304a600, 0x000000012304ac00,
0x0000000127812400, 0x0000000124808200, 0x000000012400f400
}

Java Threads: ( => current thread )
=>0x0000000123008200 JavaThread "main" [_thread_in_Java, id=6403, stack(0x000000016db58000,0x000000016dd5b000)]
  0x0000000123045800 JavaThread "Reference Handler" daemon [_thread_blocked, id=17155, stack(0x000000016e9ac000,0x000000016ebaf000)]
  0x0000000123048000 JavaThread "Finalizer" daemon [_thread_blocked, id=15107, stack(0x000000016ebb8000,0x000000016edbb000)]
  0x0000000123046e00 JavaThread "Signal Dispatcher" daemon [_thread_blocked, id=42755, stack(0x000000016eedc000,0x000000016f0df000)]
  0x0000000123047400 JavaThread "Service Thread" daemon [_thread_blocked, id=22787, stack(0x000000016f0e8000,0x000000016f2eb000)]
  0x0000000123047a00 JavaThread "Monitor Deflation Thread" daemon [_thread_blocked, id=42243, stack(0x000000016f2f4000,0x000000016f4f7000)]
  0x000000012304a600 JavaThread "C2 CompilerThread0" daemon [_thread_in_native, id=41987, stack(0x000000016f500000,0x000000016f703000)]
  0x000000012304ac00 JavaThread "C1 CompilerThread0" daemon [_thread_blocked, id=23299, stack(0x000000016f70c000,0x000000016f90f000)]
  0x0000000127812400 JavaThread "Sweeper thread" daemon [_thread_blocked, id=23811, stack(0x000000016f918000,0x000000016fb1b000)]
  0x0000000124808200 JavaThread "Notification Thread" daemon [_thread_blocked, id=41219, stack(0x000000016fb24000,0x000000016fd27000)]
  0x000000012400f400 JavaThread "Common-Cleaner" daemon [_thread_blocked, id=40451, stack(0x000000016ff3c000,0x000000017013f000)]

Other Threads:
  0x0000000122e36840 VMThread "VM Thread" [stack: 0x000000016e7a0000,0x000000016e9a3000] [id=14595]
  0x0000000122e68620 WatcherThread [stack: 0x000000016fd30000,0x000000016ff33000] [id=40707]
  0x0000000122f100b0 GCTaskThread "GC Thread#0" [stack: 0x000000016dd64000,0x000000016df67000] [id=19971]
  0x0000000122f11030 ConcurrentGCThread "G1 Main Marker" [stack: 0x000000016df70000,0x000000016e173000] [id=19715]
  0x0000000122f11f30 ConcurrentGCThread "G1 Conc#0" [stack: 0x000000016e17c000,0x000000016e37f000] [id=18947]
  0x0000000122f2df00 ConcurrentGCThread "G1 Refine#0" [stack: 0x000000016e388000,0x000000016e58b000] [id=13059]
  0x0000000122e1b490 ConcurrentGCThread "G1 Service" [stack: 0x000000016e594000,0x000000016e797000] [id=17923]

Threads with active compile tasks:
C2 CompilerThread0      517  839   !   4       jdk.internal.loader.URLClassPath$JarLoader::getResource (65 bytes)

VM state: not at safepoint (normal execution)

VM Mutex/Monitor currently owned by a thread: None

Heap address: 0x0000000740000000, size: 2048 MB, Compressed Oops mode: Zero based, Oop shift amount: 3

Compressed class space mapped at: 0x0000000300000000-0x0000000340000000, reserved size: 1073741824
Narrow klass base: 0x0000000000000000, Narrow klass shift: 3, Narrow klass range: 0x340000000

GC Precious Log:
 CPUs: 8 total, 8 available
 Memory: 8192M
 Large Page Support: Disabled
 NUMA Support: Disabled
 Compressed Oops: Enabled (Zero based)
 Heap Region Size: 1M
 Heap Min Capacity: 8M
 Heap Initial Capacity: 128M
 Heap Max Capacity: 2G
 Pre-touch: Disabled
 Parallel Workers: 8
 Concurrent Workers: 2
 Concurrent Refinement Workers: 8
 Periodic GC: Disabled

Heap:
 garbage-first heap   total 131072K, used 26624K [0x0000000740000000, 0x00000007c0000000)
  region size 1024K, 22 young (22528K), 0 survivors (0K)
 Metaspace       used 10820K, committed 11136K, reserved 1064960K
  class space    used 1072K, committed 1216K, reserved 1048576K

Heap Regions: E=young(eden), S=young(survivor), O=old, HS=humongous(starts), HC=humongous(continues), CS=collection set, F=free, OA=open archive, CA=closed archive, TAMS=top-at-mark-start (previous, next)
|   0|0x0000000740000000, 0x0000000740100000, 0x0000000740100000|100%|HS|  |TAMS 0x0000000740000000, 0x0000000740000000| Complete 
|   1|0x0000000740100000, 0x0000000740200000, 0x0000000740200000|100%|HC|  |TAMS 0x0000000740100000, 0x0000000740100000| Complete 
|   2|0x0000000740200000, 0x0000000740300000, 0x0000000740300000|100%|HC|  |TAMS 0x0000000740200000, 0x0000000740200000| Complete 
|   3|0x0000000740300000, 0x0000000740400000, 0x0000000740400000|100%|HS|  |TAMS 0x0000000740300000, 0x0000000740300000| Complete 
|   4|0x0000000740400000, 0x0000000740500000, 0x0000000740500000|100%|HC|  |TAMS 0x0000000740400000, 0x0000000740400000| Complete 
|   5|0x0000000740500000, 0x0000000740600000, 0x0000000740600000|100%|HC|  |TAMS 0x0000000740500000, 0x0000000740500000| Complete 
|   6|0x0000000740600000, 0x0000000740600000, 0x0000000740700000|  0%| F|  |TAMS 0x0000000740600000, 0x0000000740600000| Untracked 
|   7|0x0000000740700000, 0x0000000740700000, 0x0000000740800000|  0%| F|  |TAMS 0x0000000740700000, 0x0000000740700000| Untracked 
|   8|0x0000000740800000, 0x0000000740800000, 0x0000000740900000|  0%| F|  |TAMS 0x0000000740800000, 0x0000000740800000| Untracked 
|   9|0x0000000740900000, 0x0000000740900000, 0x0000000740a00000|  0%| F|  |TAMS 0x0000000740900000, 0x0000000740900000| Untracked 
|  10|0x0000000740a00000, 0x0000000740a00000, 0x0000000740b00000|  0%| F|  |TAMS 0x0000000740a00000, 0x0000000740a00000| Untracked 
|  11|0x0000000740b00000, 0x0000000740b00000, 0x0000000740c00000|  0%| F|  |TAMS 0x0000000740b00000, 0x0000000740b00000| Untracked 
|  12|0x0000000740c00000, 0x0000000740c00000, 0x0000000740d00000|  0%| F|  |TAMS 0x0000000740c00000, 0x0000000740c00000| Untracked 
|  13|0x0000000740d00000, 0x0000000740d00000, 0x0000000740e00000|  0%| F|  |TAMS 0x0000000740d00000, 0x0000000740d00000| Untracked 
|  14|0x0000000740e00000, 0x0000000740e00000, 0x0000000740f00000|  0%| F|  |TAMS 0x0000000740e00000, 0x0000000740e00000| Untracked 
|  15|0x0000000740f00000, 0x0000000740f00000, 0x0000000741000000|  0%| F|  |TAMS 0x0000000740f00000, 0x0000000740f00000| Untracked 
|  16|0x0000000741000000, 0x0000000741000000, 0x0000000741100000|  0%| F|  |TAMS 0x0000000741000000, 0x0000000741000000| Untracked 
|  17|0x0000000741100000, 0x0000000741100000, 0x0000000741200000|  0%| F|  |TAMS 0x0000000741100000, 0x0000000741100000| Untracked 
|  18|0x0000000741200000, 0x0000000741200000, 0x0000000741300000|  0%| F|  |TAMS 0x0000000741200000, 0x0000000741200000| Untracked 
|  19|0x0000000741300000, 0x0000000741300000, 0x0000000741400000|  0%| F|  |TAMS 0x0000000741300000, 0x0000000741300000| Untracked 
|  20|0x0000000741400000, 0x0000000741400000, 0x0000000741500000|  0%| F|  |TAMS 0x0000000741400000, 0x0000000741400000| Untracked 
|  21|0x0000000741500000, 0x0000000741500000, 0x0000000741600000|  0%| F|  |TAMS 0x0000000741500000, 0x0000000741500000| Untracked 
|  22|0x0000000741600000, 0x0000000741600000, 0x0000000741700000|  0%| F|  |TAMS 0x0000000741600000, 0x0000000741600000| Untracked 
|  23|0x0000000741700000, 0x0000000741700000, 0x0000000741800000|  0%| F|  |TAMS 0x0000000741700000, 0x0000000741700000| Untracked 
|  24|0x0000000741800000, 0x0000000741800000, 0x0000000741900000|  0%| F|  |TAMS 0x0000000741800000, 0x0000000741800000| Untracked 
|  25|0x0000000741900000, 0x0000000741900000, 0x0000000741a00000|  0%| F|  |TAMS 0x0000000741900000, 0x0000000741900000| Untracked 
|  26|0x0000000741a00000, 0x0000000741a00000, 0x0000000741b00000|  0%| F|  |TAMS 0x0000000741a00000, 0x0000000741a00000| Untracked 
|  27|0x0000000741b00000, 0x0000000741b00000, 0x0000000741c00000|  0%| F|  |TAMS 0x0000000741b00000, 0x0000000741b00000| Untracked 
|  28|0x0000000741c00000, 0x0000000741c00000, 0x0000000741d00000|  0%| F|  |TAMS 0x0000000741c00000, 0x0000000741c00000| Untracked 
|  29|0x0000000741d00000, 0x0000000741d00000, 0x0000000741e00000|  0%| F|  |TAMS 0x0000000741d00000, 0x0000000741d00000| Untracked 
|  30|0x0000000741e00000, 0x0000000741e00000, 0x0000000741f00000|  0%| F|  |TAMS 0x0000000741e00000, 0x0000000741e00000| Untracked 
|  31|0x0000000741f00000, 0x0000000741f00000, 0x0000000742000000|  0%| F|  |TAMS 0x0000000741f00000, 0x0000000741f00000| Untracked 
|  32|0x0000000742000000, 0x0000000742000000, 0x0000000742100000|  0%| F|  |TAMS 0x0000000742000000, 0x0000000742000000| Untracked 
|  33|0x0000000742100000, 0x0000000742100000, 0x0000000742200000|  0%| F|  |TAMS 0x0000000742100000, 0x0000000742100000| Untracked 
|  34|0x0000000742200000, 0x0000000742200000, 0x0000000742300000|  0%| F|  |TAMS 0x0000000742200000, 0x0000000742200000| Untracked 
|  35|0x0000000742300000, 0x0000000742300000, 0x0000000742400000|  0%| F|  |TAMS 0x0000000742300000, 0x0000000742300000| Untracked 
|  36|0x0000000742400000, 0x0000000742400000, 0x0000000742500000|  0%| F|  |TAMS 0x0000000742400000, 0x0000000742400000| Untracked 
|  37|0x0000000742500000, 0x0000000742500000, 0x0000000742600000|  0%| F|  |TAMS 0x0000000742500000, 0x0000000742500000| Untracked 
|  38|0x0000000742600000, 0x0000000742600000, 0x0000000742700000|  0%| F|  |TAMS 0x0000000742600000, 0x0000000742600000| Untracked 
|  39|0x0000000742700000, 0x0000000742700000, 0x0000000742800000|  0%| F|  |TAMS 0x0000000742700000, 0x0000000742700000| Untracked 
|  40|0x0000000742800000, 0x0000000742800000, 0x0000000742900000|  0%| F|  |TAMS 0x0000000742800000, 0x0000000742800000| Untracked 
|  41|0x0000000742900000, 0x0000000742900000, 0x0000000742a00000|  0%| F|  |TAMS 0x0000000742900000, 0x0000000742900000| Untracked 
|  42|0x0000000742a00000, 0x0000000742a00000, 0x0000000742b00000|  0%| F|  |TAMS 0x0000000742a00000, 0x0000000742a00000| Untracked 
|  43|0x0000000742b00000, 0x0000000742b00000, 0x0000000742c00000|  0%| F|  |TAMS 0x0000000742b00000, 0x0000000742b00000| Untracked 
|  44|0x0000000742c00000, 0x0000000742c00000, 0x0000000742d00000|  0%| F|  |TAMS 0x0000000742c00000, 0x0000000742c00000| Untracked 
|  45|0x0000000742d00000, 0x0000000742d00000, 0x0000000742e00000|  0%| F|  |TAMS 0x0000000742d00000, 0x0000000742d00000| Untracked 
|  46|0x0000000742e00000, 0x0000000742e00000, 0x0000000742f00000|  0%| F|  |TAMS 0x0000000742e00000, 0x0000000742e00000| Untracked 
|  47|0x0000000742f00000, 0x0000000742f00000, 0x0000000743000000|  0%| F|  |TAMS 0x0000000742f00000, 0x0000000742f00000| Untracked 
|  48|0x0000000743000000, 0x0000000743000000, 0x0000000743100000|  0%| F|  |TAMS 0x0000000743000000, 0x0000000743000000| Untracked 
|  49|0x0000000743100000, 0x0000000743100000, 0x0000000743200000|  0%| F|  |TAMS 0x0000000743100000, 0x0000000743100000| Untracked 
|  50|0x0000000743200000, 0x0000000743200000, 0x0000000743300000|  0%| F|  |TAMS 0x0000000743200000, 0x0000000743200000| Untracked 
|  51|0x0000000743300000, 0x0000000743300000, 0x0000000743400000|  0%| F|  |TAMS 0x0000000743300000, 0x0000000743300000| Untracked 
|  52|0x0000000743400000, 0x0000000743400000, 0x0000000743500000|  0%| F|  |TAMS 0x0000000743400000, 0x0000000743400000| Untracked 
|  53|0x0000000743500000, 0x0000000743500000, 0x0000000743600000|  0%| F|  |TAMS 0x0000000743500000, 0x0000000743500000| Untracked 
|  54|0x0000000743600000, 0x0000000743600000, 0x0000000743700000|  0%| F|  |TAMS 0x0000000743600000, 0x0000000743600000| Untracked 
|  55|0x0000000743700000, 0x0000000743700000, 0x0000000743800000|  0%| F|  |TAMS 0x0000000743700000, 0x0000000743700000| Untracked 
|  56|0x0000000743800000, 0x0000000743800000, 0x0000000743900000|  0%| F|  |TAMS 0x0000000743800000, 0x0000000743800000| Untracked 
|  57|0x0000000743900000, 0x0000000743900000, 0x0000000743a00000|  0%| F|  |TAMS 0x0000000743900000, 0x0000000743900000| Untracked 
|  58|0x0000000743a00000, 0x0000000743a00000, 0x0000000743b00000|  0%| F|  |TAMS 0x0000000743a00000, 0x0000000743a00000| Untracked 
|  59|0x0000000743b00000, 0x0000000743b00000, 0x0000000743c00000|  0%| F|  |TAMS 0x0000000743b00000, 0x0000000743b00000| Untracked 
|  60|0x0000000743c00000, 0x0000000743c00000, 0x0000000743d00000|  0%| F|  |TAMS 0x0000000743c00000, 0x0000000743c00000| Untracked 
|  61|0x0000000743d00000, 0x0000000743d00000, 0x0000000743e00000|  0%| F|  |TAMS 0x0000000743d00000, 0x0000000743d00000| Untracked 
|  62|0x0000000743e00000, 0x0000000743e00000, 0x0000000743f00000|  0%| F|  |TAMS 0x0000000743e00000, 0x0000000743e00000| Untracked 
|  63|0x0000000743f00000, 0x0000000743f00000, 0x0000000744000000|  0%| F|  |TAMS 0x0000000743f00000, 0x0000000743f00000| Untracked 
|  64|0x0000000744000000, 0x0000000744000000, 0x0000000744100000|  0%| F|  |TAMS 0x0000000744000000, 0x0000000744000000| Untracked 
|  65|0x0000000744100000, 0x0000000744100000, 0x0000000744200000|  0%| F|  |TAMS 0x0000000744100000, 0x0000000744100000| Untracked 
|  66|0x0000000744200000, 0x0000000744200000, 0x0000000744300000|  0%| F|  |TAMS 0x0000000744200000, 0x0000000744200000| Untracked 
|  67|0x0000000744300000, 0x0000000744300000, 0x0000000744400000|  0%| F|  |TAMS 0x0000000744300000, 0x0000000744300000| Untracked 
|  68|0x0000000744400000, 0x0000000744400000, 0x0000000744500000|  0%| F|  |TAMS 0x0000000744400000, 0x0000000744400000| Untracked 
|  69|0x0000000744500000, 0x0000000744500000, 0x0000000744600000|  0%| F|  |TAMS 0x0000000744500000, 0x0000000744500000| Untracked 
|  70|0x0000000744600000, 0x0000000744600000, 0x0000000744700000|  0%| F|  |TAMS 0x0000000744600000, 0x0000000744600000| Untracked 
|  71|0x0000000744700000, 0x0000000744700000, 0x0000000744800000|  0%| F|  |TAMS 0x0000000744700000, 0x0000000744700000| Untracked 
|  72|0x0000000744800000, 0x0000000744800000, 0x0000000744900000|  0%| F|  |TAMS 0x0000000744800000, 0x0000000744800000| Untracked 
|  73|0x0000000744900000, 0x0000000744900000, 0x0000000744a00000|  0%| F|  |TAMS 0x0000000744900000, 0x0000000744900000| Untracked 
|  74|0x0000000744a00000, 0x0000000744a00000, 0x0000000744b00000|  0%| F|  |TAMS 0x0000000744a00000, 0x0000000744a00000| Untracked 
|  75|0x0000000744b00000, 0x0000000744b00000, 0x0000000744c00000|  0%| F|  |TAMS 0x0000000744b00000, 0x0000000744b00000| Untracked 
|  76|0x0000000744c00000, 0x0000000744c00000, 0x0000000744d00000|  0%| F|  |TAMS 0x0000000744c00000, 0x0000000744c00000| Untracked 
|  77|0x0000000744d00000, 0x0000000744d00000, 0x0000000744e00000|  0%| F|  |TAMS 0x0000000744d00000, 0x0000000744d00000| Untracked 
|  78|0x0000000744e00000, 0x0000000744e00000, 0x0000000744f00000|  0%| F|  |TAMS 0x0000000744e00000, 0x0000000744e00000| Untracked 
|  79|0x0000000744f00000, 0x0000000744f00000, 0x0000000745000000|  0%| F|  |TAMS 0x0000000744f00000, 0x0000000744f00000| Untracked 
|  80|0x0000000745000000, 0x0000000745000000, 0x0000000745100000|  0%| F|  |TAMS 0x0000000745000000, 0x0000000745000000| Untracked 
|  81|0x0000000745100000, 0x0000000745100000, 0x0000000745200000|  0%| F|  |TAMS 0x0000000745100000, 0x0000000745100000| Untracked 
|  82|0x0000000745200000, 0x0000000745200000, 0x0000000745300000|  0%| F|  |TAMS 0x0000000745200000, 0x0000000745200000| Untracked 
|  83|0x0000000745300000, 0x0000000745300000, 0x0000000745400000|  0%| F|  |TAMS 0x0000000745300000, 0x0000000745300000| Untracked 
|  84|0x0000000745400000, 0x0000000745400000, 0x0000000745500000|  0%| F|  |TAMS 0x0000000745400000, 0x0000000745400000| Untracked 
|  85|0x0000000745500000, 0x0000000745500000, 0x0000000745600000|  0%| F|  |TAMS 0x0000000745500000, 0x0000000745500000| Untracked 
|  86|0x0000000745600000, 0x0000000745600000, 0x0000000745700000|  0%| F|  |TAMS 0x0000000745600000, 0x0000000745600000| Untracked 
|  87|0x0000000745700000, 0x0000000745700000, 0x0000000745800000|  0%| F|  |TAMS 0x0000000745700000, 0x0000000745700000| Untracked 
|  88|0x0000000745800000, 0x0000000745800000, 0x0000000745900000|  0%| F|  |TAMS 0x0000000745800000, 0x0000000745800000| Untracked 
|  89|0x0000000745900000, 0x0000000745900000, 0x0000000745a00000|  0%| F|  |TAMS 0x0000000745900000, 0x0000000745900000| Untracked 
|  90|0x0000000745a00000, 0x0000000745a00000, 0x0000000745b00000|  0%| F|  |TAMS 0x0000000745a00000, 0x0000000745a00000| Untracked 
|  91|0x0000000745b00000, 0x0000000745b00000, 0x0000000745c00000|  0%| F|  |TAMS 0x0000000745b00000, 0x0000000745b00000| Untracked 
|  92|0x0000000745c00000, 0x0000000745c00000, 0x0000000745d00000|  0%| F|  |TAMS 0x0000000745c00000, 0x0000000745c00000| Untracked 
|  93|0x0000000745d00000, 0x0000000745d00000, 0x0000000745e00000|  0%| F|  |TAMS 0x0000000745d00000, 0x0000000745d00000| Untracked 
|  94|0x0000000745e00000, 0x0000000745e00000, 0x0000000745f00000|  0%| F|  |TAMS 0x0000000745e00000, 0x0000000745e00000| Untracked 
|  95|0x0000000745f00000, 0x0000000745f00000, 0x0000000746000000|  0%| F|  |TAMS 0x0000000745f00000, 0x0000000745f00000| Untracked 
|  96|0x0000000746000000, 0x0000000746000000, 0x0000000746100000|  0%| F|  |TAMS 0x0000000746000000, 0x0000000746000000| Untracked 
|  97|0x0000000746100000, 0x0000000746100000, 0x0000000746200000|  0%| F|  |TAMS 0x0000000746100000, 0x0000000746100000| Untracked 
|  98|0x0000000746200000, 0x0000000746200000, 0x0000000746300000|  0%| F|  |TAMS 0x0000000746200000, 0x0000000746200000| Untracked 
|  99|0x0000000746300000, 0x0000000746300000, 0x0000000746400000|  0%| F|  |TAMS 0x0000000746300000, 0x0000000746300000| Untracked 
| 100|0x0000000746400000, 0x0000000746400000, 0x0000000746500000|  0%| F|  |TAMS 0x0000000746400000, 0x0000000746400000| Untracked 
| 101|0x0000000746500000, 0x0000000746500000, 0x0000000746600000|  0%| F|  |TAMS 0x0000000746500000, 0x0000000746500000| Untracked 
| 102|0x0000000746600000, 0x0000000746600000, 0x0000000746700000|  0%| F|  |TAMS 0x0000000746600000, 0x0000000746600000| Untracked 
| 103|0x0000000746700000, 0x0000000746700000, 0x0000000746800000|  0%| F|  |TAMS 0x0000000746700000, 0x0000000746700000| Untracked 
| 104|0x0000000746800000, 0x0000000746800000, 0x0000000746900000|  0%| F|  |TAMS 0x0000000746800000, 0x0000000746800000| Untracked 
| 105|0x0000000746900000, 0x0000000746900000, 0x0000000746a00000|  0%| F|  |TAMS 0x0000000746900000, 0x0000000746900000| Untracked 
| 106|0x0000000746a00000, 0x0000000746a76450, 0x0000000746b00000| 46%| E|  |TAMS 0x0000000746a00000, 0x0000000746a00000| Complete 
| 107|0x0000000746b00000, 0x0000000746c00000, 0x0000000746c00000|100%| E|CS|TAMS 0x0000000746b00000, 0x0000000746b00000| Complete 
| 108|0x0000000746c00000, 0x0000000746d00000, 0x0000000746d00000|100%| E|CS|TAMS 0x0000000746c00000, 0x0000000746c00000| Complete 
| 109|0x0000000746d00000, 0x0000000746e00000, 0x0000000746e00000|100%| E|CS|TAMS 0x0000000746d00000, 0x0000000746d00000| Complete 
| 110|0x0000000746e00000, 0x0000000746f00000, 0x0000000746f00000|100%| E|CS|TAMS 0x0000000746e00000, 0x0000000746e00000| Complete 
| 111|0x0000000746f00000, 0x0000000747000000, 0x0000000747000000|100%| E|CS|TAMS 0x0000000746f00000, 0x0000000746f00000| Complete 
| 112|0x0000000747000000, 0x0000000747100000, 0x0000000747100000|100%| E|CS|TAMS 0x0000000747000000, 0x0000000747000000| Complete 
| 113|0x0000000747100000, 0x0000000747200000, 0x0000000747200000|100%| E|CS|TAMS 0x0000000747100000, 0x0000000747100000| Complete 
| 114|0x0000000747200000, 0x0000000747300000, 0x0000000747300000|100%| E|CS|TAMS 0x0000000747200000, 0x0000000747200000| Complete 
| 115|0x0000000747300000, 0x0000000747400000, 0x0000000747400000|100%| E|CS|TAMS 0x0000000747300000, 0x0000000747300000| Complete 
| 116|0x0000000747400000, 0x0000000747500000, 0x0000000747500000|100%| E|  |TAMS 0x0000000747400000, 0x0000000747400000| Complete 
| 117|0x0000000747500000, 0x0000000747600000, 0x0000000747600000|100%| E|CS|TAMS 0x0000000747500000, 0x0000000747500000| Complete 
| 118|0x0000000747600000, 0x0000000747700000, 0x0000000747700000|100%| E|CS|TAMS 0x0000000747600000, 0x0000000747600000| Complete 
| 119|0x0000000747700000, 0x0000000747800000, 0x0000000747800000|100%| E|CS|TAMS 0x0000000747700000, 0x0000000747700000| Complete 
| 120|0x0000000747800000, 0x0000000747900000, 0x0000000747900000|100%| E|CS|TAMS 0x0000000747800000, 0x0000000747800000| Complete 
| 121|0x0000000747900000, 0x0000000747a00000, 0x0000000747a00000|100%| E|CS|TAMS 0x0000000747900000, 0x0000000747900000| Complete 
| 122|0x0000000747a00000, 0x0000000747b00000, 0x0000000747b00000|100%| E|CS|TAMS 0x0000000747a00000, 0x0000000747a00000| Complete 
| 123|0x0000000747b00000, 0x0000000747c00000, 0x0000000747c00000|100%| E|CS|TAMS 0x0000000747b00000, 0x0000000747b00000| Complete 
| 124|0x0000000747c00000, 0x0000000747d00000, 0x0000000747d00000|100%| E|CS|TAMS 0x0000000747c00000, 0x0000000747c00000| Complete 
| 125|0x0000000747d00000, 0x0000000747e00000, 0x0000000747e00000|100%| E|CS|TAMS 0x0000000747d00000, 0x0000000747d00000| Complete 
| 126|0x0000000747e00000, 0x0000000747f00000, 0x0000000747f00000|100%| E|CS|TAMS 0x0000000747e00000, 0x0000000747e00000| Complete 
| 127|0x0000000747f00000, 0x0000000748000000, 0x0000000748000000|100%| E|CS|TAMS 0x0000000747f00000, 0x0000000747f00000| Complete 

Card table byte_map: [0x000000011f76c000,0x000000011fb6c000] _byte_map_base: 0x000000011bd6c000

Marking Bits (Prev, Next): (CMBitMap*) 0x000000012502e210, (CMBitMap*) 0x000000012502e250
 Prev Bits: [0x000000011ff6c000, 0x0000000121f6c000)
 Next Bits: [0x0000000125800000, 0x0000000127800000)

Polling page: 0x00000001023c4000

Metaspace:

Usage:
  Non-class:      9.52 MB used.
      Class:      1.05 MB used.
       Both:     10.57 MB used.

Virtual space:
  Non-class space:       16.00 MB reserved,       9.69 MB ( 61%) committed,  2 nodes.
      Class space:        1.00 GB reserved,       1.19 MB ( <1%) committed,  1 nodes.
              Both:        1.02 GB reserved,      10.88 MB (  1%) committed. 

Chunk freelists:
   Non-Class:  2.23 MB
       Class:  2.66 MB
        Both:  4.90 MB

MaxMetaspaceSize: 17179869184.00 GB
CompressedClassSpaceSize: 1.00 GB
 - commit_granule_bytes: 65536.
 - commit_granule_words: 8192.
 - virtual_space_node_default_size: 1048576.
 - enlarge_chunks_in_place: 1.
 - new_chunks_are_fully_committed: 0.
 - uncommit_free_chunks: 1.
 - use_allocation_guard: 0.
 - handle_deallocations: 1.


Internal statistics:

num_allocs_failed_limit: 0.
num_arena_births: 96.
num_arena_deaths: 0.
num_vsnodes_births: 3.
num_vsnodes_deaths: 0.
num_space_committed: 174.
num_space_uncommitted: 0.
num_chunks_returned_to_freelist: 0.
num_chunks_taken_from_freelist: 194.
num_chunk_merges: 0.
num_chunk_splits: 125.
num_chunks_enlarged: 90.
num_purges: 0.

CodeHeap 'non-profiled nmethods': size=120032Kb used=262Kb max_used=262Kb free=119769Kb
 bounds [0x0000000118234000, 0x00000001184a4000, 0x000000011f76c000]
CodeHeap 'profiled nmethods': size=120016Kb used=1674Kb max_used=1674Kb free=118341Kb
 bounds [0x0000000110d00000, 0x0000000110f70000, 0x0000000118234000]
CodeHeap 'non-nmethods': size=5712Kb used=1079Kb max_used=1118Kb free=4632Kb
 bounds [0x000000011076c000, 0x00000001109dc000, 0x0000000110d00000]
 total_blobs=1221 nmethods=840 adapters=298
 compilation: enabled
              stopped_count=0, restarted_count=0
 full_count=0

Compilation events (20 events):
Event: 0.505 Thread 0x000000012304ac00 nmethod 841 0x0000000110e93c90 code [0x0000000110e94200, 0x0000000110e96108]
Event: 0.505 Thread 0x000000012304ac00  842       3       java.security.SecureClassLoader::getProtectionDomain (38 bytes)
Event: 0.505 Thread 0x000000012304ac00 nmethod 842 0x0000000110e96c10 code [0x0000000110e96e40, 0x0000000110e97558]
Event: 0.505 Thread 0x000000012304ac00  843       3       java.security.SecureClassLoader$CodeSourceKey::<init> (10 bytes)
Event: 0.505 Thread 0x000000012304ac00 nmethod 843 0x0000000110e97790 code [0x0000000110e97940, 0x0000000110e97b28]
Event: 0.505 Thread 0x000000012304ac00  844       3       java.security.SecureClassLoader$1::<init> (15 bytes)
Event: 0.505 Thread 0x000000012304ac00 nmethod 844 0x0000000110e97c10 code [0x0000000110e97dc0, 0x0000000110e98028]
Event: 0.505 Thread 0x000000012304ac00  845       3       java.security.SecureClassLoader$CodeSourceKey::hashCode (21 bytes)
Event: 0.505 Thread 0x000000012304ac00 nmethod 845 0x0000000110e98110 code [0x0000000110e982c0, 0x0000000110e98518]
Event: 0.505 Thread 0x000000012304ac00  846       3       java.lang.ClassLoader::preDefineClass (119 bytes)
Event: 0.506 Thread 0x000000012304ac00 nmethod 846 0x0000000110e98610 code [0x0000000110e98ac0, 0x0000000110e99f88]
Event: 0.506 Thread 0x000000012304ac00  847       3       java.lang.ClassLoader::defineClass (43 bytes)
Event: 0.506 Thread 0x000000012304ac00 nmethod 847 0x0000000110e9a790 code [0x0000000110e9a9c0, 0x0000000110e9af68]
Event: 0.506 Thread 0x000000012304ac00  848       3       java.util.regex.Pattern::sequence (647 bytes)
Event: 0.507 Thread 0x000000012304ac00 nmethod 848 0x0000000110e9b210 code [0x0000000110e9bac0, 0x0000000110e9ef68]
Event: 0.507 Thread 0x000000012304ac00  849       3       jdk.internal.jimage.ImageLocation::decompress (153 bytes)
Event: 0.507 Thread 0x000000012304ac00 nmethod 849 0x0000000110e9ff10 code [0x0000000110ea0280, 0x0000000110ea1248]
Event: 0.507 Thread 0x000000012304ac00  850       3       java.util.Optional::empty (6 bytes)
Event: 0.507 Thread 0x000000012304ac00 nmethod 850 0x0000000110ea1810 code [0x0000000110ea19c0, 0x0000000110ea1aa8]
Event: 0.507 Thread 0x000000012304ac00  852       3       java.nio.MappedByteBuffer::<init> (22 bytes)

GC Heap History (0 events):
No events

Deoptimization events (20 events):
Event: 0.497 Thread 0x0000000123008200 Uncommon trap: trap_request=0xffffffde fr.pc=0x0000000118252a34 relative=0x00000000000003b4
Event: 0.497 Thread 0x0000000123008200 Uncommon trap: reason=class_check action=maybe_recompile pc=0x0000000118252a34 method=java.util.regex.Matcher.match(II)Z @ 121 c2
Event: 0.497 Thread 0x0000000123008200 DEOPT PACKING pc=0x0000000118252a34 sp=0x000000016dd59680
Event: 0.497 Thread 0x0000000123008200 DEOPT UNPACKING pc=0x00000001107a5d9c sp=0x000000016dd59620 mode 2
Event: 0.497 Thread 0x0000000123008200 Uncommon trap: trap_request=0xffffffde fr.pc=0x0000000118252a34 relative=0x00000000000003b4
Event: 0.497 Thread 0x0000000123008200 Uncommon trap: reason=class_check action=maybe_recompile pc=0x0000000118252a34 method=java.util.regex.Matcher.match(II)Z @ 121 c2
Event: 0.497 Thread 0x0000000123008200 DEOPT PACKING pc=0x0000000118252a34 sp=0x000000016dd59680
Event: 0.497 Thread 0x0000000123008200 DEOPT UNPACKING pc=0x00000001107a5d9c sp=0x000000016dd59620 mode 2
Event: 0.497 Thread 0x0000000123008200 Uncommon trap: trap_request=0xffffffde fr.pc=0x0000000118252a34 relative=0x00000000000003b4
Event: 0.497 Thread 0x0000000123008200 Uncommon trap: reason=class_check action=maybe_recompile pc=0x0000000118252a34 method=java.util.regex.Matcher.match(II)Z @ 121 c2
Event: 0.497 Thread 0x0000000123008200 DEOPT PACKING pc=0x0000000118252a34 sp=0x000000016dd594f0
Event: 0.497 Thread 0x0000000123008200 DEOPT UNPACKING pc=0x00000001107a5d9c sp=0x000000016dd59490 mode 2
Event: 0.497 Thread 0x0000000123008200 Uncommon trap: trap_request=0xffffffde fr.pc=0x0000000118252a34 relative=0x00000000000003b4
Event: 0.497 Thread 0x0000000123008200 Uncommon trap: reason=class_check action=maybe_recompile pc=0x0000000118252a34 method=java.util.regex.Matcher.match(II)Z @ 121 c2
Event: 0.497 Thread 0x0000000123008200 DEOPT PACKING pc=0x0000000118252a34 sp=0x000000016dd594f0
Event: 0.497 Thread 0x0000000123008200 DEOPT UNPACKING pc=0x00000001107a5d9c sp=0x000000016dd59490 mode 2
Event: 0.506 Thread 0x0000000123008200 DEOPT PACKING pc=0x0000000110d73a00 sp=0x000000016dd582b0
Event: 0.506 Thread 0x0000000123008200 DEOPT UNPACKING pc=0x00000001107a5bfc sp=0x000000016dd580d0 mode 3
Event: 0.506 Thread 0x0000000123008200 DEOPT PACKING pc=0x0000000110d6d10c sp=0x000000016dd58960
Event: 0.506 Thread 0x0000000123008200 DEOPT UNPACKING pc=0x00000001107a5bfc sp=0x000000016dd58790 mode 3

Classes unloaded (0 events):
No events

Classes redefined (0 events):
No events

Internal exceptions (20 events):
Event: 0.236 Thread 0x0000000123008200 Exception <a 'java/lang/NoSuchMethodError'{0x0000000747eacb30}: 'java.lang.Object java.lang.invoke.DirectMethodHandle$Holder.getReference(java.lang.Object, java.lang.Object)'> (0x0000000747eacb30) 
thrown [src/hotspot/share/interpreter/linkResolver.cpp, line 790]
Event: 0.237 Thread 0x0000000123008200 Exception <a 'java/lang/NoSuchMethodError'{0x0000000747eb0dc0}: 'java.lang.Object java.lang.invoke.LambdaForm$Holder.identity_L(java.lang.Object, java.lang.Object)'> (0x0000000747eb0dc0) 
thrown [src/hotspot/share/interpreter/linkResolver.cpp, line 790]
Event: 0.237 Thread 0x0000000123008200 Exception <a 'java/lang/NoSuchMethodError'{0x0000000747eb3d00}: 'java.lang.Object java.lang.invoke.LambdaForm$Holder.zero_L(java.lang.Object)'> (0x0000000747eb3d00) 
thrown [src/hotspot/share/interpreter/linkResolver.cpp, line 790]
Event: 0.238 Thread 0x0000000123008200 Exception <a 'java/lang/NoSuchMethodError'{0x0000000747eba468}: 'java.lang.Object java.lang.invoke.DirectMethodHandle$Holder.invokeSpecial(java.lang.Object, java.lang.Object)'> (0x0000000747eba468) 
thrown [src/hotspot/share/interpreter/linkResolver.cpp, line 790]
Event: 0.238 Thread 0x0000000123008200 Exception <a 'java/lang/NoSuchMethodError'{0x0000000747ebdd48}: 'java.lang.Object java.lang.invoke.Invokers$Holder.linkToTargetMethod(java.lang.Object)'> (0x0000000747ebdd48) 
thrown [src/hotspot/share/interpreter/linkResolver.cpp, line 790]
Event: 0.239 Thread 0x0000000123008200 Exception <a 'java/lang/NoSuchMethodError'{0x0000000747ec7978}: 'java.lang.Object java.lang.invoke.DirectMethodHandle$Holder.newInvokeSpecial(java.lang.Object, java.lang.Object)'> (0x0000000747ec7978) 
thrown [src/hotspot/share/interpreter/linkResolver.cpp, line 790]
Event: 0.239 Thread 0x0000000123008200 Exception <a 'java/lang/NoSuchMethodError'{0x0000000747ecb8c0}: 'java.lang.Object java.lang.invoke.DirectMethodHandle$Holder.invokeSpecial(java.lang.Object, java.lang.Object, java.lang.Object)'> (0x0000000747ecb8c0) 
thrown [src/hotspot/share/interpreter/linkResolver.cpp, line 790]
Event: 0.239 Thread 0x0000000123008200 Exception <a 'java/lang/NoSuchMethodError'{0x0000000747ecf050}: 'java.lang.Object java.lang.invoke.Invokers$Holder.linkToTargetMethod(java.lang.Object, java.lang.Object)'> (0x0000000747ecf050) 
thrown [src/hotspot/share/interpreter/linkResolver.cpp, line 790]
Event: 0.280 Thread 0x0000000123008200 Exception <a 'java/lang/NoSuchMethodError'{0x0000000747db38c0}: 'java.lang.Object java.lang.invoke.DirectMethodHandle$Holder.invokeStatic(java.lang.Object, java.lang.Object)'> (0x0000000747db38c0) 
thrown [src/hotspot/share/interpreter/linkResolver.cpp, line 790]
Event: 0.287 Thread 0x0000000123008200 Exception <a 'java/lang/NoSuchMethodError'{0x0000000747dd3070}: 'int java.lang.invoke.DirectMethodHandle$Holder.invokeSpecial(java.lang.Object, java.lang.Object)'> (0x0000000747dd3070) 
thrown [src/hotspot/share/interpreter/linkResolver.cpp, line 790]
Event: 0.288 Thread 0x0000000123008200 Exception <a 'java/lang/NoSuchMethodError'{0x0000000747dd9388}: 'java.lang.Object java.lang.invoke.DirectMethodHandle$Holder.newInvokeSpecial(java.lang.Object)'> (0x0000000747dd9388) 
thrown [src/hotspot/share/interpreter/linkResolver.cpp, line 790]
Event: 0.312 Thread 0x0000000123008200 Exception <a 'java/lang/NoSuchMethodError'{0x0000000747b16a50}: 'int java.lang.invoke.DirectMethodHandle$Holder.invokeStatic(java.lang.Object, java.lang.Object)'> (0x0000000747b16a50) 
thrown [src/hotspot/share/interpreter/linkResolver.cpp, line 790]
Event: 0.312 Thread 0x0000000123008200 Exception <a 'java/lang/NoSuchMethodError'{0x0000000747b1a068}: 'int java.lang.invoke.DirectMethodHandle$Holder.invokeStaticInit(java.lang.Object, java.lang.Object)'> (0x0000000747b1a068) 
thrown [src/hotspot/share/interpreter/linkResolver.cpp, line 790]
Event: 0.472 Thread 0x0000000123008200 Exception <a 'java/lang/NoSuchMethodError'{0x0000000746d51b10}: 'java.lang.Object java.lang.invoke.DirectMethodHandle$Holder.invokeStatic(java.lang.Object, java.lang.Object, java.lang.Object, java.lang.Object, java.lang.Object, java.lang.Object)'> (0x0000000746d51b10) 
thrown [src/hotspot/share/interpreter/linkResolver.cpp, line 790]
Event: 0.474 Thread 0x0000000123008200 Exception <a 'java/lang/NoSuchMethodError'{0x0000000746d56220}: 'java.lang.Object java.lang.invoke.DirectMethodHandle$Holder.invokeSpecial(java.lang.Object, java.lang.Object, java.lang.Object, java.lang.Object, java.lang.Object, java.lang.Object, java.lang.Object)'> (0x0000000746d56220) 
thrown [src/hotspot/share/interpreter/linkResolver.cpp, line 790]
Event: 0.474 Thread 0x0000000123008200 Exception <a 'java/lang/NoSuchMethodError'{0x0000000746d5a850}: 'java.lang.Object java.lang.invoke.DelegatingMethodHandle$Holder.delegate(java.lang.Object, java.lang.Object, java.lang.Object, java.lang.Object, java.lang.Object, java.lang.Object)'> (0x0000000746d5a850) 
thrown [src/hotspot/share/interpreter/linkResolver.cpp, line 790]
Event: 0.474 Thread 0x0000000123008200 Exception <a 'java/lang/NoSuchMethodError'{0x0000000746d5ed20}: 'java.lang.Object java.lang.invoke.Invokers$Holder.invokeExact_MT(java.lang.Object, java.lang.Object, java.lang.Object, java.lang.Object, java.lang.Object, java.lang.Object, java.lang.Object)'> (0x0000000746d5ed20) 
thrown [src/hotspot/share/interpreter/linkResolver.cpp, line 790]
Event: 0.475 Thread 0x0000000123008200 Exception <a 'java/lang/NoSuchMethodError'{0x0000000746d75cf8}: 'java.lang.Object java.lang.invoke.DirectMethodHandle$Holder.invokeStatic(java.lang.Object, java.lang.Object, java.lang.Object, java.lang.Object, java.lang.Object)'> (0x0000000746d75cf8) 
thrown [src/hotspot/share/interpreter/linkResolver.cpp, line 790]
Event: 0.498 Thread 0x0000000123008200 Exception <a 'java/lang/NoSuchMethodError'{0x0000000746b8f550}: 'void java.lang.invoke.DirectMethodHandle$Holder.invokeStatic(java.lang.Object, java.lang.Object)'> (0x0000000746b8f550) 
thrown [src/hotspot/share/interpreter/linkResolver.cpp, line 790]
Event: 0.507 Thread 0x0000000123008200 Exception <a 'java/lang/NoClassDefFoundError'{0x0000000746a48d60}: org/slf4j/impl/StaticMarkerBinder> (0x0000000746a48d60) 
thrown [src/hotspot/share/classfile/systemDictionary.cpp, line 245]

Events (20 events):
Event: 0.502 loading class sun/reflect/generics/reflectiveObjects/LazyReflectiveObjectGenerator done
Event: 0.502 loading class sun/reflect/generics/reflectiveObjects/TypeVariableImpl done
Event: 0.503 loading class java/lang/reflect/WildcardType
Event: 0.503 loading class java/lang/reflect/WildcardType done
Event: 0.504 loading class java/util/MissingResourceException
Event: 0.504 loading class java/util/MissingResourceException done
Event: 0.504 loading class java/util/logging/ErrorManager
Event: 0.504 loading class java/util/logging/ErrorManager done
Event: 0.505 loading class java/io/StringWriter
Event: 0.505 loading class java/io/StringWriter done
Event: 0.505 loading class java/text/ParseException
Event: 0.505 loading class java/text/ParseException done
Event: 0.506 loading class java/util/regex/Pattern$Curly
Event: 0.506 loading class java/util/regex/Pattern$Curly done
Event: 0.506 loading class java/util/regex/Pattern$Loop
Event: 0.506 loading class java/util/regex/Pattern$Loop done
Event: 0.506 loading class java/util/regex/Pattern$Prolog
Event: 0.506 loading class java/util/regex/Pattern$Prolog done
Event: 0.506 loading class java/net/URLClassLoader$2
Event: 0.506 loading class java/net/URLClassLoader$2 done


Dynamic libraries:
0x000000018be64000 	/usr/lib/libz.1.dylib
0x0000000102348000 	/Library/Java/JavaVirtualMachines/zulu-16.jdk/Contents/Home/lib/libjli.dylib
0x000000019638d000 	/System/Library/Frameworks/Cocoa.framework/Versions/A/Cocoa
0x00000001842a6000 	/System/Library/Frameworks/Security.framework/Versions/A/Security
0x00000001946f9000 	/System/Library/Frameworks/ApplicationServices.framework/Versions/A/ApplicationServices
0x000000018bf0a000 	/usr/lib/libSystem.B.dylib
0x000000018bf04000 	/usr/lib/system/libcache.dylib
0x000000018bec3000 	/usr/lib/system/libcommonCrypto.dylib
0x000000018beed000 	/usr/lib/system/libcompiler_rt.dylib
0x000000018bee4000 	/usr/lib/system/libcopyfile.dylib
0x000000018221c000 	/usr/lib/system/libcorecrypto.dylib
0x00000001822bc000 	/usr/lib/system/libdispatch.dylib
0x0000000182475000 	/usr/lib/system/libdyld.dylib
0x000000018befa000 	/usr/lib/system/libkeymgr.dylib
0x000000018f329000 	/usr/lib/system/liblaunch.dylib
0x000000018bea5000 	/usr/lib/system/libmacho.dylib
0x000000018b717000 	/usr/lib/system/libquarantine.dylib
0x000000018bef7000 	/usr/lib/system/libremovefile.dylib
0x0000000186d06000 	/usr/lib/system/libsystem_asl.dylib
0x00000001821ca000 	/usr/lib/system/libsystem_blocks.dylib
0x000000018233e000 	/usr/lib/system/libsystem_c.dylib
0x000000018bef1000 	/usr/lib/system/libsystem_collections.dylib
0x000000018ad51000 	/usr/lib/system/libsystem_configuration.dylib
0x000000018a0d3000 	/usr/lib/system/libsystem_containermanager.dylib
0x000000018bc7a000 	/usr/lib/system/libsystem_coreservices.dylib
0x000000018487f000 	/usr/lib/system/libsystem_darwin.dylib
0x000000018befb000 	/usr/lib/system/libsystem_dnssd.dylib
0x000000018233b000 	/usr/lib/system/libsystem_featureflags.dylib
0x00000001824be000 	/usr/lib/system/libsystem_info.dylib
0x000000018be76000 	/usr/lib/system/libsystem_m.dylib
0x0000000182290000 	/usr/lib/system/libsystem_malloc.dylib
0x0000000186ca1000 	/usr/lib/system/libsystem_networkextension.dylib
0x0000000184cc2000 	/usr/lib/system/libsystem_notify.dylib
0x00000001917dd000 	/usr/lib/system/libsystem_product_info_filter.dylib
0x000000018ad56000 	/usr/lib/system/libsystem_sandbox.dylib
0x000000018bef4000 	/usr/lib/system/libsystem_secinit.dylib
0x0000000182434000 	/usr/lib/system/libsystem_kernel.dylib
0x00000001824b7000 	/usr/lib/system/libsystem_platform.dylib
0x0000000182468000 	/usr/lib/system/libsystem_pthread.dylib
0x0000000188277000 	/usr/lib/system/libsystem_symptoms.dylib
0x0000000182204000 	/usr/lib/system/libsystem_trace.dylib
0x000000018bed1000 	/usr/lib/system/libunwind.dylib
0x00000001821cc000 	/usr/lib/system/libxpc.dylib
0x000000018241c000 	/usr/lib/libc++abi.dylib
0x0000000182301000 	/usr/lib/libobjc.A.dylib
0x000000018bedc000 	/usr/lib/liboah.dylib
0x00000001823c0000 	/usr/lib/libc++.1.dylib
0x00000001824ea000 	/System/Library/Frameworks/CoreFoundation.framework/Versions/A/CoreFoundation
0x00000001832b2000 	/System/Library/Frameworks/Foundation.framework/Versions/C/Foundation
0x0000000184d1c000 	/System/Library/Frameworks/AppKit.framework/Versions/C/AppKit
0x0000000187b40000 	/System/Library/Frameworks/CoreData.framework/Versions/A/CoreData
0x0000000185a5e000 	/System/Library/PrivateFrameworks/UIFoundation.framework/Versions/A/UIFoundation
0x000000019156f000 	/System/Library/PrivateFrameworks/RemoteViewServices.framework/Versions/A/RemoteViewServices
0x000000018a784000 	/System/Library/PrivateFrameworks/XCTTargetBootstrap.framework/Versions/A/XCTTargetBootstrap
0x000000018d0c5000 	/usr/lib/libspindump.dylib
0x0000000185c85000 	/System/Library/Frameworks/UniformTypeIdentifiers.framework/Versions/A/UniformTypeIdentifiers
0x0000000188d6c000 	/usr/lib/libapp_launch_measurement.dylib
0x0000000188d6f000 	/System/Library/PrivateFrameworks/CoreAutoLayout.framework/Versions/A/CoreAutoLayout
0x000000018a101000 	/System/Library/Frameworks/Metal.framework/Versions/A/Metal
0x000000018ad61000 	/usr/lib/liblangid.dylib
0x000000018a788000 	/System/Library/PrivateFrameworks/CoreSVG.framework/Versions/A/CoreSVG
0x0000000186d38000 	/System/Library/PrivateFrameworks/SkyLight.framework/Versions/A/SkyLight
0x00000001870a7000 	/System/Library/Frameworks/CoreGraphics.framework/Versions/A/CoreGraphics
0x0000000191a8f000 	/System/Library/Frameworks/Accelerate.framework/Versions/A/Accelerate
0x000000018cb1f000 	/System/Library/PrivateFrameworks/IconServices.framework/Versions/A/IconServices
0x000000018a0e5000 	/System/Library/Frameworks/IOSurface.framework/Versions/A/IOSurface
0x000000018840f000 	/usr/lib/libDiagnosticMessagesClient.dylib
0x000000018a76c000 	/System/Library/PrivateFrameworks/DFRFoundation.framework/Versions/A/DFRFoundation
0x000000018460d000 	/usr/lib/libicucore.A.dylib
0x000000018e613000 	/System/Library/Frameworks/AudioToolbox.framework/Versions/A/AudioToolbox
0x000000018d826000 	/System/Library/PrivateFrameworks/DataDetectorsCore.framework/Versions/A/DataDetectorsCore
0x0000000186cb3000 	/usr/lib/libMobileGestalt.dylib
0x000000018a461000 	/System/Library/Frameworks/Carbon.framework/Versions/A/Frameworks/HIToolbox.framework/Versions/A/HIToolbox
0x000000018880a000 	/System/Library/Frameworks/QuartzCore.framework/Versions/A/QuartzCore
0x00000001915a7000 	/System/Library/Frameworks/Carbon.framework/Versions/A/Frameworks/SpeechRecognition.framework/Versions/A/SpeechRecognition
0x0000000188b0a000 	/System/Library/PrivateFrameworks/CoreUI.framework/Versions/A/CoreUI
0x0000000183c8b000 	/System/Library/Frameworks/CoreAudio.framework/Versions/A/CoreAudio
0x00000001884f8000 	/System/Library/Frameworks/DiskArbitration.framework/Versions/A/DiskArbitration
0x000000018d478000 	/System/Library/PrivateFrameworks/MultitouchSupport.framework/Versions/A/MultitouchSupport
0x000000018d81d000 	/System/Library/PrivateFrameworks/InternationalSupport.framework/Versions/A/InternationalSupport
0x0000000186cb1000 	/usr/lib/libenergytrace.dylib
0x0000000184bf6000 	/System/Library/Frameworks/IOKit.framework/Versions/A/IOKit
0x00000001918d2000 	/System/Library/Frameworks/CoreServices.framework/Versions/A/CoreServices
0x0000000188d02000 	/System/Library/PrivateFrameworks/PerformanceAnalysis.framework/Versions/A/PerformanceAnalysis
0x00000001c4531000 	/System/Library/Frameworks/OpenGL.framework/Versions/A/OpenGL
0x000000018d89b000 	/System/Library/PrivateFrameworks/UserActivity.framework/Versions/A/UserActivity
0x0000000187695000 	/System/Library/Frameworks/ColorSync.framework/Versions/A/ColorSync
0x000000018a9d3000 	/System/Library/Frameworks/CoreImage.framework/Versions/A/CoreImage
0x0000000183abb000 	/System/Library/Frameworks/CoreText.framework/Versions/A/CoreText
0x000000018a7b3000 	/System/Library/Frameworks/ImageIO.framework/Versions/A/ImageIO
0x000000018bf10000 	/System/Library/PrivateFrameworks/SoftLinking.framework/Versions/A/SoftLinking
0x0000000188db2000 	/usr/lib/libxml2.2.dylib
0x000000018c190000 	/usr/lib/libcompression.dylib
0x000000018d769000 	/System/Library/PrivateFrameworks/TextureIO.framework/Versions/A/TextureIO
0x000000018c87b000 	/usr/lib/libate.dylib
0x000000018c6c4000 	/usr/lib/liblzma.5.dylib
0x0000000182fc7000 	/System/Library/Frameworks/SystemConfiguration.framework/Versions/A/SystemConfiguration
0x000000018bf0c000 	/usr/lib/libfakelink.dylib
0x0000000186818000 	/System/Library/Frameworks/CFNetwork.framework/Versions/A/CFNetwork
0x000000018c056000 	/usr/lib/libarchive.2.dylib
0x000000018304f000 	/usr/lib/libCRFSuite.dylib
0x000000018b741000 	/usr/lib/libbsm.0.dylib
0x00000001860cf000 	/usr/lib/libnetwork.dylib
0x000000018bf11000 	/usr/lib/libpcap.A.dylib
0x000000018826f000 	/usr/lib/libdns_services.dylib
0x000000018c6dd000 	/usr/lib/libcoretls_cfhelpers.dylib
0x000000018c15f000 	/usr/lib/libapple_nghttp2.dylib
0x000000018beab000 	/usr/lib/system/libkxld.dylib
0x0000000187f00000 	/usr/lib/libsqlite3.dylib
0x000000018bc5d000 	/System/Library/PrivateFrameworks/AppleFSCompression.framework/Versions/A/AppleFSCompression
0x000000018b72a000 	/usr/lib/libcoretls.dylib
0x000000018c18b000 	/usr/lib/libpam.2.dylib
0x000000018c7c4000 	/usr/lib/libxar.1.dylib
0x000000018ad5d000 	/System/Library/PrivateFrameworks/AppleSystemInfo.framework/Versions/A/AppleSystemInfo
0x000000018b37a000 	/System/Library/PrivateFrameworks/IOMobileFramebuffer.framework/Versions/A/IOMobileFramebuffer
0x000000018bc6d000 	/usr/lib/libbz2.1.0.dylib
0x000000018bf4d000 	/usr/lib/libiconv.2.dylib
0x000000018bea4000 	/usr/lib/libcharset.1.dylib
0x0000000188d3b000 	/System/Library/Frameworks/CoreServices.framework/Versions/A/Frameworks/FSEvents.framework/Versions/A/FSEvents
0x000000018488a000 	/System/Library/Frameworks/CoreServices.framework/Versions/A/Frameworks/CarbonCore.framework/Versions/A/CarbonCore
0x000000018845e000 	/System/Library/Frameworks/CoreServices.framework/Versions/A/Frameworks/Metadata.framework/Versions/A/Metadata
0x000000018bc7f000 	/System/Library/Frameworks/CoreServices.framework/Versions/A/Frameworks/OSServices.framework/Versions/A/OSServices
0x000000018c0c7000 	/System/Library/Frameworks/CoreServices.framework/Versions/A/Frameworks/SearchKit.framework/Versions/A/SearchKit
0x00000001881fb000 	/System/Library/Frameworks/CoreServices.framework/Versions/A/Frameworks/AE.framework/Versions/A/AE
0x0000000182999000 	/System/Library/Frameworks/CoreServices.framework/Versions/A/Frameworks/LaunchServices.framework/Versions/A/LaunchServices
0x000000018c671000 	/System/Library/Frameworks/CoreServices.framework/Versions/A/Frameworks/DictionaryServices.framework/Versions/A/DictionaryServices
0x0000000188d48000 	/System/Library/Frameworks/CoreServices.framework/Versions/A/Frameworks/SharedFileList.framework/Versions/A/SharedFileList
0x000000018b71a000 	/usr/lib/libCheckFix.dylib
0x0000000186d1e000 	/System/Library/PrivateFrameworks/TCC.framework/Versions/A/TCC
0x000000018ad63000 	/System/Library/PrivateFrameworks/CoreNLP.framework/Versions/A/CoreNLP
0x0000000188412000 	/System/Library/PrivateFrameworks/MetadataUtilities.framework/Versions/A/MetadataUtilities
0x0000000183083000 	/usr/lib/libmecabra.dylib
0x000000018ba00000 	/System/Library/Frameworks/MLCompute.framework/Versions/A/MLCompute
0x000000018b752000 	/usr/lib/libmecab.dylib
0x000000018b798000 	/usr/lib/libgermantok.dylib
0x000000018c138000 	/usr/lib/libThaiTokenizer.dylib
0x000000018c800000 	/usr/lib/libChineseTokenizer.dylib
0x000000018c189000 	/System/Library/Frameworks/MetalPerformanceShaders.framework/Versions/A/MetalPerformanceShaders
0x00000001884ff000 	/System/Library/Frameworks/Accelerate.framework/Versions/A/Frameworks/vImage.framework/Versions/A/vImage
0x00000001918b0000 	/System/Library/Frameworks/Accelerate.framework/Versions/A/Frameworks/vecLib.framework/Versions/A/vecLib
0x000000018c80b000 	/System/Library/Frameworks/Accelerate.framework/Versions/A/Frameworks/vecLib.framework/Versions/A/libvMisc.dylib
0x000000018b2b8000 	/System/Library/Frameworks/Accelerate.framework/Versions/A/Frameworks/vecLib.framework/Versions/A/libvDSP.dylib
0x0000000182cad000 	/System/Library/Frameworks/Accelerate.framework/Versions/A/Frameworks/vecLib.framework/Versions/A/libBLAS.dylib
0x000000018c1b4000 	/System/Library/Frameworks/Accelerate.framework/Versions/A/Frameworks/vecLib.framework/Versions/A/libLAPACK.dylib
0x000000018b79d000 	/System/Library/Frameworks/Accelerate.framework/Versions/A/Frameworks/vecLib.framework/Versions/A/libLinearAlgebra.dylib
0x000000018c176000 	/System/Library/Frameworks/Accelerate.framework/Versions/A/Frameworks/vecLib.framework/Versions/A/libSparseBLAS.dylib
0x000000018c1af000 	/System/Library/Frameworks/Accelerate.framework/Versions/A/Frameworks/vecLib.framework/Versions/A/libQuadrature.dylib
0x000000018adf9000 	/System/Library/Frameworks/Accelerate.framework/Versions/A/Frameworks/vecLib.framework/Versions/A/libBNNS.dylib
0x0000000182f63000 	/System/Library/Frameworks/Accelerate.framework/Versions/A/Frameworks/vecLib.framework/Versions/A/libSparse.dylib
0x000000018acec000 	/System/Library/Frameworks/MetalPerformanceShaders.framework/Versions/A/Frameworks/MPSCore.framework/Versions/A/MPSCore
0x000000018bbd5000 	/System/Library/Frameworks/MetalPerformanceShaders.framework/Versions/A/Frameworks/MPSImage.framework/Versions/A/MPSImage
0x000000018b7b2000 	/System/Library/Frameworks/MetalPerformanceShaders.framework/Versions/A/Frameworks/MPSNeuralNetwork.framework/Versions/A/MPSNeuralNetwork
0x000000018bb53000 	/System/Library/Frameworks/MetalPerformanceShaders.framework/Versions/A/Frameworks/MPSMatrix.framework/Versions/A/MPSMatrix
0x000000018b9b6000 	/System/Library/Frameworks/MetalPerformanceShaders.framework/Versions/A/Frameworks/MPSRayIntersector.framework/Versions/A/MPSRayIntersector
0x000000018bb82000 	/System/Library/Frameworks/MetalPerformanceShaders.framework/Versions/A/Frameworks/MPSNDArray.framework/Versions/A/MPSNDArray
0x0000000182bd2000 	/System/Library/PrivateFrameworks/MetalTools.framework/Versions/A/MetalTools
0x000000018ad5b000 	/System/Library/PrivateFrameworks/AggregateDictionary.framework/Versions/A/AggregateDictionary
0x00000001883dc000 	/System/Library/PrivateFrameworks/CoreAnalytics.framework/Versions/A/CoreAnalytics
0x000000018c13a000 	/System/Library/PrivateFrameworks/AppleSauce.framework/Versions/A/AppleSauce
0x000000018a0f7000 	/System/Library/PrivateFrameworks/IOAccelerator.framework/Versions/A/IOAccelerator
0x00000001c4524000 	/System/Library/Frameworks/OpenGL.framework/Versions/A/Libraries/libCoreFSCache.dylib
0x000000018363f000 	/System/Library/PrivateFrameworks/LanguageModeling.framework/Versions/A/LanguageModeling
0x000000018b367000 	/System/Library/PrivateFrameworks/CoreEmoji.framework/Versions/A/CoreEmoji
0x000000018adf1000 	/System/Library/PrivateFrameworks/LinguisticData.framework/Versions/A/LinguisticData
0x0000000182f18000 	/System/Library/PrivateFrameworks/Lexicon.framework/Versions/A/Lexicon
0x000000018c043000 	/usr/lib/libcmph.dylib
0x0000000188d1b000 	/System/Library/Frameworks/OpenDirectory.framework/Versions/A/Frameworks/CFOpenDirectory.framework/Versions/A/CFOpenDirectory
0x0000000188d0d000 	/System/Library/Frameworks/OpenDirectory.framework/Versions/A/OpenDirectory
0x000000018c6df000 	/System/Library/PrivateFrameworks/APFS.framework/Versions/A/APFS
0x000000018b683000 	/System/Library/Frameworks/SecurityFoundation.framework/Versions/A/SecurityFoundation
0x000000018c7d2000 	/usr/lib/libutil.dylib
0x0000000184bba000 	/System/Library/PrivateFrameworks/CoreServicesStore.framework/Versions/A/CoreServicesStore
0x000000018b711000 	/System/Library/Frameworks/ServiceManagement.framework/Versions/A/ServiceManagement
0x000000018c7d6000 	/usr/lib/libxslt.1.dylib
0x000000018b707000 	/System/Library/PrivateFrameworks/BackgroundTaskManagement.framework/Versions/A/BackgroundTaskManagement
0x000000018d6b8000 	/System/Library/Frameworks/ImageIO.framework/Versions/A/Resources/libRadiance.dylib
0x000000018d6c1000 	/System/Library/Frameworks/ImageIO.framework/Versions/A/Resources/libJPEG.dylib
0x000000018d615000 	/System/Library/Frameworks/ImageIO.framework/Versions/A/Resources/libPng.dylib
0x000000018d637000 	/System/Library/Frameworks/ImageIO.framework/Versions/A/Resources/libTIFF.dylib
0x000000018d712000 	/System/Library/Frameworks/ImageIO.framework/Versions/A/Resources/libGIF.dylib
0x000000018d392000 	/System/Library/Frameworks/ImageIO.framework/Versions/A/Resources/libJP2.dylib
0x000000018cae8000 	/usr/lib/libexpat.1.dylib
0x000000018d34e000 	/System/Library/PrivateFrameworks/AppleJPEG.framework/Versions/A/AppleJPEG
0x000000018a308000 	/System/Library/PrivateFrameworks/FontServices.framework/libFontParser.dylib
0x00000001881ad000 	/System/Library/PrivateFrameworks/RunningBoardServices.framework/Versions/A/RunningBoardServices
0x00000001968c4000 	/System/Library/PrivateFrameworks/IOSurfaceAccelerator.framework/Versions/A/IOSurfaceAccelerator
0x000000018d474000 	/System/Library/PrivateFrameworks/WatchdogClient.framework/Versions/A/WatchdogClient
0x000000018372f000 	/System/Library/Frameworks/CoreDisplay.framework/Versions/A/CoreDisplay
0x000000018a210000 	/System/Library/Frameworks/CoreMedia.framework/Versions/A/CoreMedia
0x0000000188e9f000 	/System/Library/Frameworks/CoreVideo.framework/Versions/A/CoreVideo
0x000000018d4b1000 	/System/Library/Frameworks/VideoToolbox.framework/Versions/A/VideoToolbox
0x000000018812a000 	/System/Library/PrivateFrameworks/BaseBoard.framework/Versions/A/BaseBoard
0x000000018cc26000 	/System/Library/PrivateFrameworks/PersistentConnection.framework/Versions/A/PersistentConnection
0x0000000187ee9000 	/System/Library/PrivateFrameworks/ProtocolBuffer.framework/Versions/A/ProtocolBuffer
0x0000000188113000 	/System/Library/PrivateFrameworks/CommonUtilities.framework/Versions/A/CommonUtilities
0x000000018d313000 	/System/Library/PrivateFrameworks/Bom.framework/Versions/A/Bom
0x000000018d6b3000 	/System/Library/PrivateFrameworks/GPUWrangler.framework/Versions/A/GPUWrangler
0x000000018d694000 	/System/Library/PrivateFrameworks/IOPresentment.framework/Versions/A/IOPresentment
0x000000018d6bb000 	/System/Library/PrivateFrameworks/DSExternalDisplay.framework/Versions/A/DSExternalDisplay
0x000000018d717000 	/System/Library/PrivateFrameworks/CMCaptureCore.framework/Versions/A/CMCaptureCore
0x000000018d0ae000 	/System/Library/PrivateFrameworks/AppServerSupport.framework/Versions/A/AppServerSupport
0x000000018f0e3000 	/System/Library/PrivateFrameworks/perfdata.framework/Versions/A/perfdata
0x000000018b673000 	/System/Library/PrivateFrameworks/AssertionServices.framework/Versions/A/AssertionServices
0x0000000183852000 	/System/Library/PrivateFrameworks/AudioToolboxCore.framework/Versions/A/AudioToolboxCore
0x000000018a1f0000 	/System/Library/PrivateFrameworks/caulk.framework/Versions/A/caulk
0x000000019df11000 	/System/Library/PrivateFrameworks/SystemPolicy.framework/Versions/A/SystemPolicy
0x000000018c90d000 	/usr/lib/libIOReport.dylib
0x000000018e97f000 	/usr/lib/libSMC.dylib
0x000000018d5e2000 	/usr/lib/libAudioToolboxUtility.dylib
0x000000019e89e000 	/usr/lib/libmis.dylib
0x00000001c4586000 	/System/Library/Frameworks/OpenGL.framework/Versions/A/Libraries/libGLU.dylib
0x00000001c4544000 	/System/Library/Frameworks/OpenGL.framework/Versions/A/Libraries/libGFXShared.dylib
0x00000001c472c000 	/System/Library/Frameworks/OpenGL.framework/Versions/A/Libraries/libGL.dylib
0x00000001c454d000 	/System/Library/Frameworks/OpenGL.framework/Versions/A/Libraries/libGLImage.dylib
0x00000001c4541000 	/System/Library/Frameworks/OpenGL.framework/Versions/A/Libraries/libCVMSPluginSupport.dylib
0x00000001c452b000 	/System/Library/Frameworks/OpenGL.framework/Versions/A/Libraries/libCoreVMClient.dylib
0x00000001953fe000 	/System/Library/PrivateFrameworks/ASEProcessing.framework/Versions/A/ASEProcessing
0x000000018cc4d000 	/System/Library/PrivateFrameworks/GraphVisualizer.framework/Versions/A/GraphVisualizer
0x000000018cc5b000 	/System/Library/PrivateFrameworks/FaceCore.framework/Versions/A/FaceCore
0x000000018d06e000 	/System/Library/PrivateFrameworks/OTSVG.framework/Versions/A/OTSVG
0x0000000188ac8000 	/System/Library/Frameworks/ApplicationServices.framework/Versions/A/Frameworks/ATS.framework/Versions/A/Resources/libFontRegistry.dylib
0x000000018d0b6000 	/System/Library/PrivateFrameworks/FontServices.framework/libhvf.dylib
0x00000001c48c7000 	/System/Library/Frameworks/OpenCL.framework/Versions/A/OpenCL
0x000000018ca9c000 	/System/Library/PrivateFrameworks/AppleVA.framework/Versions/A/AppleVA
0x000000018e7cb000 	/System/Library/Frameworks/ApplicationServices.framework/Versions/A/Frameworks/ATS.framework/Versions/A/ATS
0x000000018eade000 	/System/Library/Frameworks/ApplicationServices.framework/Versions/A/Frameworks/ColorSyncLegacy.framework/Versions/A/ColorSyncLegacy
0x000000018778b000 	/System/Library/Frameworks/ApplicationServices.framework/Versions/A/Frameworks/HIServices.framework/Versions/A/HIServices
0x000000018eabd000 	/System/Library/Frameworks/ApplicationServices.framework/Versions/A/Frameworks/LangAnalysis.framework/Versions/A/LangAnalysis
0x000000018d721000 	/System/Library/Frameworks/ApplicationServices.framework/Versions/A/Frameworks/PrintCore.framework/Versions/A/PrintCore
0x000000018eae6000 	/System/Library/Frameworks/ApplicationServices.framework/Versions/A/Frameworks/QD.framework/Versions/A/QD
0x000000018e7b7000 	/System/Library/Frameworks/ApplicationServices.framework/Versions/A/Frameworks/SpeechSynthesis.framework/Versions/A/SpeechSynthesis
0x000000018d6e2000 	/System/Library/Frameworks/ApplicationServices.framework/Versions/A/Frameworks/ATSUI.framework/Versions/A/ATSUI
0x000000018ea5f000 	/usr/lib/libcups.2.dylib
0x000000018ead1000 	/System/Library/PrivateFrameworks/NetAuth.framework/Versions/A/NetAuth
0x000000018f0fd000 	/System/Library/Frameworks/Kerberos.framework/Versions/A/Kerberos
0x000000018f10e000 	/System/Library/Frameworks/GSS.framework/Versions/A/GSS
0x000000018e83a000 	/usr/lib/libresolv.9.dylib
0x000000018d0cc000 	/System/Library/PrivateFrameworks/Heimdal.framework/Versions/A/Heimdal
0x00000001949e9000 	/System/Library/Frameworks/Kerberos.framework/Versions/A/Libraries/libHeimdalProxy.dylib
0x000000018827f000 	/System/Library/Frameworks/Network.framework/Versions/A/Network
0x000000018cb03000 	/usr/lib/libheimdal-asn1.dylib
0x000000018f156000 	/System/Library/PrivateFrameworks/CommonAuth.framework/Versions/A/CommonAuth
0x0000000188ef3000 	/System/Library/PrivateFrameworks/login.framework/Versions/A/Frameworks/loginsupport.framework/Versions/A/loginsupport
0x000000018e73c000 	/System/Library/PrivateFrameworks/AudioSession.framework/Versions/A/AudioSession
0x000000018e7a4000 	/usr/lib/libAudioStatistics.dylib
0x000000018cb83000 	/System/Library/PrivateFrameworks/MediaExperience.framework/Versions/A/MediaExperience
0x000000018e5dd000 	/System/Library/PrivateFrameworks/AudioSession.framework/libSessionUtility.dylib
0x000000018f0ef000 	/usr/lib/libperfcheck.dylib
0x000000018eaf2000 	/System/Library/PrivateFrameworks/AudioResourceArbitration.framework/Versions/A/AudioResourceArbitration
0x000000018cb0c000 	/System/Library/PrivateFrameworks/IconFoundation.framework/Versions/A/IconFoundation
0x0000000191597000 	/System/Library/PrivateFrameworks/SpeechRecognitionCore.framework/Versions/A/SpeechRecognitionCore
0x0000000107000000 	/Library/Java/JavaVirtualMachines/zulu-16.jdk/Contents/Home/lib/server/libjvm.dylib
0x00000001023b0000 	/Library/Java/JavaVirtualMachines/zulu-16.jdk/Contents/Home/lib/libjimage.dylib
0x0000000102414000 	/Library/Java/JavaVirtualMachines/zulu-16.jdk/Contents/Home/lib/libjava.dylib
0x00000001026a8000 	/Library/Java/JavaVirtualMachines/zulu-16.jdk/Contents/Home/lib/libnio.dylib
0x00000001026c8000 	/Library/Java/JavaVirtualMachines/zulu-16.jdk/Contents/Home/lib/libnet.dylib
0x0000000102c04000 	/Library/Java/JavaVirtualMachines/zulu-16.jdk/Contents/Home/lib/libzip.dylib
0x0000000102c1c000 	/Library/Java/JavaVirtualMachines/zulu-16.jdk/Contents/Home/lib/libverify.dylib


VM Arguments:
jvm_args: -Dorg.gradle.appname=gradlew 
java_command: org.gradle.wrapper.GradleWrapperMain -q -Ptarget-platform=android-arm64 -Ptarget=/Users/jawadashraf/Documents/FlutterProjects/property051apprepo/lib/main.dart -Pdart-defines=Zmx1dHRlci5pbnNwZWN0b3Iuc3RydWN0dXJlZEVycm9ycz10cnVl,RkxVVFRFUl9XRUJfQVVUT19ERVRFQ1Q9dHJ1ZQ== -Pdart-obfuscation=false -Ptrack-widget-creation=true -Ptree-shake-icons=false -Pfilesystem-scheme=org-dartlang-root assembleDebug
java_class_path (initial): /Users/jawadashraf/Documents/FlutterProjects/property051apprepo/android/gradle/wrapper/gradle-wrapper.jar
Launcher Type: SUN_STANDARD

[Global flags]
     intx CICompilerCount                          = 4                                         {product} {ergonomic}
     uint ConcGCThreads                            = 2                                         {product} {ergonomic}
     uint G1ConcRefinementThreads                  = 8                                         {product} {ergonomic}
   size_t G1HeapRegionSize                         = 1048576                                   {product} {ergonomic}
    uintx GCDrainStackTargetSize                   = 64                                        {product} {ergonomic}
   size_t InitialHeapSize                          = 134217728                                 {product} {ergonomic}
   size_t MarkStackSize                            = 4194304                                   {product} {ergonomic}
   size_t MaxHeapSize                              = 2147483648                                {product} {ergonomic}
   size_t MaxNewSize                               = 1287651328                                {product} {ergonomic}
   size_t MinHeapDeltaBytes                        = 1048576                                   {product} {ergonomic}
   size_t MinHeapSize                              = 8388608                                   {product} {ergonomic}
    uintx NonNMethodCodeHeapSize                   = 5839564                                {pd product} {ergonomic}
    uintx NonProfiledCodeHeapSize                  = 122909338                              {pd product} {ergonomic}
    uintx ProfiledCodeHeapSize                     = 122909338                              {pd product} {ergonomic}
    uintx ReservedCodeCacheSize                    = 251658240                              {pd product} {ergonomic}
     bool SegmentedCodeCache                       = true                                      {product} {ergonomic}
   size_t SoftMaxHeapSize                          = 2147483648                             {manageable} {ergonomic}
     bool UseCompressedClassPointers               = true                           {product lp64_product} {ergonomic}
     bool UseCompressedOops                        = true                           {product lp64_product} {ergonomic}
     bool UseG1GC                                  = true                                      {product} {ergonomic}
     bool UseNUMA                                  = false                                     {product} {ergonomic}
     bool UseNUMAInterleaving                      = false                                     {product} {ergonomic}

Logging:
Log output configuration:
 #0: stdout all=warning uptime,level,tags
 #1: stderr all=off uptime,level,tags

Environment Variables:
PATH=/usr/bin:/bin:/usr/sbin:/sbin
SHELL=/bin/zsh

Signal Handlers:
SIGSEGV: [libjvm.dylib+0x9ace24], sa_mask[0]=11100110000111110111111111111111, sa_flags=SA_ONSTACK|SA_RESTART|SA_SIGINFO
SIGBUS: [libjvm.dylib+0x9ace24], sa_mask[0]=11100110000111110111111111111111, sa_flags=SA_RESTART|SA_SIGINFO
SIGFPE: [libjvm.dylib+0x9ace24], sa_mask[0]=11100110000111110111111111111111, sa_flags=SA_RESTART|SA_SIGINFO
SIGPIPE: [libjvm.dylib+0x8964e0], sa_mask[0]=11100110000111110111111111111111, sa_flags=SA_RESTART|SA_SIGINFO
SIGXFSZ: [libjvm.dylib+0x8964e0], sa_mask[0]=11100110000111110111111111111111, sa_flags=SA_RESTART|SA_SIGINFO
SIGILL: [libjvm.dylib+0x9ace24], sa_mask[0]=11100110000111110111111111111111, sa_flags=SA_RESTART|SA_SIGINFO
SIGUSR2: [libjvm.dylib+0x896f18], sa_mask[0]=00000000000000000000010000000000, sa_flags=SA_RESTART|SA_SIGINFO
SIGHUP: [libjvm.dylib+0x895590], sa_mask[0]=11100110000111110111111111111111, sa_flags=SA_RESTART|SA_SIGINFO
SIGINT: [libjvm.dylib+0x895590], sa_mask[0]=11100110000111110111111111111111, sa_flags=SA_RESTART|SA_SIGINFO
SIGTERM: [libjvm.dylib+0x895590], sa_mask[0]=11100110000111110111111111111111, sa_flags=SA_RESTART|SA_SIGINFO
SIGQUIT: [libjvm.dylib+0x895590], sa_mask[0]=11100110000111110111111111111111, sa_flags=SA_RESTART|SA_SIGINFO
SIGTRAP: [libjvm.dylib+0x9ace24], sa_mask[0]=11100110000111110111111111111111, sa_flags=SA_RESTART|SA_SIGINFO


---------------  S Y S T E M  ---------------

OS:uname: Darwin 20.6.0 Darwin Kernel Version 20.6.0: Mon Aug 30 06:12:20 PDT 2021; root:xnu-7195.141.6~3/RELEASE_ARM64_T8101 arm64
OS uptime: 0 days 0:06 hours
rlimit (soft/hard): STACK 8176k/65520k , CORE 0k/infinity , NPROC 1333/2000 , NOFILE 10240/infinity , AS infinity/infinity , CPU infinity/infinity , DATA infinity/infinity , FSIZE infinity/infinity , MEMLOCK infinity/infinity , RSS infinity/infinity
load average: 1.51 2.65 1.78

CPU: total 8 (initial active 8) 0x61:0x0:0x1b588bb3:0, simd, crc, lse

Memory: 16k page, physical 8388608k(234592k free), swap 0k(0k free)

vm_info: OpenJDK 64-Bit Server VM (16.0.1+9) for bsd-aarch64 JRE (16.0.1+9) (Zulu16.30+15-CA), built on Apr 20 2021 17:19:00 by "zulu_re" with clang Apple LLVM 12.0.0 (clang-1200.0.32.28)

END.
