#
# A fatal error has been detected by the Java Runtime Environment:
#
#  Internal Error (sharedRuntime.cpp:532), pid=2664, tid=10243
#  Error: ShouldNotReachHere()
#
# JRE version: OpenJDK Runtime Environment Zulu16.30+15-CA (16.0.1+9) (build 16.0.1+9)
# Java VM: OpenJDK 64-Bit Server VM Zulu16.30+15-CA (16.0.1+9, mixed mode, tiered, compressed oops, compressed class ptrs, g1 gc, bsd-aarch64)
# No core dump will be written. Core dumps have been disabled. To enable core dumping, try "ulimit -c unlimited" before starting Java again
#
# If you would like to submit a bug report, please visit:
#   http://www.azulsystems.com/support/
#

---------------  S U M M A R Y ------------

Command Line: -Dorg.gradle.appname=gradlew org.gradle.wrapper.GradleWrapperMain -q -Ptarget-platform=android-arm64 -Ptarget=/Users/jawadashraf/Documents/FlutterProjects/property051apprepo/lib/main.dart -Pdart-defines=Zmx1dHRlci5pbnNwZWN0b3Iuc3RydWN0dXJlZEVycm9ycz10cnVl,RkxVVFRFUl9XRUJfQVVUT19ERVRFQ1Q9dHJ1ZQ== -Pdart-obfuscation=false -Ptrack-widget-creation=true -Ptree-shake-icons=false -Pfilesystem-scheme=org-dartlang-root assembleDebug

Host: Macmini9,1 arm64 1 MHz, 8 cores, 8G, Darwin 20.6.0, macOS 11.6 (20G165)
Time: Wed Oct  6 14:11:19 2021 PKT elapsed time: 0.479266 seconds (0d 0h 0m 0s)

---------------  T H R E A D  ---------------

Current thread (0x000000013f810400):  JavaThread "main" [_thread_in_Java, id=10243, stack(0x000000016b3a4000,0x000000016b5a7000)]

Stack: [0x000000016b3a4000,0x000000016b5a7000],  sp=0x000000016b5a4860,  free space=2050k
Native frames: (J=compiled Java code, A=aot compiled Java code, j=interpreted, Vv=VM code, C=native code)
V  [libjvm.dylib+0x9abf04]  VMError::report_and_die(int, char const*, char const*, char*, Thread*, unsigned char*, void*, void*, char const*, int, unsigned long)+0x46c
V  [libjvm.dylib+0x9ac658]  VMError::report_and_die(Thread*, void*, char const*, int, char const*, char const*, char*)+0x40
V  [libjvm.dylib+0x2a9ab0]  report_vm_error(char const*, int, char const*, char const*, ...)+0x5c
V  [libjvm.dylib+0x2a9c84]  report_should_not_reach_here(char const*, int)+0x2c
V  [libjvm.dylib+0x81380c]  SharedRuntime::raw_exception_handler_for_return_address(JavaThread*, unsigned char*)+0x178
V  [libjvm.dylib+0x8138b0]  SharedRuntime::exception_handler_for_return_address(JavaThread*, unsigned char*)+0x28
v  ~StubRoutines::forward exception
j  org.slf4j.MarkerFactory.<clinit>()V+0
v  ~StubRoutines::call_stub
V  [libjvm.dylib+0x43f6b8]  JavaCalls::call_helper(JavaValue*, methodHandle const&, JavaCallArguments*, Thread*)+0x30c
V  [libjvm.dylib+0x421084]  InstanceKlass::call_class_initializer(Thread*)+0x1e8
V  [libjvm.dylib+0x4207b0]  InstanceKlass::initialize_impl(Thread*)+0x57c
V  [libjvm.dylib+0x657db4]  LinkResolver::resolve_static_call(CallInfo&, LinkInfo const&, bool, Thread*)+0x78
V  [libjvm.dylib+0x659d8c]  LinkResolver::resolve_invoke(CallInfo&, Handle, constantPoolHandle const&, int, Bytecodes::Code, Thread*)+0xac
V  [libjvm.dylib+0x4389d4]  InterpreterRuntime::resolve_invoke(JavaThread*, Bytecodes::Code)+0x29c
V  [libjvm.dylib+0x438fd0]  InterpreterRuntime::resolve_from_cache(JavaThread*, Bytecodes::Code)+0x7c
j  org.gradle.api.logging.Logging.<clinit>()V+2
v  ~StubRoutines::call_stub
V  [libjvm.dylib+0x43f6b8]  JavaCalls::call_helper(JavaValue*, methodHandle const&, JavaCallArguments*, Thread*)+0x30c
V  [libjvm.dylib+0x421084]  InstanceKlass::call_class_initializer(Thread*)+0x1e8
V  [libjvm.dylib+0x4207b0]  InstanceKlass::initialize_impl(Thread*)+0x57c
V  [libjvm.dylib+0x657db4]  LinkResolver::resolve_static_call(CallInfo&, LinkInfo const&, bool, Thread*)+0x78
V  [libjvm.dylib+0x659d8c]  LinkResolver::resolve_invoke(CallInfo&, Handle, constantPoolHandle const&, int, Bytecodes::Code, Thread*)+0xac
V  [libjvm.dylib+0x4389d4]  InterpreterRuntime::resolve_invoke(JavaThread*, Bytecodes::Code)+0x29c
V  [libjvm.dylib+0x438fd0]  InterpreterRuntime::resolve_from_cache(JavaThread*, Bytecodes::Code)+0x7c
j  org.gradle.launcher.cli.DebugLoggerWarningAction.<init>(Lorg/gradle/api/logging/configuration/LoggingConfiguration;Lorg/gradle/api/Action;)V+3
j  org.gradle.launcher.cli.DefaultCommandLineActionFactory$WithLogging.execute(Lorg/gradle/launcher/bootstrap/ExecutionListener;)V+245
j  org.gradle.launcher.Main.doAction([Ljava/lang/String;Lorg/gradle/launcher/bootstrap/ExecutionListener;)V+14
j  org.gradle.launcher.bootstrap.EntryPoint.run([Ljava/lang/String;)V+12
v  ~StubRoutines::call_stub
V  [libjvm.dylib+0x43f6b8]  JavaCalls::call_helper(JavaValue*, methodHandle const&, JavaCallArguments*, Thread*)+0x30c
V  [libjvm.dylib+0x7f1008]  invoke(InstanceKlass*, methodHandle const&, Handle, bool, objArrayHandle, BasicType, objArrayHandle, bool, Thread*)+0x914
V  [libjvm.dylib+0x7f067c]  Reflection::invoke_method(oopDesc*, Handle, objArrayHandle, Thread*)+0x150
V  [libjvm.dylib+0x4f3b14]  JVM_InvokeMethod+0x358
j  jdk.internal.reflect.NativeMethodAccessorImpl.invoke0(Ljava/lang/reflect/Method;Ljava/lang/Object;[Ljava/lang/Object;)Ljava/lang/Object;+0 java.base@16.0.1
j  jdk.internal.reflect.NativeMethodAccessorImpl.invoke(Ljava/lang/Object;[Ljava/lang/Object;)Ljava/lang/Object;+146 java.base@16.0.1
j  jdk.internal.reflect.DelegatingMethodAccessorImpl.invoke(Ljava/lang/Object;[Ljava/lang/Object;)Ljava/lang/Object;+6 java.base@16.0.1
j  java.lang.reflect.Method.invoke(Ljava/lang/Object;[Ljava/lang/Object;)Ljava/lang/Object;+59 java.base@16.0.1
j  org.gradle.launcher.bootstrap.ProcessBootstrap.runNoExit(Ljava/lang/String;[Ljava/lang/String;)V+161
j  org.gradle.launcher.bootstrap.ProcessBootstrap.run(Ljava/lang/String;[Ljava/lang/String;)V+3
j  org.gradle.launcher.GradleMain.main([Ljava/lang/String;)V+36
v  ~StubRoutines::call_stub
V  [libjvm.dylib+0x43f6b8]  JavaCalls::call_helper(JavaValue*, methodHandle const&, JavaCallArguments*, Thread*)+0x30c
V  [libjvm.dylib+0x7f1008]  invoke(InstanceKlass*, methodHandle const&, Handle, bool, objArrayHandle, BasicType, objArrayHandle, bool, Thread*)+0x914
V  [libjvm.dylib+0x7f067c]  Reflection::invoke_method(oopDesc*, Handle, objArrayHandle, Thread*)+0x150
V  [libjvm.dylib+0x4f3b14]  JVM_InvokeMethod+0x358
j  jdk.internal.reflect.NativeMethodAccessorImpl.invoke0(Ljava/lang/reflect/Method;Ljava/lang/Object;[Ljava/lang/Object;)Ljava/lang/Object;+0 java.base@16.0.1
j  jdk.internal.reflect.NativeMethodAccessorImpl.invoke(Ljava/lang/Object;[Ljava/lang/Object;)Ljava/lang/Object;+146 java.base@16.0.1
j  jdk.internal.reflect.DelegatingMethodAccessorImpl.invoke(Ljava/lang/Object;[Ljava/lang/Object;)Ljava/lang/Object;+6 java.base@16.0.1
j  java.lang.reflect.Method.invoke(Ljava/lang/Object;[Ljava/lang/Object;)Ljava/lang/Object;+59 java.base@16.0.1
j  org.gradle.wrapper.BootstrapMainStarter.start([Ljava/lang/String;Ljava/io/File;)V+82
j  org.gradle.wrapper.WrapperExecutor.execute([Ljava/lang/String;Lorg/gradle/wrapper/Install;Lorg/gradle/wrapper/BootstrapMainStarter;)V+14
j  org.gradle.wrapper.GradleWrapperMain.main([Ljava/lang/String;)V+190
v  ~StubRoutines::call_stub
V  [libjvm.dylib+0x43f6b8]  JavaCalls::call_helper(JavaValue*, methodHandle const&, JavaCallArguments*, Thread*)+0x30c
V  [libjvm.dylib+0x4a10fc]  jni_invoke_static(JNIEnv_*, JavaValue*, _jobject*, JNICallType, _jmethodID*, JNI_ArgumentPusher*, Thread*)+0x120
V  [libjvm.dylib+0x4a4510]  jni_CallStaticVoidMethod+0x120
C  [libjli.dylib+0x5430]  JavaMain+0x9d4
C  [libjli.dylib+0x778c]  ThreadJavaMain+0xc
C  [libsystem_pthread.dylib+0x7878]  _pthread_start+0x140


---------------  P R O C E S S  ---------------

Threads class SMR info:
_java_thread_list=0x0000000150073890, length=11, elements={
0x000000013f810400, 0x000000013f8a3c00, 0x000000013f8a6400, 0x000000015081a000,
0x000000014f816a00, 0x000000014f817000, 0x000000014f810c00, 0x000000014f811200,
0x0000000151010200, 0x0000000151010800, 0x000000012b030200
}

Java Threads: ( => current thread )
=>0x000000013f810400 JavaThread "main" [_thread_in_Java, id=10243, stack(0x000000016b3a4000,0x000000016b5a7000)]
  0x000000013f8a3c00 JavaThread "Reference Handler" daemon [_thread_blocked, id=15107, stack(0x000000016c1f8000,0x000000016c3fb000)]
  0x000000013f8a6400 JavaThread "Finalizer" daemon [_thread_blocked, id=17155, stack(0x000000016c404000,0x000000016c607000)]
  0x000000015081a000 JavaThread "Signal Dispatcher" daemon [_thread_blocked, id=42499, stack(0x000000016c7b4000,0x000000016c9b7000)]
  0x000000014f816a00 JavaThread "Service Thread" daemon [_thread_blocked, id=42243, stack(0x000000016c9c0000,0x000000016cbc3000)]
  0x000000014f817000 JavaThread "Monitor Deflation Thread" daemon [_thread_blocked, id=22787, stack(0x000000016cbcc000,0x000000016cdcf000)]
  0x000000014f810c00 JavaThread "C2 CompilerThread0" daemon [_thread_blocked, id=23043, stack(0x000000016cdd8000,0x000000016cfdb000)]
  0x000000014f811200 JavaThread "C1 CompilerThread0" daemon [_thread_blocked, id=23555, stack(0x000000016cfe4000,0x000000016d1e7000)]
  0x0000000151010200 JavaThread "Sweeper thread" daemon [_thread_blocked, id=41731, stack(0x000000016d1f0000,0x000000016d3f3000)]
  0x0000000151010800 JavaThread "Notification Thread" daemon [_thread_blocked, id=24067, stack(0x000000016d3fc000,0x000000016d5ff000)]
  0x000000012b030200 JavaThread "Common-Cleaner" daemon [_thread_blocked, id=24835, stack(0x000000016d814000,0x000000016da17000)]

Other Threads:
  0x000000014f6231b0 VMThread "VM Thread" [stack: 0x000000016bfec000,0x000000016c1ef000] [id=17667]
  0x000000014f7233b0 WatcherThread [stack: 0x000000016d608000,0x000000016d80b000] [id=24579]
  0x000000014f70aad0 GCTaskThread "GC Thread#0" [stack: 0x000000016b5b0000,0x000000016b7b3000] [id=12803]
  0x0000000150106950 ConcurrentGCThread "G1 Main Marker" [stack: 0x000000016b7bc000,0x000000016b9bf000] [id=13315]
  0x0000000150015f10 ConcurrentGCThread "G1 Conc#0" [stack: 0x000000016b9c8000,0x000000016bbcb000] [id=19715]
  0x0000000150031e20 ConcurrentGCThread "G1 Refine#0" [stack: 0x000000016bbd4000,0x000000016bdd7000] [id=19203]
  0x0000000150032ce0 ConcurrentGCThread "G1 Service" [stack: 0x000000016bde0000,0x000000016bfe3000] [id=14339]

Threads with active compile tasks:

VM state: not at safepoint (normal execution)

VM Mutex/Monitor currently owned by a thread: None

Heap address: 0x0000000740000000, size: 2048 MB, Compressed Oops mode: Zero based, Oop shift amount: 3

Compressed class space mapped at: 0x0000000300000000-0x0000000340000000, reserved size: 1073741824
Narrow klass base: 0x0000000000000000, Narrow klass shift: 3, Narrow klass range: 0x340000000

GC Precious Log:
 CPUs: 8 total, 8 available
 Memory: 8192M
 Large Page Support: Disabled
 NUMA Support: Disabled
 Compressed Oops: Enabled (Zero based)
 Heap Region Size: 1M
 Heap Min Capacity: 8M
 Heap Initial Capacity: 128M
 Heap Max Capacity: 2G
 Pre-touch: Disabled
 Parallel Workers: 8
 Concurrent Workers: 2
 Concurrent Refinement Workers: 8
 Periodic GC: Disabled

Heap:
 garbage-first heap   total 131072K, used 26624K [0x0000000740000000, 0x00000007c0000000)
  region size 1024K, 22 young (22528K), 0 survivors (0K)
 Metaspace       used 10819K, committed 11136K, reserved 1064960K
  class space    used 1072K, committed 1216K, reserved 1048576K

Heap Regions: E=young(eden), S=young(survivor), O=old, HS=humongous(starts), HC=humongous(continues), CS=collection set, F=free, OA=open archive, CA=closed archive, TAMS=top-at-mark-start (previous, next)
|   0|0x0000000740000000, 0x0000000740100000, 0x0000000740100000|100%|HS|  |TAMS 0x0000000740000000, 0x0000000740000000| Complete 
|   1|0x0000000740100000, 0x0000000740200000, 0x0000000740200000|100%|HC|  |TAMS 0x0000000740100000, 0x0000000740100000| Complete 
|   2|0x0000000740200000, 0x0000000740300000, 0x0000000740300000|100%|HC|  |TAMS 0x0000000740200000, 0x0000000740200000| Complete 
|   3|0x0000000740300000, 0x0000000740400000, 0x0000000740400000|100%|HS|  |TAMS 0x0000000740300000, 0x0000000740300000| Complete 
|   4|0x0000000740400000, 0x0000000740500000, 0x0000000740500000|100%|HC|  |TAMS 0x0000000740400000, 0x0000000740400000| Complete 
|   5|0x0000000740500000, 0x0000000740600000, 0x0000000740600000|100%|HC|  |TAMS 0x0000000740500000, 0x0000000740500000| Complete 
|   6|0x0000000740600000, 0x0000000740600000, 0x0000000740700000|  0%| F|  |TAMS 0x0000000740600000, 0x0000000740600000| Untracked 
|   7|0x0000000740700000, 0x0000000740700000, 0x0000000740800000|  0%| F|  |TAMS 0x0000000740700000, 0x0000000740700000| Untracked 
|   8|0x0000000740800000, 0x0000000740800000, 0x0000000740900000|  0%| F|  |TAMS 0x0000000740800000, 0x0000000740800000| Untracked 
|   9|0x0000000740900000, 0x0000000740900000, 0x0000000740a00000|  0%| F|  |TAMS 0x0000000740900000, 0x0000000740900000| Untracked 
|  10|0x0000000740a00000, 0x0000000740a00000, 0x0000000740b00000|  0%| F|  |TAMS 0x0000000740a00000, 0x0000000740a00000| Untracked 
|  11|0x0000000740b00000, 0x0000000740b00000, 0x0000000740c00000|  0%| F|  |TAMS 0x0000000740b00000, 0x0000000740b00000| Untracked 
|  12|0x0000000740c00000, 0x0000000740c00000, 0x0000000740d00000|  0%| F|  |TAMS 0x0000000740c00000, 0x0000000740c00000| Untracked 
|  13|0x0000000740d00000, 0x0000000740d00000, 0x0000000740e00000|  0%| F|  |TAMS 0x0000000740d00000, 0x0000000740d00000| Untracked 
|  14|0x0000000740e00000, 0x0000000740e00000, 0x0000000740f00000|  0%| F|  |TAMS 0x0000000740e00000, 0x0000000740e00000| Untracked 
|  15|0x0000000740f00000, 0x0000000740f00000, 0x0000000741000000|  0%| F|  |TAMS 0x0000000740f00000, 0x0000000740f00000| Untracked 
|  16|0x0000000741000000, 0x0000000741000000, 0x0000000741100000|  0%| F|  |TAMS 0x0000000741000000, 0x0000000741000000| Untracked 
|  17|0x0000000741100000, 0x0000000741100000, 0x0000000741200000|  0%| F|  |TAMS 0x0000000741100000, 0x0000000741100000| Untracked 
|  18|0x0000000741200000, 0x0000000741200000, 0x0000000741300000|  0%| F|  |TAMS 0x0000000741200000, 0x0000000741200000| Untracked 
|  19|0x0000000741300000, 0x0000000741300000, 0x0000000741400000|  0%| F|  |TAMS 0x0000000741300000, 0x0000000741300000| Untracked 
|  20|0x0000000741400000, 0x0000000741400000, 0x0000000741500000|  0%| F|  |TAMS 0x0000000741400000, 0x0000000741400000| Untracked 
|  21|0x0000000741500000, 0x0000000741500000, 0x0000000741600000|  0%| F|  |TAMS 0x0000000741500000, 0x0000000741500000| Untracked 
|  22|0x0000000741600000, 0x0000000741600000, 0x0000000741700000|  0%| F|  |TAMS 0x0000000741600000, 0x0000000741600000| Untracked 
|  23|0x0000000741700000, 0x0000000741700000, 0x0000000741800000|  0%| F|  |TAMS 0x0000000741700000, 0x0000000741700000| Untracked 
|  24|0x0000000741800000, 0x0000000741800000, 0x0000000741900000|  0%| F|  |TAMS 0x0000000741800000, 0x0000000741800000| Untracked 
|  25|0x0000000741900000, 0x0000000741900000, 0x0000000741a00000|  0%| F|  |TAMS 0x0000000741900000, 0x0000000741900000| Untracked 
|  26|0x0000000741a00000, 0x0000000741a00000, 0x0000000741b00000|  0%| F|  |TAMS 0x0000000741a00000, 0x0000000741a00000| Untracked 
|  27|0x0000000741b00000, 0x0000000741b00000, 0x0000000741c00000|  0%| F|  |TAMS 0x0000000741b00000, 0x0000000741b00000| Untracked 
|  28|0x0000000741c00000, 0x0000000741c00000, 0x0000000741d00000|  0%| F|  |TAMS 0x0000000741c00000, 0x0000000741c00000| Untracked 
|  29|0x0000000741d00000, 0x0000000741d00000, 0x0000000741e00000|  0%| F|  |TAMS 0x0000000741d00000, 0x0000000741d00000| Untracked 
|  30|0x0000000741e00000, 0x0000000741e00000, 0x0000000741f00000|  0%| F|  |TAMS 0x0000000741e00000, 0x0000000741e00000| Untracked 
|  31|0x0000000741f00000, 0x0000000741f00000, 0x0000000742000000|  0%| F|  |TAMS 0x0000000741f00000, 0x0000000741f00000| Untracked 
|  32|0x0000000742000000, 0x0000000742000000, 0x0000000742100000|  0%| F|  |TAMS 0x0000000742000000, 0x0000000742000000| Untracked 
|  33|0x0000000742100000, 0x0000000742100000, 0x0000000742200000|  0%| F|  |TAMS 0x0000000742100000, 0x0000000742100000| Untracked 
|  34|0x0000000742200000, 0x0000000742200000, 0x0000000742300000|  0%| F|  |TAMS 0x0000000742200000, 0x0000000742200000| Untracked 
|  35|0x0000000742300000, 0x0000000742300000, 0x0000000742400000|  0%| F|  |TAMS 0x0000000742300000, 0x0000000742300000| Untracked 
|  36|0x0000000742400000, 0x0000000742400000, 0x0000000742500000|  0%| F|  |TAMS 0x0000000742400000, 0x0000000742400000| Untracked 
|  37|0x0000000742500000, 0x0000000742500000, 0x0000000742600000|  0%| F|  |TAMS 0x0000000742500000, 0x0000000742500000| Untracked 
|  38|0x0000000742600000, 0x0000000742600000, 0x0000000742700000|  0%| F|  |TAMS 0x0000000742600000, 0x0000000742600000| Untracked 
|  39|0x0000000742700000, 0x0000000742700000, 0x0000000742800000|  0%| F|  |TAMS 0x0000000742700000, 0x0000000742700000| Untracked 
|  40|0x0000000742800000, 0x0000000742800000, 0x0000000742900000|  0%| F|  |TAMS 0x0000000742800000, 0x0000000742800000| Untracked 
|  41|0x0000000742900000, 0x0000000742900000, 0x0000000742a00000|  0%| F|  |TAMS 0x0000000742900000, 0x0000000742900000| Untracked 
|  42|0x0000000742a00000, 0x0000000742a00000, 0x0000000742b00000|  0%| F|  |TAMS 0x0000000742a00000, 0x0000000742a00000| Untracked 
|  43|0x0000000742b00000, 0x0000000742b00000, 0x0000000742c00000|  0%| F|  |TAMS 0x0000000742b00000, 0x0000000742b00000| Untracked 
|  44|0x0000000742c00000, 0x0000000742c00000, 0x0000000742d00000|  0%| F|  |TAMS 0x0000000742c00000, 0x0000000742c00000| Untracked 
|  45|0x0000000742d00000, 0x0000000742d00000, 0x0000000742e00000|  0%| F|  |TAMS 0x0000000742d00000, 0x0000000742d00000| Untracked 
|  46|0x0000000742e00000, 0x0000000742e00000, 0x0000000742f00000|  0%| F|  |TAMS 0x0000000742e00000, 0x0000000742e00000| Untracked 
|  47|0x0000000742f00000, 0x0000000742f00000, 0x0000000743000000|  0%| F|  |TAMS 0x0000000742f00000, 0x0000000742f00000| Untracked 
|  48|0x0000000743000000, 0x0000000743000000, 0x0000000743100000|  0%| F|  |TAMS 0x0000000743000000, 0x0000000743000000| Untracked 
|  49|0x0000000743100000, 0x0000000743100000, 0x0000000743200000|  0%| F|  |TAMS 0x0000000743100000, 0x0000000743100000| Untracked 
|  50|0x0000000743200000, 0x0000000743200000, 0x0000000743300000|  0%| F|  |TAMS 0x0000000743200000, 0x0000000743200000| Untracked 
|  51|0x0000000743300000, 0x0000000743300000, 0x0000000743400000|  0%| F|  |TAMS 0x0000000743300000, 0x0000000743300000| Untracked 
|  52|0x0000000743400000, 0x0000000743400000, 0x0000000743500000|  0%| F|  |TAMS 0x0000000743400000, 0x0000000743400000| Untracked 
|  53|0x0000000743500000, 0x0000000743500000, 0x0000000743600000|  0%| F|  |TAMS 0x0000000743500000, 0x0000000743500000| Untracked 
|  54|0x0000000743600000, 0x0000000743600000, 0x0000000743700000|  0%| F|  |TAMS 0x0000000743600000, 0x0000000743600000| Untracked 
|  55|0x0000000743700000, 0x0000000743700000, 0x0000000743800000|  0%| F|  |TAMS 0x0000000743700000, 0x0000000743700000| Untracked 
|  56|0x0000000743800000, 0x0000000743800000, 0x0000000743900000|  0%| F|  |TAMS 0x0000000743800000, 0x0000000743800000| Untracked 
|  57|0x0000000743900000, 0x0000000743900000, 0x0000000743a00000|  0%| F|  |TAMS 0x0000000743900000, 0x0000000743900000| Untracked 
|  58|0x0000000743a00000, 0x0000000743a00000, 0x0000000743b00000|  0%| F|  |TAMS 0x0000000743a00000, 0x0000000743a00000| Untracked 
|  59|0x0000000743b00000, 0x0000000743b00000, 0x0000000743c00000|  0%| F|  |TAMS 0x0000000743b00000, 0x0000000743b00000| Untracked 
|  60|0x0000000743c00000, 0x0000000743c00000, 0x0000000743d00000|  0%| F|  |TAMS 0x0000000743c00000, 0x0000000743c00000| Untracked 
|  61|0x0000000743d00000, 0x0000000743d00000, 0x0000000743e00000|  0%| F|  |TAMS 0x0000000743d00000, 0x0000000743d00000| Untracked 
|  62|0x0000000743e00000, 0x0000000743e00000, 0x0000000743f00000|  0%| F|  |TAMS 0x0000000743e00000, 0x0000000743e00000| Untracked 
|  63|0x0000000743f00000, 0x0000000743f00000, 0x0000000744000000|  0%| F|  |TAMS 0x0000000743f00000, 0x0000000743f00000| Untracked 
|  64|0x0000000744000000, 0x0000000744000000, 0x0000000744100000|  0%| F|  |TAMS 0x0000000744000000, 0x0000000744000000| Untracked 
|  65|0x0000000744100000, 0x0000000744100000, 0x0000000744200000|  0%| F|  |TAMS 0x0000000744100000, 0x0000000744100000| Untracked 
|  66|0x0000000744200000, 0x0000000744200000, 0x0000000744300000|  0%| F|  |TAMS 0x0000000744200000, 0x0000000744200000| Untracked 
|  67|0x0000000744300000, 0x0000000744300000, 0x0000000744400000|  0%| F|  |TAMS 0x0000000744300000, 0x0000000744300000| Untracked 
|  68|0x0000000744400000, 0x0000000744400000, 0x0000000744500000|  0%| F|  |TAMS 0x0000000744400000, 0x0000000744400000| Untracked 
|  69|0x0000000744500000, 0x0000000744500000, 0x0000000744600000|  0%| F|  |TAMS 0x0000000744500000, 0x0000000744500000| Untracked 
|  70|0x0000000744600000, 0x0000000744600000, 0x0000000744700000|  0%| F|  |TAMS 0x0000000744600000, 0x0000000744600000| Untracked 
|  71|0x0000000744700000, 0x0000000744700000, 0x0000000744800000|  0%| F|  |TAMS 0x0000000744700000, 0x0000000744700000| Untracked 
|  72|0x0000000744800000, 0x0000000744800000, 0x0000000744900000|  0%| F|  |TAMS 0x0000000744800000, 0x0000000744800000| Untracked 
|  73|0x0000000744900000, 0x0000000744900000, 0x0000000744a00000|  0%| F|  |TAMS 0x0000000744900000, 0x0000000744900000| Untracked 
|  74|0x0000000744a00000, 0x0000000744a00000, 0x0000000744b00000|  0%| F|  |TAMS 0x0000000744a00000, 0x0000000744a00000| Untracked 
|  75|0x0000000744b00000, 0x0000000744b00000, 0x0000000744c00000|  0%| F|  |TAMS 0x0000000744b00000, 0x0000000744b00000| Untracked 
|  76|0x0000000744c00000, 0x0000000744c00000, 0x0000000744d00000|  0%| F|  |TAMS 0x0000000744c00000, 0x0000000744c00000| Untracked 
|  77|0x0000000744d00000, 0x0000000744d00000, 0x0000000744e00000|  0%| F|  |TAMS 0x0000000744d00000, 0x0000000744d00000| Untracked 
|  78|0x0000000744e00000, 0x0000000744e00000, 0x0000000744f00000|  0%| F|  |TAMS 0x0000000744e00000, 0x0000000744e00000| Untracked 
|  79|0x0000000744f00000, 0x0000000744f00000, 0x0000000745000000|  0%| F|  |TAMS 0x0000000744f00000, 0x0000000744f00000| Untracked 
|  80|0x0000000745000000, 0x0000000745000000, 0x0000000745100000|  0%| F|  |TAMS 0x0000000745000000, 0x0000000745000000| Untracked 
|  81|0x0000000745100000, 0x0000000745100000, 0x0000000745200000|  0%| F|  |TAMS 0x0000000745100000, 0x0000000745100000| Untracked 
|  82|0x0000000745200000, 0x0000000745200000, 0x0000000745300000|  0%| F|  |TAMS 0x0000000745200000, 0x0000000745200000| Untracked 
|  83|0x0000000745300000, 0x0000000745300000, 0x0000000745400000|  0%| F|  |TAMS 0x0000000745300000, 0x0000000745300000| Untracked 
|  84|0x0000000745400000, 0x0000000745400000, 0x0000000745500000|  0%| F|  |TAMS 0x0000000745400000, 0x0000000745400000| Untracked 
|  85|0x0000000745500000, 0x0000000745500000, 0x0000000745600000|  0%| F|  |TAMS 0x0000000745500000, 0x0000000745500000| Untracked 
|  86|0x0000000745600000, 0x0000000745600000, 0x0000000745700000|  0%| F|  |TAMS 0x0000000745600000, 0x0000000745600000| Untracked 
|  87|0x0000000745700000, 0x0000000745700000, 0x0000000745800000|  0%| F|  |TAMS 0x0000000745700000, 0x0000000745700000| Untracked 
|  88|0x0000000745800000, 0x0000000745800000, 0x0000000745900000|  0%| F|  |TAMS 0x0000000745800000, 0x0000000745800000| Untracked 
|  89|0x0000000745900000, 0x0000000745900000, 0x0000000745a00000|  0%| F|  |TAMS 0x0000000745900000, 0x0000000745900000| Untracked 
|  90|0x0000000745a00000, 0x0000000745a00000, 0x0000000745b00000|  0%| F|  |TAMS 0x0000000745a00000, 0x0000000745a00000| Untracked 
|  91|0x0000000745b00000, 0x0000000745b00000, 0x0000000745c00000|  0%| F|  |TAMS 0x0000000745b00000, 0x0000000745b00000| Untracked 
|  92|0x0000000745c00000, 0x0000000745c00000, 0x0000000745d00000|  0%| F|  |TAMS 0x0000000745c00000, 0x0000000745c00000| Untracked 
|  93|0x0000000745d00000, 0x0000000745d00000, 0x0000000745e00000|  0%| F|  |TAMS 0x0000000745d00000, 0x0000000745d00000| Untracked 
|  94|0x0000000745e00000, 0x0000000745e00000, 0x0000000745f00000|  0%| F|  |TAMS 0x0000000745e00000, 0x0000000745e00000| Untracked 
|  95|0x0000000745f00000, 0x0000000745f00000, 0x0000000746000000|  0%| F|  |TAMS 0x0000000745f00000, 0x0000000745f00000| Untracked 
|  96|0x0000000746000000, 0x0000000746000000, 0x0000000746100000|  0%| F|  |TAMS 0x0000000746000000, 0x0000000746000000| Untracked 
|  97|0x0000000746100000, 0x0000000746100000, 0x0000000746200000|  0%| F|  |TAMS 0x0000000746100000, 0x0000000746100000| Untracked 
|  98|0x0000000746200000, 0x0000000746200000, 0x0000000746300000|  0%| F|  |TAMS 0x0000000746200000, 0x0000000746200000| Untracked 
|  99|0x0000000746300000, 0x0000000746300000, 0x0000000746400000|  0%| F|  |TAMS 0x0000000746300000, 0x0000000746300000| Untracked 
| 100|0x0000000746400000, 0x0000000746400000, 0x0000000746500000|  0%| F|  |TAMS 0x0000000746400000, 0x0000000746400000| Untracked 
| 101|0x0000000746500000, 0x0000000746500000, 0x0000000746600000|  0%| F|  |TAMS 0x0000000746500000, 0x0000000746500000| Untracked 
| 102|0x0000000746600000, 0x0000000746600000, 0x0000000746700000|  0%| F|  |TAMS 0x0000000746600000, 0x0000000746600000| Untracked 
| 103|0x0000000746700000, 0x0000000746700000, 0x0000000746800000|  0%| F|  |TAMS 0x0000000746700000, 0x0000000746700000| Untracked 
| 104|0x0000000746800000, 0x0000000746800000, 0x0000000746900000|  0%| F|  |TAMS 0x0000000746800000, 0x0000000746800000| Untracked 
| 105|0x0000000746900000, 0x0000000746900000, 0x0000000746a00000|  0%| F|  |TAMS 0x0000000746900000, 0x0000000746900000| Untracked 
| 106|0x0000000746a00000, 0x0000000746a76fa8, 0x0000000746b00000| 46%| E|  |TAMS 0x0000000746a00000, 0x0000000746a00000| Complete 
| 107|0x0000000746b00000, 0x0000000746c00000, 0x0000000746c00000|100%| E|CS|TAMS 0x0000000746b00000, 0x0000000746b00000| Complete 
| 108|0x0000000746c00000, 0x0000000746d00000, 0x0000000746d00000|100%| E|CS|TAMS 0x0000000746c00000, 0x0000000746c00000| Complete 
| 109|0x0000000746d00000, 0x0000000746e00000, 0x0000000746e00000|100%| E|CS|TAMS 0x0000000746d00000, 0x0000000746d00000| Complete 
| 110|0x0000000746e00000, 0x0000000746f00000, 0x0000000746f00000|100%| E|CS|TAMS 0x0000000746e00000, 0x0000000746e00000| Complete 
| 111|0x0000000746f00000, 0x0000000747000000, 0x0000000747000000|100%| E|CS|TAMS 0x0000000746f00000, 0x0000000746f00000| Complete 
| 112|0x0000000747000000, 0x0000000747100000, 0x0000000747100000|100%| E|CS|TAMS 0x0000000747000000, 0x0000000747000000| Complete 
| 113|0x0000000747100000, 0x0000000747200000, 0x0000000747200000|100%| E|  |TAMS 0x0000000747100000, 0x0000000747100000| Complete 
| 114|0x0000000747200000, 0x0000000747300000, 0x0000000747300000|100%| E|CS|TAMS 0x0000000747200000, 0x0000000747200000| Complete 
| 115|0x0000000747300000, 0x0000000747400000, 0x0000000747400000|100%| E|CS|TAMS 0x0000000747300000, 0x0000000747300000| Complete 
| 116|0x0000000747400000, 0x0000000747500000, 0x0000000747500000|100%| E|CS|TAMS 0x0000000747400000, 0x0000000747400000| Complete 
| 117|0x0000000747500000, 0x0000000747600000, 0x0000000747600000|100%| E|CS|TAMS 0x0000000747500000, 0x0000000747500000| Complete 
| 118|0x0000000747600000, 0x0000000747700000, 0x0000000747700000|100%| E|CS|TAMS 0x0000000747600000, 0x0000000747600000| Complete 
| 119|0x0000000747700000, 0x0000000747800000, 0x0000000747800000|100%| E|CS|TAMS 0x0000000747700000, 0x0000000747700000| Complete 
| 120|0x0000000747800000, 0x0000000747900000, 0x0000000747900000|100%| E|CS|TAMS 0x0000000747800000, 0x0000000747800000| Complete 
| 121|0x0000000747900000, 0x0000000747a00000, 0x0000000747a00000|100%| E|CS|TAMS 0x0000000747900000, 0x0000000747900000| Complete 
| 122|0x0000000747a00000, 0x0000000747b00000, 0x0000000747b00000|100%| E|CS|TAMS 0x0000000747a00000, 0x0000000747a00000| Complete 
| 123|0x0000000747b00000, 0x0000000747c00000, 0x0000000747c00000|100%| E|CS|TAMS 0x0000000747b00000, 0x0000000747b00000| Complete 
| 124|0x0000000747c00000, 0x0000000747d00000, 0x0000000747d00000|100%| E|CS|TAMS 0x0000000747c00000, 0x0000000747c00000| Complete 
| 125|0x0000000747d00000, 0x0000000747e00000, 0x0000000747e00000|100%| E|CS|TAMS 0x0000000747d00000, 0x0000000747d00000| Complete 
| 126|0x0000000747e00000, 0x0000000747f00000, 0x0000000747f00000|100%| E|CS|TAMS 0x0000000747e00000, 0x0000000747e00000| Complete 
| 127|0x0000000747f00000, 0x0000000748000000, 0x0000000748000000|100%| E|CS|TAMS 0x0000000747f00000, 0x0000000747f00000| Complete 

Card table byte_map: [0x0000000121b6c000,0x0000000121f6c000] _byte_map_base: 0x000000011e16c000

Marking Bits (Prev, Next): (CMBitMap*) 0x0000000150808810, (CMBitMap*) 0x0000000150808850
 Prev Bits: [0x000000012236c000, 0x000000012436c000)
 Next Bits: [0x000000012436c000, 0x000000012636c000)

Polling page: 0x0000000104b78000

Metaspace:

Usage:
  Non-class:      9.52 MB used.
      Class:      1.05 MB used.
       Both:     10.57 MB used.

Virtual space:
  Non-class space:       16.00 MB reserved,       9.69 MB ( 61%) committed,  2 nodes.
      Class space:        1.00 GB reserved,       1.19 MB ( <1%) committed,  1 nodes.
              Both:        1.02 GB reserved,      10.88 MB (  1%) committed. 

Chunk freelists:
   Non-Class:  2.23 MB
       Class:  2.66 MB
        Both:  4.90 MB

MaxMetaspaceSize: 17179869184.00 GB
CompressedClassSpaceSize: 1.00 GB
 - commit_granule_bytes: 65536.
 - commit_granule_words: 8192.
 - virtual_space_node_default_size: 1048576.
 - enlarge_chunks_in_place: 1.
 - new_chunks_are_fully_committed: 0.
 - uncommit_free_chunks: 1.
 - use_allocation_guard: 0.
 - handle_deallocations: 1.


Internal statistics:

num_allocs_failed_limit: 0.
num_arena_births: 96.
num_arena_deaths: 0.
num_vsnodes_births: 3.
num_vsnodes_deaths: 0.
num_space_committed: 174.
num_space_uncommitted: 0.
num_chunks_returned_to_freelist: 0.
num_chunks_taken_from_freelist: 194.
num_chunk_merges: 0.
num_chunk_splits: 125.
num_chunks_enlarged: 90.
num_purges: 0.

CodeHeap 'non-profiled nmethods': size=120032Kb used=270Kb max_used=270Kb free=119761Kb
 bounds [0x000000011a234000, 0x000000011a4a4000, 0x000000012176c000]
CodeHeap 'profiled nmethods': size=120016Kb used=1627Kb max_used=1627Kb free=118389Kb
 bounds [0x0000000112d00000, 0x0000000112f70000, 0x000000011a234000]
CodeHeap 'non-nmethods': size=5712Kb used=1078Kb max_used=1118Kb free=4633Kb
 bounds [0x000000011276c000, 0x00000001129dc000, 0x0000000112d00000]
 total_blobs=1217 nmethods=836 adapters=298
 compilation: enabled
              stopped_count=0, restarted_count=0
 full_count=0

Compilation events (20 events):
Event: 0.476 Thread 0x000000014f810c00 nmethod 822 0x000000011a275490 code [0x000000011a275700, 0x000000011a275d10]
Event: 0.476 Thread 0x000000014f810c00  817   !   4       java.util.zip.ZipFile$Source::getEntryPos (174 bytes)
Event: 0.477 Thread 0x000000014f811200 nmethod 835 0x0000000112e87990 code [0x0000000112e87f00, 0x0000000112e89e08]
Event: 0.477 Thread 0x000000014f811200  836       3       java.security.SecureClassLoader::getProtectionDomain (38 bytes)
Event: 0.477 Thread 0x000000014f811200 nmethod 836 0x0000000112e8a910 code [0x0000000112e8ab40, 0x0000000112e8b258]
Event: 0.477 Thread 0x000000014f811200  837       3       java.security.SecureClassLoader$CodeSourceKey::<init> (10 bytes)
Event: 0.477 Thread 0x000000014f811200 nmethod 837 0x0000000112e8b490 code [0x0000000112e8b640, 0x0000000112e8b828]
Event: 0.477 Thread 0x000000014f811200  838       3       java.security.SecureClassLoader$1::<init> (15 bytes)
Event: 0.477 Thread 0x000000014f811200 nmethod 838 0x0000000112e8b910 code [0x0000000112e8bac0, 0x0000000112e8bd28]
Event: 0.477 Thread 0x000000014f811200  839       3       java.security.SecureClassLoader$CodeSourceKey::hashCode (21 bytes)
Event: 0.477 Thread 0x000000014f811200 nmethod 839 0x0000000112e8be10 code [0x0000000112e8bfc0, 0x0000000112e8c218]
Event: 0.477 Thread 0x000000014f811200  840       3       java.lang.ClassLoader::preDefineClass (119 bytes)
Event: 0.477 Thread 0x000000014f811200 nmethod 840 0x0000000112e8c310 code [0x0000000112e8c7c0, 0x0000000112e8dc88]
Event: 0.477 Thread 0x000000014f811200  841       3       jdk.internal.loader.URLClassPath$JarLoader$2::getCodeSigners (8 bytes)
Event: 0.477 Thread 0x000000014f811200 nmethod 841 0x0000000112e8e490 code [0x0000000112e8e640, 0x0000000112e8e858]
Event: 0.477 Thread 0x000000014f811200  842       3       java.lang.ClassLoader::defineClass (43 bytes)
Event: 0.478 Thread 0x000000014f811200 nmethod 842 0x0000000112e8e910 code [0x0000000112e8eb40, 0x0000000112e8f0e8]
Event: 0.478 Thread 0x000000014f811200  843       3       java.util.regex.Pattern::sequence (647 bytes)
Event: 0.479 Thread 0x000000014f811200 nmethod 843 0x0000000112e8f390 code [0x0000000112e8fc40, 0x0000000112e931a8]
Event: 0.479 Thread 0x000000014f811200  844       3       jdk.internal.jimage.ImageLocation::decompress (153 bytes)

GC Heap History (0 events):
No events

Deoptimization events (20 events):
Event: 0.469 Thread 0x000000013f810400 Uncommon trap: trap_request=0xffffffde fr.pc=0x000000011a254134 relative=0x00000000000003b4
Event: 0.469 Thread 0x000000013f810400 Uncommon trap: reason=class_check action=maybe_recompile pc=0x000000011a254134 method=java.util.regex.Matcher.match(II)Z @ 121 c2
Event: 0.469 Thread 0x000000013f810400 DEOPT PACKING pc=0x000000011a254134 sp=0x000000016b5a5680
Event: 0.469 Thread 0x000000013f810400 DEOPT UNPACKING pc=0x00000001127a5d9c sp=0x000000016b5a5620 mode 2
Event: 0.469 Thread 0x000000013f810400 Uncommon trap: trap_request=0xffffffde fr.pc=0x000000011a254134 relative=0x00000000000003b4
Event: 0.469 Thread 0x000000013f810400 Uncommon trap: reason=class_check action=maybe_recompile pc=0x000000011a254134 method=java.util.regex.Matcher.match(II)Z @ 121 c2
Event: 0.469 Thread 0x000000013f810400 DEOPT PACKING pc=0x000000011a254134 sp=0x000000016b5a5680
Event: 0.469 Thread 0x000000013f810400 DEOPT UNPACKING pc=0x00000001127a5d9c sp=0x000000016b5a5620 mode 2
Event: 0.469 Thread 0x000000013f810400 Uncommon trap: trap_request=0xffffffde fr.pc=0x000000011a254134 relative=0x00000000000003b4
Event: 0.469 Thread 0x000000013f810400 Uncommon trap: reason=class_check action=maybe_recompile pc=0x000000011a254134 method=java.util.regex.Matcher.match(II)Z @ 121 c2
Event: 0.469 Thread 0x000000013f810400 DEOPT PACKING pc=0x000000011a254134 sp=0x000000016b5a54f0
Event: 0.469 Thread 0x000000013f810400 DEOPT UNPACKING pc=0x00000001127a5d9c sp=0x000000016b5a5490 mode 2
Event: 0.469 Thread 0x000000013f810400 Uncommon trap: trap_request=0xffffffde fr.pc=0x000000011a254134 relative=0x00000000000003b4
Event: 0.469 Thread 0x000000013f810400 Uncommon trap: reason=class_check action=maybe_recompile pc=0x000000011a254134 method=java.util.regex.Matcher.match(II)Z @ 121 c2
Event: 0.469 Thread 0x000000013f810400 DEOPT PACKING pc=0x000000011a254134 sp=0x000000016b5a54f0
Event: 0.469 Thread 0x000000013f810400 DEOPT UNPACKING pc=0x00000001127a5d9c sp=0x000000016b5a5490 mode 2
Event: 0.478 Thread 0x000000013f810400 DEOPT PACKING pc=0x0000000112d72a80 sp=0x000000016b5a42b0
Event: 0.478 Thread 0x000000013f810400 DEOPT UNPACKING pc=0x00000001127a5bfc sp=0x000000016b5a40d0 mode 3
Event: 0.478 Thread 0x000000013f810400 DEOPT PACKING pc=0x0000000112d6eb0c sp=0x000000016b5a4960
Event: 0.478 Thread 0x000000013f810400 DEOPT UNPACKING pc=0x00000001127a5bfc sp=0x000000016b5a4790 mode 3

Classes unloaded (0 events):
No events

Classes redefined (0 events):
No events

Internal exceptions (20 events):
Event: 0.224 Thread 0x000000013f810400 Exception <a 'java/lang/NoSuchMethodError'{0x0000000747eacb38}: 'java.lang.Object java.lang.invoke.DirectMethodHandle$Holder.getReference(java.lang.Object, java.lang.Object)'> (0x0000000747eacb38) 
thrown [src/hotspot/share/interpreter/linkResolver.cpp, line 790]
Event: 0.226 Thread 0x000000013f810400 Exception <a 'java/lang/NoSuchMethodError'{0x0000000747eb0dc8}: 'java.lang.Object java.lang.invoke.LambdaForm$Holder.identity_L(java.lang.Object, java.lang.Object)'> (0x0000000747eb0dc8) 
thrown [src/hotspot/share/interpreter/linkResolver.cpp, line 790]
Event: 0.226 Thread 0x000000013f810400 Exception <a 'java/lang/NoSuchMethodError'{0x0000000747eb3d08}: 'java.lang.Object java.lang.invoke.LambdaForm$Holder.zero_L(java.lang.Object)'> (0x0000000747eb3d08) 
thrown [src/hotspot/share/interpreter/linkResolver.cpp, line 790]
Event: 0.227 Thread 0x000000013f810400 Exception <a 'java/lang/NoSuchMethodError'{0x0000000747eba470}: 'java.lang.Object java.lang.invoke.DirectMethodHandle$Holder.invokeSpecial(java.lang.Object, java.lang.Object)'> (0x0000000747eba470) 
thrown [src/hotspot/share/interpreter/linkResolver.cpp, line 790]
Event: 0.227 Thread 0x000000013f810400 Exception <a 'java/lang/NoSuchMethodError'{0x0000000747ebdd50}: 'java.lang.Object java.lang.invoke.Invokers$Holder.linkToTargetMethod(java.lang.Object)'> (0x0000000747ebdd50) 
thrown [src/hotspot/share/interpreter/linkResolver.cpp, line 790]
Event: 0.228 Thread 0x000000013f810400 Exception <a 'java/lang/NoSuchMethodError'{0x0000000747ec7980}: 'java.lang.Object java.lang.invoke.DirectMethodHandle$Holder.newInvokeSpecial(java.lang.Object, java.lang.Object)'> (0x0000000747ec7980) 
thrown [src/hotspot/share/interpreter/linkResolver.cpp, line 790]
Event: 0.228 Thread 0x000000013f810400 Exception <a 'java/lang/NoSuchMethodError'{0x0000000747ecb8c8}: 'java.lang.Object java.lang.invoke.DirectMethodHandle$Holder.invokeSpecial(java.lang.Object, java.lang.Object, java.lang.Object)'> (0x0000000747ecb8c8) 
thrown [src/hotspot/share/interpreter/linkResolver.cpp, line 790]
Event: 0.228 Thread 0x000000013f810400 Exception <a 'java/lang/NoSuchMethodError'{0x0000000747ecf058}: 'java.lang.Object java.lang.invoke.Invokers$Holder.linkToTargetMethod(java.lang.Object, java.lang.Object)'> (0x0000000747ecf058) 
thrown [src/hotspot/share/interpreter/linkResolver.cpp, line 790]
Event: 0.269 Thread 0x000000013f810400 Exception <a 'java/lang/NoSuchMethodError'{0x0000000747db38c0}: 'java.lang.Object java.lang.invoke.DirectMethodHandle$Holder.invokeStatic(java.lang.Object, java.lang.Object)'> (0x0000000747db38c0) 
thrown [src/hotspot/share/interpreter/linkResolver.cpp, line 790]
Event: 0.275 Thread 0x000000013f810400 Exception <a 'java/lang/NoSuchMethodError'{0x0000000747dd3070}: 'int java.lang.invoke.DirectMethodHandle$Holder.invokeSpecial(java.lang.Object, java.lang.Object)'> (0x0000000747dd3070) 
thrown [src/hotspot/share/interpreter/linkResolver.cpp, line 790]
Event: 0.275 Thread 0x000000013f810400 Exception <a 'java/lang/NoSuchMethodError'{0x0000000747dd9320}: 'java.lang.Object java.lang.invoke.DirectMethodHandle$Holder.newInvokeSpecial(java.lang.Object)'> (0x0000000747dd9320) 
thrown [src/hotspot/share/interpreter/linkResolver.cpp, line 790]
Event: 0.299 Thread 0x000000013f810400 Exception <a 'java/lang/NoSuchMethodError'{0x0000000747b16a50}: 'int java.lang.invoke.DirectMethodHandle$Holder.invokeStatic(java.lang.Object, java.lang.Object)'> (0x0000000747b16a50) 
thrown [src/hotspot/share/interpreter/linkResolver.cpp, line 790]
Event: 0.299 Thread 0x000000013f810400 Exception <a 'java/lang/NoSuchMethodError'{0x0000000747b1a068}: 'int java.lang.invoke.DirectMethodHandle$Holder.invokeStaticInit(java.lang.Object, java.lang.Object)'> (0x0000000747b1a068) 
thrown [src/hotspot/share/interpreter/linkResolver.cpp, line 790]
Event: 0.445 Thread 0x000000013f810400 Exception <a 'java/lang/NoSuchMethodError'{0x0000000746d4e718}: 'java.lang.Object java.lang.invoke.DirectMethodHandle$Holder.invokeStatic(java.lang.Object, java.lang.Object, java.lang.Object, java.lang.Object, java.lang.Object, java.lang.Object)'> (0x0000000746d4e718) 
thrown [src/hotspot/share/interpreter/linkResolver.cpp, line 790]
Event: 0.445 Thread 0x000000013f810400 Exception <a 'java/lang/NoSuchMethodError'{0x0000000746d52e28}: 'java.lang.Object java.lang.invoke.DirectMethodHandle$Holder.invokeSpecial(java.lang.Object, java.lang.Object, java.lang.Object, java.lang.Object, java.lang.Object, java.lang.Object, java.lang.Object)'> (0x0000000746d52e28) 
thrown [src/hotspot/share/interpreter/linkResolver.cpp, line 790]
Event: 0.446 Thread 0x000000013f810400 Exception <a 'java/lang/NoSuchMethodError'{0x0000000746d57458}: 'java.lang.Object java.lang.invoke.DelegatingMethodHandle$Holder.delegate(java.lang.Object, java.lang.Object, java.lang.Object, java.lang.Object, java.lang.Object, java.lang.Object)'> (0x0000000746d57458) 
thrown [src/hotspot/share/interpreter/linkResolver.cpp, line 790]
Event: 0.446 Thread 0x000000013f810400 Exception <a 'java/lang/NoSuchMethodError'{0x0000000746d5b928}: 'java.lang.Object java.lang.invoke.Invokers$Holder.invokeExact_MT(java.lang.Object, java.lang.Object, java.lang.Object, java.lang.Object, java.lang.Object, java.lang.Object, java.lang.Object)'> (0x0000000746d5b928) 
thrown [src/hotspot/share/interpreter/linkResolver.cpp, line 790]
Event: 0.447 Thread 0x000000013f810400 Exception <a 'java/lang/NoSuchMethodError'{0x0000000746d72810}: 'java.lang.Object java.lang.invoke.DirectMethodHandle$Holder.invokeStatic(java.lang.Object, java.lang.Object, java.lang.Object, java.lang.Object, java.lang.Object)'> (0x0000000746d72810) 
thrown [src/hotspot/share/interpreter/linkResolver.cpp, line 790]
Event: 0.470 Thread 0x000000013f810400 Exception <a 'java/lang/NoSuchMethodError'{0x0000000746b8c8e0}: 'void java.lang.invoke.DirectMethodHandle$Holder.invokeStatic(java.lang.Object, java.lang.Object)'> (0x0000000746b8c8e0) 
thrown [src/hotspot/share/interpreter/linkResolver.cpp, line 790]
Event: 0.479 Thread 0x000000013f810400 Exception <a 'java/lang/NoClassDefFoundError'{0x0000000746a45ba8}: org/slf4j/impl/StaticMarkerBinder> (0x0000000746a45ba8) 
thrown [src/hotspot/share/classfile/systemDictionary.cpp, line 245]

Events (20 events):
Event: 0.475 loading class sun/reflect/generics/reflectiveObjects/LazyReflectiveObjectGenerator done
Event: 0.475 loading class sun/reflect/generics/reflectiveObjects/TypeVariableImpl done
Event: 0.475 loading class java/lang/reflect/WildcardType
Event: 0.475 loading class java/lang/reflect/WildcardType done
Event: 0.476 loading class java/util/MissingResourceException
Event: 0.476 loading class java/util/MissingResourceException done
Event: 0.476 loading class java/util/logging/ErrorManager
Event: 0.476 loading class java/util/logging/ErrorManager done
Event: 0.477 loading class java/io/StringWriter
Event: 0.477 loading class java/io/StringWriter done
Event: 0.477 loading class java/text/ParseException
Event: 0.477 loading class java/text/ParseException done
Event: 0.478 loading class java/util/regex/Pattern$Curly
Event: 0.478 loading class java/util/regex/Pattern$Curly done
Event: 0.478 loading class java/util/regex/Pattern$Loop
Event: 0.478 loading class java/util/regex/Pattern$Loop done
Event: 0.478 loading class java/util/regex/Pattern$Prolog
Event: 0.478 loading class java/util/regex/Pattern$Prolog done
Event: 0.478 loading class java/net/URLClassLoader$2
Event: 0.478 loading class java/net/URLClassLoader$2 done


Dynamic libraries:
0x0000000190ab0000 	/usr/lib/libz.1.dylib
0x0000000104afc000 	/Library/Java/JavaVirtualMachines/zulu-16.jdk/Contents/Home/lib/libjli.dylib
0x000000019afd9000 	/System/Library/Frameworks/Cocoa.framework/Versions/A/Cocoa
0x0000000188ef2000 	/System/Library/Frameworks/Security.framework/Versions/A/Security
0x0000000199345000 	/System/Library/Frameworks/ApplicationServices.framework/Versions/A/ApplicationServices
0x0000000190b56000 	/usr/lib/libSystem.B.dylib
0x0000000190b50000 	/usr/lib/system/libcache.dylib
0x0000000190b0f000 	/usr/lib/system/libcommonCrypto.dylib
0x0000000190b39000 	/usr/lib/system/libcompiler_rt.dylib
0x0000000190b30000 	/usr/lib/system/libcopyfile.dylib
0x0000000186e68000 	/usr/lib/system/libcorecrypto.dylib
0x0000000186f08000 	/usr/lib/system/libdispatch.dylib
0x00000001870c1000 	/usr/lib/system/libdyld.dylib
0x0000000190b46000 	/usr/lib/system/libkeymgr.dylib
0x0000000193f75000 	/usr/lib/system/liblaunch.dylib
0x0000000190af1000 	/usr/lib/system/libmacho.dylib
0x0000000190363000 	/usr/lib/system/libquarantine.dylib
0x0000000190b43000 	/usr/lib/system/libremovefile.dylib
0x000000018b952000 	/usr/lib/system/libsystem_asl.dylib
0x0000000186e16000 	/usr/lib/system/libsystem_blocks.dylib
0x0000000186f8a000 	/usr/lib/system/libsystem_c.dylib
0x0000000190b3d000 	/usr/lib/system/libsystem_collections.dylib
0x000000018f99d000 	/usr/lib/system/libsystem_configuration.dylib
0x000000018ed1f000 	/usr/lib/system/libsystem_containermanager.dylib
0x00000001908c6000 	/usr/lib/system/libsystem_coreservices.dylib
0x00000001894cb000 	/usr/lib/system/libsystem_darwin.dylib
0x0000000190b47000 	/usr/lib/system/libsystem_dnssd.dylib
0x0000000186f87000 	/usr/lib/system/libsystem_featureflags.dylib
0x000000018710a000 	/usr/lib/system/libsystem_info.dylib
0x0000000190ac2000 	/usr/lib/system/libsystem_m.dylib
0x0000000186edc000 	/usr/lib/system/libsystem_malloc.dylib
0x000000018b8ed000 	/usr/lib/system/libsystem_networkextension.dylib
0x000000018990e000 	/usr/lib/system/libsystem_notify.dylib
0x0000000196429000 	/usr/lib/system/libsystem_product_info_filter.dylib
0x000000018f9a2000 	/usr/lib/system/libsystem_sandbox.dylib
0x0000000190b40000 	/usr/lib/system/libsystem_secinit.dylib
0x0000000187080000 	/usr/lib/system/libsystem_kernel.dylib
0x0000000187103000 	/usr/lib/system/libsystem_platform.dylib
0x00000001870b4000 	/usr/lib/system/libsystem_pthread.dylib
0x000000018cec3000 	/usr/lib/system/libsystem_symptoms.dylib
0x0000000186e50000 	/usr/lib/system/libsystem_trace.dylib
0x0000000190b1d000 	/usr/lib/system/libunwind.dylib
0x0000000186e18000 	/usr/lib/system/libxpc.dylib
0x0000000187068000 	/usr/lib/libc++abi.dylib
0x0000000186f4d000 	/usr/lib/libobjc.A.dylib
0x0000000190b28000 	/usr/lib/liboah.dylib
0x000000018700c000 	/usr/lib/libc++.1.dylib
0x0000000187136000 	/System/Library/Frameworks/CoreFoundation.framework/Versions/A/CoreFoundation
0x0000000187efe000 	/System/Library/Frameworks/Foundation.framework/Versions/C/Foundation
0x0000000189968000 	/System/Library/Frameworks/AppKit.framework/Versions/C/AppKit
0x000000018c78c000 	/System/Library/Frameworks/CoreData.framework/Versions/A/CoreData
0x000000018a6aa000 	/System/Library/PrivateFrameworks/UIFoundation.framework/Versions/A/UIFoundation
0x00000001961bb000 	/System/Library/PrivateFrameworks/RemoteViewServices.framework/Versions/A/RemoteViewServices
0x000000018f3d0000 	/System/Library/PrivateFrameworks/XCTTargetBootstrap.framework/Versions/A/XCTTargetBootstrap
0x0000000191d11000 	/usr/lib/libspindump.dylib
0x000000018a8d1000 	/System/Library/Frameworks/UniformTypeIdentifiers.framework/Versions/A/UniformTypeIdentifiers
0x000000018d9b8000 	/usr/lib/libapp_launch_measurement.dylib
0x000000018d9bb000 	/System/Library/PrivateFrameworks/CoreAutoLayout.framework/Versions/A/CoreAutoLayout
0x000000018ed4d000 	/System/Library/Frameworks/Metal.framework/Versions/A/Metal
0x000000018f9ad000 	/usr/lib/liblangid.dylib
0x000000018f3d4000 	/System/Library/PrivateFrameworks/CoreSVG.framework/Versions/A/CoreSVG
0x000000018b984000 	/System/Library/PrivateFrameworks/SkyLight.framework/Versions/A/SkyLight
0x000000018bcf3000 	/System/Library/Frameworks/CoreGraphics.framework/Versions/A/CoreGraphics
0x00000001966db000 	/System/Library/Frameworks/Accelerate.framework/Versions/A/Accelerate
0x000000019176b000 	/System/Library/PrivateFrameworks/IconServices.framework/Versions/A/IconServices
0x000000018ed31000 	/System/Library/Frameworks/IOSurface.framework/Versions/A/IOSurface
0x000000018d05b000 	/usr/lib/libDiagnosticMessagesClient.dylib
0x000000018f3b8000 	/System/Library/PrivateFrameworks/DFRFoundation.framework/Versions/A/DFRFoundation
0x0000000189259000 	/usr/lib/libicucore.A.dylib
0x000000019325f000 	/System/Library/Frameworks/AudioToolbox.framework/Versions/A/AudioToolbox
0x0000000192472000 	/System/Library/PrivateFrameworks/DataDetectorsCore.framework/Versions/A/DataDetectorsCore
0x000000018b8ff000 	/usr/lib/libMobileGestalt.dylib
0x000000018f0ad000 	/System/Library/Frameworks/Carbon.framework/Versions/A/Frameworks/HIToolbox.framework/Versions/A/HIToolbox
0x000000018d456000 	/System/Library/Frameworks/QuartzCore.framework/Versions/A/QuartzCore
0x00000001961f3000 	/System/Library/Frameworks/Carbon.framework/Versions/A/Frameworks/SpeechRecognition.framework/Versions/A/SpeechRecognition
0x000000018d756000 	/System/Library/PrivateFrameworks/CoreUI.framework/Versions/A/CoreUI
0x00000001888d7000 	/System/Library/Frameworks/CoreAudio.framework/Versions/A/CoreAudio
0x000000018d144000 	/System/Library/Frameworks/DiskArbitration.framework/Versions/A/DiskArbitration
0x00000001920c4000 	/System/Library/PrivateFrameworks/MultitouchSupport.framework/Versions/A/MultitouchSupport
0x0000000192469000 	/System/Library/PrivateFrameworks/InternationalSupport.framework/Versions/A/InternationalSupport
0x000000018b8fd000 	/usr/lib/libenergytrace.dylib
0x0000000189842000 	/System/Library/Frameworks/IOKit.framework/Versions/A/IOKit
0x000000019651e000 	/System/Library/Frameworks/CoreServices.framework/Versions/A/CoreServices
0x000000018d94e000 	/System/Library/PrivateFrameworks/PerformanceAnalysis.framework/Versions/A/PerformanceAnalysis
0x00000001c917d000 	/System/Library/Frameworks/OpenGL.framework/Versions/A/OpenGL
0x00000001924e7000 	/System/Library/PrivateFrameworks/UserActivity.framework/Versions/A/UserActivity
0x000000018c2e1000 	/System/Library/Frameworks/ColorSync.framework/Versions/A/ColorSync
0x000000018f61f000 	/System/Library/Frameworks/CoreImage.framework/Versions/A/CoreImage
0x0000000188707000 	/System/Library/Frameworks/CoreText.framework/Versions/A/CoreText
0x000000018f3ff000 	/System/Library/Frameworks/ImageIO.framework/Versions/A/ImageIO
0x0000000190b5c000 	/System/Library/PrivateFrameworks/SoftLinking.framework/Versions/A/SoftLinking
0x000000018d9fe000 	/usr/lib/libxml2.2.dylib
0x0000000190ddc000 	/usr/lib/libcompression.dylib
0x00000001923b5000 	/System/Library/PrivateFrameworks/TextureIO.framework/Versions/A/TextureIO
0x00000001914c7000 	/usr/lib/libate.dylib
0x0000000191310000 	/usr/lib/liblzma.5.dylib
0x0000000187c13000 	/System/Library/Frameworks/SystemConfiguration.framework/Versions/A/SystemConfiguration
0x0000000190b58000 	/usr/lib/libfakelink.dylib
0x000000018b464000 	/System/Library/Frameworks/CFNetwork.framework/Versions/A/CFNetwork
0x0000000190ca2000 	/usr/lib/libarchive.2.dylib
0x0000000187c9b000 	/usr/lib/libCRFSuite.dylib
0x000000019038d000 	/usr/lib/libbsm.0.dylib
0x000000018ad1b000 	/usr/lib/libnetwork.dylib
0x0000000190b5d000 	/usr/lib/libpcap.A.dylib
0x000000018cebb000 	/usr/lib/libdns_services.dylib
0x0000000191329000 	/usr/lib/libcoretls_cfhelpers.dylib
0x0000000190dab000 	/usr/lib/libapple_nghttp2.dylib
0x0000000190af7000 	/usr/lib/system/libkxld.dylib
0x000000018cb4c000 	/usr/lib/libsqlite3.dylib
0x00000001908a9000 	/System/Library/PrivateFrameworks/AppleFSCompression.framework/Versions/A/AppleFSCompression
0x0000000190376000 	/usr/lib/libcoretls.dylib
0x0000000190dd7000 	/usr/lib/libpam.2.dylib
0x0000000191410000 	/usr/lib/libxar.1.dylib
0x000000018f9a9000 	/System/Library/PrivateFrameworks/AppleSystemInfo.framework/Versions/A/AppleSystemInfo
0x000000018ffc6000 	/System/Library/PrivateFrameworks/IOMobileFramebuffer.framework/Versions/A/IOMobileFramebuffer
0x00000001908b9000 	/usr/lib/libbz2.1.0.dylib
0x0000000190b99000 	/usr/lib/libiconv.2.dylib
0x0000000190af0000 	/usr/lib/libcharset.1.dylib
0x000000018d987000 	/System/Library/Frameworks/CoreServices.framework/Versions/A/Frameworks/FSEvents.framework/Versions/A/FSEvents
0x00000001894d6000 	/System/Library/Frameworks/CoreServices.framework/Versions/A/Frameworks/CarbonCore.framework/Versions/A/CarbonCore
0x000000018d0aa000 	/System/Library/Frameworks/CoreServices.framework/Versions/A/Frameworks/Metadata.framework/Versions/A/Metadata
0x00000001908cb000 	/System/Library/Frameworks/CoreServices.framework/Versions/A/Frameworks/OSServices.framework/Versions/A/OSServices
0x0000000190d13000 	/System/Library/Frameworks/CoreServices.framework/Versions/A/Frameworks/SearchKit.framework/Versions/A/SearchKit
0x000000018ce47000 	/System/Library/Frameworks/CoreServices.framework/Versions/A/Frameworks/AE.framework/Versions/A/AE
0x00000001875e5000 	/System/Library/Frameworks/CoreServices.framework/Versions/A/Frameworks/LaunchServices.framework/Versions/A/LaunchServices
0x00000001912bd000 	/System/Library/Frameworks/CoreServices.framework/Versions/A/Frameworks/DictionaryServices.framework/Versions/A/DictionaryServices
0x000000018d994000 	/System/Library/Frameworks/CoreServices.framework/Versions/A/Frameworks/SharedFileList.framework/Versions/A/SharedFileList
0x0000000190366000 	/usr/lib/libCheckFix.dylib
0x000000018b96a000 	/System/Library/PrivateFrameworks/TCC.framework/Versions/A/TCC
0x000000018f9af000 	/System/Library/PrivateFrameworks/CoreNLP.framework/Versions/A/CoreNLP
0x000000018d05e000 	/System/Library/PrivateFrameworks/MetadataUtilities.framework/Versions/A/MetadataUtilities
0x0000000187ccf000 	/usr/lib/libmecabra.dylib
0x000000019064c000 	/System/Library/Frameworks/MLCompute.framework/Versions/A/MLCompute
0x000000019039e000 	/usr/lib/libmecab.dylib
0x00000001903e4000 	/usr/lib/libgermantok.dylib
0x0000000190d84000 	/usr/lib/libThaiTokenizer.dylib
0x000000019144c000 	/usr/lib/libChineseTokenizer.dylib
0x0000000190dd5000 	/System/Library/Frameworks/MetalPerformanceShaders.framework/Versions/A/MetalPerformanceShaders
0x000000018d14b000 	/System/Library/Frameworks/Accelerate.framework/Versions/A/Frameworks/vImage.framework/Versions/A/vImage
0x00000001964fc000 	/System/Library/Frameworks/Accelerate.framework/Versions/A/Frameworks/vecLib.framework/Versions/A/vecLib
0x0000000191457000 	/System/Library/Frameworks/Accelerate.framework/Versions/A/Frameworks/vecLib.framework/Versions/A/libvMisc.dylib
0x000000018ff04000 	/System/Library/Frameworks/Accelerate.framework/Versions/A/Frameworks/vecLib.framework/Versions/A/libvDSP.dylib
0x00000001878f9000 	/System/Library/Frameworks/Accelerate.framework/Versions/A/Frameworks/vecLib.framework/Versions/A/libBLAS.dylib
0x0000000190e00000 	/System/Library/Frameworks/Accelerate.framework/Versions/A/Frameworks/vecLib.framework/Versions/A/libLAPACK.dylib
0x00000001903e9000 	/System/Library/Frameworks/Accelerate.framework/Versions/A/Frameworks/vecLib.framework/Versions/A/libLinearAlgebra.dylib
0x0000000190dc2000 	/System/Library/Frameworks/Accelerate.framework/Versions/A/Frameworks/vecLib.framework/Versions/A/libSparseBLAS.dylib
0x0000000190dfb000 	/System/Library/Frameworks/Accelerate.framework/Versions/A/Frameworks/vecLib.framework/Versions/A/libQuadrature.dylib
0x000000018fa45000 	/System/Library/Frameworks/Accelerate.framework/Versions/A/Frameworks/vecLib.framework/Versions/A/libBNNS.dylib
0x0000000187baf000 	/System/Library/Frameworks/Accelerate.framework/Versions/A/Frameworks/vecLib.framework/Versions/A/libSparse.dylib
0x000000018f938000 	/System/Library/Frameworks/MetalPerformanceShaders.framework/Versions/A/Frameworks/MPSCore.framework/Versions/A/MPSCore
0x0000000190821000 	/System/Library/Frameworks/MetalPerformanceShaders.framework/Versions/A/Frameworks/MPSImage.framework/Versions/A/MPSImage
0x00000001903fe000 	/System/Library/Frameworks/MetalPerformanceShaders.framework/Versions/A/Frameworks/MPSNeuralNetwork.framework/Versions/A/MPSNeuralNetwork
0x000000019079f000 	/System/Library/Frameworks/MetalPerformanceShaders.framework/Versions/A/Frameworks/MPSMatrix.framework/Versions/A/MPSMatrix
0x0000000190602000 	/System/Library/Frameworks/MetalPerformanceShaders.framework/Versions/A/Frameworks/MPSRayIntersector.framework/Versions/A/MPSRayIntersector
0x00000001907ce000 	/System/Library/Frameworks/MetalPerformanceShaders.framework/Versions/A/Frameworks/MPSNDArray.framework/Versions/A/MPSNDArray
0x000000018781e000 	/System/Library/PrivateFrameworks/MetalTools.framework/Versions/A/MetalTools
0x000000018f9a7000 	/System/Library/PrivateFrameworks/AggregateDictionary.framework/Versions/A/AggregateDictionary
0x000000018d028000 	/System/Library/PrivateFrameworks/CoreAnalytics.framework/Versions/A/CoreAnalytics
0x0000000190d86000 	/System/Library/PrivateFrameworks/AppleSauce.framework/Versions/A/AppleSauce
0x000000018ed43000 	/System/Library/PrivateFrameworks/IOAccelerator.framework/Versions/A/IOAccelerator
0x00000001c9170000 	/System/Library/Frameworks/OpenGL.framework/Versions/A/Libraries/libCoreFSCache.dylib
0x000000018828b000 	/System/Library/PrivateFrameworks/LanguageModeling.framework/Versions/A/LanguageModeling
0x000000018ffb3000 	/System/Library/PrivateFrameworks/CoreEmoji.framework/Versions/A/CoreEmoji
0x000000018fa3d000 	/System/Library/PrivateFrameworks/LinguisticData.framework/Versions/A/LinguisticData
0x0000000187b64000 	/System/Library/PrivateFrameworks/Lexicon.framework/Versions/A/Lexicon
0x0000000190c8f000 	/usr/lib/libcmph.dylib
0x000000018d967000 	/System/Library/Frameworks/OpenDirectory.framework/Versions/A/Frameworks/CFOpenDirectory.framework/Versions/A/CFOpenDirectory
0x000000018d959000 	/System/Library/Frameworks/OpenDirectory.framework/Versions/A/OpenDirectory
0x000000019132b000 	/System/Library/PrivateFrameworks/APFS.framework/Versions/A/APFS
0x00000001902cf000 	/System/Library/Frameworks/SecurityFoundation.framework/Versions/A/SecurityFoundation
0x000000019141e000 	/usr/lib/libutil.dylib
0x0000000189806000 	/System/Library/PrivateFrameworks/CoreServicesStore.framework/Versions/A/CoreServicesStore
0x000000019035d000 	/System/Library/Frameworks/ServiceManagement.framework/Versions/A/ServiceManagement
0x0000000191422000 	/usr/lib/libxslt.1.dylib
0x0000000190353000 	/System/Library/PrivateFrameworks/BackgroundTaskManagement.framework/Versions/A/BackgroundTaskManagement
0x0000000192304000 	/System/Library/Frameworks/ImageIO.framework/Versions/A/Resources/libRadiance.dylib
0x000000019230d000 	/System/Library/Frameworks/ImageIO.framework/Versions/A/Resources/libJPEG.dylib
0x0000000192261000 	/System/Library/Frameworks/ImageIO.framework/Versions/A/Resources/libPng.dylib
0x0000000192283000 	/System/Library/Frameworks/ImageIO.framework/Versions/A/Resources/libTIFF.dylib
0x000000019235e000 	/System/Library/Frameworks/ImageIO.framework/Versions/A/Resources/libGIF.dylib
0x0000000191fde000 	/System/Library/Frameworks/ImageIO.framework/Versions/A/Resources/libJP2.dylib
0x0000000191734000 	/usr/lib/libexpat.1.dylib
0x0000000191f9a000 	/System/Library/PrivateFrameworks/AppleJPEG.framework/Versions/A/AppleJPEG
0x000000018ef54000 	/System/Library/PrivateFrameworks/FontServices.framework/libFontParser.dylib
0x000000018cdf9000 	/System/Library/PrivateFrameworks/RunningBoardServices.framework/Versions/A/RunningBoardServices
0x000000019b510000 	/System/Library/PrivateFrameworks/IOSurfaceAccelerator.framework/Versions/A/IOSurfaceAccelerator
0x00000001920c0000 	/System/Library/PrivateFrameworks/WatchdogClient.framework/Versions/A/WatchdogClient
0x000000018837b000 	/System/Library/Frameworks/CoreDisplay.framework/Versions/A/CoreDisplay
0x000000018ee5c000 	/System/Library/Frameworks/CoreMedia.framework/Versions/A/CoreMedia
0x000000018daeb000 	/System/Library/Frameworks/CoreVideo.framework/Versions/A/CoreVideo
0x00000001920fd000 	/System/Library/Frameworks/VideoToolbox.framework/Versions/A/VideoToolbox
0x000000018cd76000 	/System/Library/PrivateFrameworks/BaseBoard.framework/Versions/A/BaseBoard
0x0000000191872000 	/System/Library/PrivateFrameworks/PersistentConnection.framework/Versions/A/PersistentConnection
0x000000018cb35000 	/System/Library/PrivateFrameworks/ProtocolBuffer.framework/Versions/A/ProtocolBuffer
0x000000018cd5f000 	/System/Library/PrivateFrameworks/CommonUtilities.framework/Versions/A/CommonUtilities
0x0000000191f5f000 	/System/Library/PrivateFrameworks/Bom.framework/Versions/A/Bom
0x00000001922ff000 	/System/Library/PrivateFrameworks/GPUWrangler.framework/Versions/A/GPUWrangler
0x00000001922e0000 	/System/Library/PrivateFrameworks/IOPresentment.framework/Versions/A/IOPresentment
0x0000000192307000 	/System/Library/PrivateFrameworks/DSExternalDisplay.framework/Versions/A/DSExternalDisplay
0x0000000192363000 	/System/Library/PrivateFrameworks/CMCaptureCore.framework/Versions/A/CMCaptureCore
0x0000000191cfa000 	/System/Library/PrivateFrameworks/AppServerSupport.framework/Versions/A/AppServerSupport
0x0000000193d2f000 	/System/Library/PrivateFrameworks/perfdata.framework/Versions/A/perfdata
0x00000001902bf000 	/System/Library/PrivateFrameworks/AssertionServices.framework/Versions/A/AssertionServices
0x000000018849e000 	/System/Library/PrivateFrameworks/AudioToolboxCore.framework/Versions/A/AudioToolboxCore
0x000000018ee3c000 	/System/Library/PrivateFrameworks/caulk.framework/Versions/A/caulk
0x00000001a2b5d000 	/System/Library/PrivateFrameworks/SystemPolicy.framework/Versions/A/SystemPolicy
0x0000000191559000 	/usr/lib/libIOReport.dylib
0x00000001935cb000 	/usr/lib/libSMC.dylib
0x000000019222e000 	/usr/lib/libAudioToolboxUtility.dylib
0x00000001a34ea000 	/usr/lib/libmis.dylib
0x00000001c91d2000 	/System/Library/Frameworks/OpenGL.framework/Versions/A/Libraries/libGLU.dylib
0x00000001c9190000 	/System/Library/Frameworks/OpenGL.framework/Versions/A/Libraries/libGFXShared.dylib
0x00000001c9378000 	/System/Library/Frameworks/OpenGL.framework/Versions/A/Libraries/libGL.dylib
0x00000001c9199000 	/System/Library/Frameworks/OpenGL.framework/Versions/A/Libraries/libGLImage.dylib
0x00000001c918d000 	/System/Library/Frameworks/OpenGL.framework/Versions/A/Libraries/libCVMSPluginSupport.dylib
0x00000001c9177000 	/System/Library/Frameworks/OpenGL.framework/Versions/A/Libraries/libCoreVMClient.dylib
0x000000019a04a000 	/System/Library/PrivateFrameworks/ASEProcessing.framework/Versions/A/ASEProcessing
0x0000000191899000 	/System/Library/PrivateFrameworks/GraphVisualizer.framework/Versions/A/GraphVisualizer
0x00000001918a7000 	/System/Library/PrivateFrameworks/FaceCore.framework/Versions/A/FaceCore
0x0000000191cba000 	/System/Library/PrivateFrameworks/OTSVG.framework/Versions/A/OTSVG
0x000000018d714000 	/System/Library/Frameworks/ApplicationServices.framework/Versions/A/Frameworks/ATS.framework/Versions/A/Resources/libFontRegistry.dylib
0x0000000191d02000 	/System/Library/PrivateFrameworks/FontServices.framework/libhvf.dylib
0x00000001c9513000 	/System/Library/Frameworks/OpenCL.framework/Versions/A/OpenCL
0x00000001916e8000 	/System/Library/PrivateFrameworks/AppleVA.framework/Versions/A/AppleVA
0x0000000193417000 	/System/Library/Frameworks/ApplicationServices.framework/Versions/A/Frameworks/ATS.framework/Versions/A/ATS
0x000000019372a000 	/System/Library/Frameworks/ApplicationServices.framework/Versions/A/Frameworks/ColorSyncLegacy.framework/Versions/A/ColorSyncLegacy
0x000000018c3d7000 	/System/Library/Frameworks/ApplicationServices.framework/Versions/A/Frameworks/HIServices.framework/Versions/A/HIServices
0x0000000193709000 	/System/Library/Frameworks/ApplicationServices.framework/Versions/A/Frameworks/LangAnalysis.framework/Versions/A/LangAnalysis
0x000000019236d000 	/System/Library/Frameworks/ApplicationServices.framework/Versions/A/Frameworks/PrintCore.framework/Versions/A/PrintCore
0x0000000193732000 	/System/Library/Frameworks/ApplicationServices.framework/Versions/A/Frameworks/QD.framework/Versions/A/QD
0x0000000193403000 	/System/Library/Frameworks/ApplicationServices.framework/Versions/A/Frameworks/SpeechSynthesis.framework/Versions/A/SpeechSynthesis
0x000000019232e000 	/System/Library/Frameworks/ApplicationServices.framework/Versions/A/Frameworks/ATSUI.framework/Versions/A/ATSUI
0x00000001936ab000 	/usr/lib/libcups.2.dylib
0x000000019371d000 	/System/Library/PrivateFrameworks/NetAuth.framework/Versions/A/NetAuth
0x0000000193d49000 	/System/Library/Frameworks/Kerberos.framework/Versions/A/Kerberos
0x0000000193d5a000 	/System/Library/Frameworks/GSS.framework/Versions/A/GSS
0x0000000193486000 	/usr/lib/libresolv.9.dylib
0x0000000191d18000 	/System/Library/PrivateFrameworks/Heimdal.framework/Versions/A/Heimdal
0x0000000199635000 	/System/Library/Frameworks/Kerberos.framework/Versions/A/Libraries/libHeimdalProxy.dylib
0x000000018cecb000 	/System/Library/Frameworks/Network.framework/Versions/A/Network
0x000000019174f000 	/usr/lib/libheimdal-asn1.dylib
0x0000000193da2000 	/System/Library/PrivateFrameworks/CommonAuth.framework/Versions/A/CommonAuth
0x000000018db3f000 	/System/Library/PrivateFrameworks/login.framework/Versions/A/Frameworks/loginsupport.framework/Versions/A/loginsupport
0x0000000193388000 	/System/Library/PrivateFrameworks/AudioSession.framework/Versions/A/AudioSession
0x00000001933f0000 	/usr/lib/libAudioStatistics.dylib
0x00000001917cf000 	/System/Library/PrivateFrameworks/MediaExperience.framework/Versions/A/MediaExperience
0x0000000193229000 	/System/Library/PrivateFrameworks/AudioSession.framework/libSessionUtility.dylib
0x0000000193d3b000 	/usr/lib/libperfcheck.dylib
0x000000019373e000 	/System/Library/PrivateFrameworks/AudioResourceArbitration.framework/Versions/A/AudioResourceArbitration
0x0000000191758000 	/System/Library/PrivateFrameworks/IconFoundation.framework/Versions/A/IconFoundation
0x00000001961e3000 	/System/Library/PrivateFrameworks/SpeechRecognitionCore.framework/Versions/A/SpeechRecognitionCore
0x0000000109000000 	/Library/Java/JavaVirtualMachines/zulu-16.jdk/Contents/Home/lib/server/libjvm.dylib
0x0000000104b64000 	/Library/Java/JavaVirtualMachines/zulu-16.jdk/Contents/Home/lib/libjimage.dylib
0x0000000104bc8000 	/Library/Java/JavaVirtualMachines/zulu-16.jdk/Contents/Home/lib/libjava.dylib
0x0000000104f70000 	/Library/Java/JavaVirtualMachines/zulu-16.jdk/Contents/Home/lib/libnio.dylib
0x0000000104f90000 	/Library/Java/JavaVirtualMachines/zulu-16.jdk/Contents/Home/lib/libnet.dylib
0x0000000104fb4000 	/Library/Java/JavaVirtualMachines/zulu-16.jdk/Contents/Home/lib/libzip.dylib
0x0000000104fcc000 	/Library/Java/JavaVirtualMachines/zulu-16.jdk/Contents/Home/lib/libverify.dylib


VM Arguments:
jvm_args: -Dorg.gradle.appname=gradlew 
java_command: org.gradle.wrapper.GradleWrapperMain -q -Ptarget-platform=android-arm64 -Ptarget=/Users/jawadashraf/Documents/FlutterProjects/property051apprepo/lib/main.dart -Pdart-defines=Zmx1dHRlci5pbnNwZWN0b3Iuc3RydWN0dXJlZEVycm9ycz10cnVl,RkxVVFRFUl9XRUJfQVVUT19ERVRFQ1Q9dHJ1ZQ== -Pdart-obfuscation=false -Ptrack-widget-creation=true -Ptree-shake-icons=false -Pfilesystem-scheme=org-dartlang-root assembleDebug
java_class_path (initial): /Users/jawadashraf/Documents/FlutterProjects/property051apprepo/android/gradle/wrapper/gradle-wrapper.jar
Launcher Type: SUN_STANDARD

[Global flags]
     intx CICompilerCount                          = 4                                         {product} {ergonomic}
     uint ConcGCThreads                            = 2                                         {product} {ergonomic}
     uint G1ConcRefinementThreads                  = 8                                         {product} {ergonomic}
   size_t G1HeapRegionSize                         = 1048576                                   {product} {ergonomic}
    uintx GCDrainStackTargetSize                   = 64                                        {product} {ergonomic}
   size_t InitialHeapSize                          = 134217728                                 {product} {ergonomic}
   size_t MarkStackSize                            = 4194304                                   {product} {ergonomic}
   size_t MaxHeapSize                              = 2147483648                                {product} {ergonomic}
   size_t MaxNewSize                               = 1287651328                                {product} {ergonomic}
   size_t MinHeapDeltaBytes                        = 1048576                                   {product} {ergonomic}
   size_t MinHeapSize                              = 8388608                                   {product} {ergonomic}
    uintx NonNMethodCodeHeapSize                   = 5839564                                {pd product} {ergonomic}
    uintx NonProfiledCodeHeapSize                  = 122909338                              {pd product} {ergonomic}
    uintx ProfiledCodeHeapSize                     = 122909338                              {pd product} {ergonomic}
    uintx ReservedCodeCacheSize                    = 251658240                              {pd product} {ergonomic}
     bool SegmentedCodeCache                       = true                                      {product} {ergonomic}
   size_t SoftMaxHeapSize                          = 2147483648                             {manageable} {ergonomic}
     bool UseCompressedClassPointers               = true                           {product lp64_product} {ergonomic}
     bool UseCompressedOops                        = true                           {product lp64_product} {ergonomic}
     bool UseG1GC                                  = true                                      {product} {ergonomic}
     bool UseNUMA                                  = false                                     {product} {ergonomic}
     bool UseNUMAInterleaving                      = false                                     {product} {ergonomic}

Logging:
Log output configuration:
 #0: stdout all=warning uptime,level,tags
 #1: stderr all=off uptime,level,tags

Environment Variables:
PATH=/usr/bin:/bin:/usr/sbin:/sbin
SHELL=/bin/zsh

Signal Handlers:
SIGSEGV: [libjvm.dylib+0x9ace24], sa_mask[0]=11100110000111110111111111111111, sa_flags=SA_ONSTACK|SA_RESTART|SA_SIGINFO
SIGBUS: [libjvm.dylib+0x9ace24], sa_mask[0]=11100110000111110111111111111111, sa_flags=SA_RESTART|SA_SIGINFO
SIGFPE: [libjvm.dylib+0x9ace24], sa_mask[0]=11100110000111110111111111111111, sa_flags=SA_RESTART|SA_SIGINFO
SIGPIPE: [libjvm.dylib+0x8964e0], sa_mask[0]=11100110000111110111111111111111, sa_flags=SA_RESTART|SA_SIGINFO
SIGXFSZ: [libjvm.dylib+0x8964e0], sa_mask[0]=11100110000111110111111111111111, sa_flags=SA_RESTART|SA_SIGINFO
SIGILL: [libjvm.dylib+0x9ace24], sa_mask[0]=11100110000111110111111111111111, sa_flags=SA_RESTART|SA_SIGINFO
SIGUSR2: [libjvm.dylib+0x896f18], sa_mask[0]=00000000000000000000010000000000, sa_flags=SA_RESTART|SA_SIGINFO
SIGHUP: [libjvm.dylib+0x895590], sa_mask[0]=11100110000111110111111111111111, sa_flags=SA_RESTART|SA_SIGINFO
SIGINT: [libjvm.dylib+0x895590], sa_mask[0]=11100110000111110111111111111111, sa_flags=SA_RESTART|SA_SIGINFO
SIGTERM: [libjvm.dylib+0x895590], sa_mask[0]=11100110000111110111111111111111, sa_flags=SA_RESTART|SA_SIGINFO
SIGQUIT: [libjvm.dylib+0x895590], sa_mask[0]=11100110000111110111111111111111, sa_flags=SA_RESTART|SA_SIGINFO
SIGTRAP: [libjvm.dylib+0x9ace24], sa_mask[0]=11100110000111110111111111111111, sa_flags=SA_RESTART|SA_SIGINFO


---------------  S Y S T E M  ---------------

OS:uname: Darwin 20.6.0 Darwin Kernel Version 20.6.0: Mon Aug 30 06:12:20 PDT 2021; root:xnu-7195.141.6~3/RELEASE_ARM64_T8101 arm64
OS uptime: 0 days 0:39 hours
rlimit (soft/hard): STACK 8176k/65520k , CORE 0k/infinity , NPROC 1333/2000 , NOFILE 10240/infinity , AS infinity/infinity , CPU infinity/infinity , DATA infinity/infinity , FSIZE infinity/infinity , MEMLOCK infinity/infinity , RSS infinity/infinity
load average: 1.28 1.17 1.56

CPU: total 8 (initial active 8) 0x61:0x0:0x1b588bb3:0, simd, crc, lse

Memory: 16k page, physical 8388608k(194176k free), swap 0k(0k free)

vm_info: OpenJDK 64-Bit Server VM (16.0.1+9) for bsd-aarch64 JRE (16.0.1+9) (Zulu16.30+15-CA), built on Apr 20 2021 17:19:00 by "zulu_re" with clang Apple LLVM 12.0.0 (clang-1200.0.32.28)

END.
