#
# A fatal error has been detected by the Java Runtime Environment:
#
#  Internal Error (sharedRuntime.cpp:532), pid=1517, tid=10243
#  Error: ShouldNotReachHere()
#
# JRE version: OpenJDK Runtime Environment Zulu16.30+15-CA (16.0.1+9) (build 16.0.1+9)
# Java VM: OpenJDK 64-Bit Server VM Zulu16.30+15-CA (16.0.1+9, mixed mode, tiered, compressed oops, compressed class ptrs, g1 gc, bsd-aarch64)
# No core dump will be written. Core dumps have been disabled. To enable core dumping, try "ulimit -c unlimited" before starting Java again
#
# If you would like to submit a bug report, please visit:
#   http://www.azulsystems.com/support/
#

---------------  S U M M A R Y ------------

Command Line: -Dorg.gradle.appname=gradlew org.gradle.wrapper.GradleWrapperMain -q -Ptarget-platform=android-arm64 -Ptarget=/Users/jawadashraf/Documents/FlutterProjects/property051apprepo/lib/main.dart -Pdart-defines=Zmx1dHRlci5pbnNwZWN0b3Iuc3RydWN0dXJlZEVycm9ycz10cnVl,RkxVVFRFUl9XRUJfQVVUT19ERVRFQ1Q9dHJ1ZQ== -Pdart-obfuscation=false -Ptrack-widget-creation=true -Ptree-shake-icons=false -Pfilesystem-scheme=org-dartlang-root assembleDebug

Host: Macmini9,1 arm64 1 MHz, 8 cores, 8G, Darwin 20.6.0, macOS 11.6 (20G165)
Time: Thu Oct  7 12:36:45 2021 PKT elapsed time: 0.515574 seconds (0d 0h 0m 0s)

---------------  T H R E A D  ---------------

Current thread (0x0000000130008a00):  JavaThread "main" [_thread_in_Java, id=10243, stack(0x000000016d02c000,0x000000016d22f000)]

Stack: [0x000000016d02c000,0x000000016d22f000],  sp=0x000000016d22c860,  free space=2050k
Native frames: (J=compiled Java code, A=aot compiled Java code, j=interpreted, Vv=VM code, C=native code)
V  [libjvm.dylib+0x9abf04]  VMError::report_and_die(int, char const*, char const*, char*, Thread*, unsigned char*, void*, void*, char const*, int, unsigned long)+0x46c
V  [libjvm.dylib+0x9ac658]  VMError::report_and_die(Thread*, void*, char const*, int, char const*, char const*, char*)+0x40
V  [libjvm.dylib+0x2a9ab0]  report_vm_error(char const*, int, char const*, char const*, ...)+0x5c
V  [libjvm.dylib+0x2a9c84]  report_should_not_reach_here(char const*, int)+0x2c
V  [libjvm.dylib+0x81380c]  SharedRuntime::raw_exception_handler_for_return_address(JavaThread*, unsigned char*)+0x178
V  [libjvm.dylib+0x8138b0]  SharedRuntime::exception_handler_for_return_address(JavaThread*, unsigned char*)+0x28
v  ~StubRoutines::forward exception
j  org.slf4j.MarkerFactory.<clinit>()V+0
v  ~StubRoutines::call_stub
V  [libjvm.dylib+0x43f6b8]  JavaCalls::call_helper(JavaValue*, methodHandle const&, JavaCallArguments*, Thread*)+0x30c
V  [libjvm.dylib+0x421084]  InstanceKlass::call_class_initializer(Thread*)+0x1e8
V  [libjvm.dylib+0x4207b0]  InstanceKlass::initialize_impl(Thread*)+0x57c
V  [libjvm.dylib+0x657db4]  LinkResolver::resolve_static_call(CallInfo&, LinkInfo const&, bool, Thread*)+0x78
V  [libjvm.dylib+0x659d8c]  LinkResolver::resolve_invoke(CallInfo&, Handle, constantPoolHandle const&, int, Bytecodes::Code, Thread*)+0xac
V  [libjvm.dylib+0x4389d4]  InterpreterRuntime::resolve_invoke(JavaThread*, Bytecodes::Code)+0x29c
V  [libjvm.dylib+0x438fd0]  InterpreterRuntime::resolve_from_cache(JavaThread*, Bytecodes::Code)+0x7c
j  org.gradle.api.logging.Logging.<clinit>()V+2
v  ~StubRoutines::call_stub
V  [libjvm.dylib+0x43f6b8]  JavaCalls::call_helper(JavaValue*, methodHandle const&, JavaCallArguments*, Thread*)+0x30c
V  [libjvm.dylib+0x421084]  InstanceKlass::call_class_initializer(Thread*)+0x1e8
V  [libjvm.dylib+0x4207b0]  InstanceKlass::initialize_impl(Thread*)+0x57c
V  [libjvm.dylib+0x657db4]  LinkResolver::resolve_static_call(CallInfo&, LinkInfo const&, bool, Thread*)+0x78
V  [libjvm.dylib+0x659d8c]  LinkResolver::resolve_invoke(CallInfo&, Handle, constantPoolHandle const&, int, Bytecodes::Code, Thread*)+0xac
V  [libjvm.dylib+0x4389d4]  InterpreterRuntime::resolve_invoke(JavaThread*, Bytecodes::Code)+0x29c
V  [libjvm.dylib+0x438fd0]  InterpreterRuntime::resolve_from_cache(JavaThread*, Bytecodes::Code)+0x7c
j  org.gradle.launcher.cli.DebugLoggerWarningAction.<init>(Lorg/gradle/api/logging/configuration/LoggingConfiguration;Lorg/gradle/api/Action;)V+3
j  org.gradle.launcher.cli.DefaultCommandLineActionFactory$WithLogging.execute(Lorg/gradle/launcher/bootstrap/ExecutionListener;)V+245
j  org.gradle.launcher.Main.doAction([Ljava/lang/String;Lorg/gradle/launcher/bootstrap/ExecutionListener;)V+14
j  org.gradle.launcher.bootstrap.EntryPoint.run([Ljava/lang/String;)V+12
v  ~StubRoutines::call_stub
V  [libjvm.dylib+0x43f6b8]  JavaCalls::call_helper(JavaValue*, methodHandle const&, JavaCallArguments*, Thread*)+0x30c
V  [libjvm.dylib+0x7f1008]  invoke(InstanceKlass*, methodHandle const&, Handle, bool, objArrayHandle, BasicType, objArrayHandle, bool, Thread*)+0x914
V  [libjvm.dylib+0x7f067c]  Reflection::invoke_method(oopDesc*, Handle, objArrayHandle, Thread*)+0x150
V  [libjvm.dylib+0x4f3b14]  JVM_InvokeMethod+0x358
j  jdk.internal.reflect.NativeMethodAccessorImpl.invoke0(Ljava/lang/reflect/Method;Ljava/lang/Object;[Ljava/lang/Object;)Ljava/lang/Object;+0 java.base@16.0.1
j  jdk.internal.reflect.NativeMethodAccessorImpl.invoke(Ljava/lang/Object;[Ljava/lang/Object;)Ljava/lang/Object;+146 java.base@16.0.1
j  jdk.internal.reflect.DelegatingMethodAccessorImpl.invoke(Ljava/lang/Object;[Ljava/lang/Object;)Ljava/lang/Object;+6 java.base@16.0.1
j  java.lang.reflect.Method.invoke(Ljava/lang/Object;[Ljava/lang/Object;)Ljava/lang/Object;+59 java.base@16.0.1
j  org.gradle.launcher.bootstrap.ProcessBootstrap.runNoExit(Ljava/lang/String;[Ljava/lang/String;)V+161
j  org.gradle.launcher.bootstrap.ProcessBootstrap.run(Ljava/lang/String;[Ljava/lang/String;)V+3
j  org.gradle.launcher.GradleMain.main([Ljava/lang/String;)V+36
v  ~StubRoutines::call_stub
V  [libjvm.dylib+0x43f6b8]  JavaCalls::call_helper(JavaValue*, methodHandle const&, JavaCallArguments*, Thread*)+0x30c
V  [libjvm.dylib+0x7f1008]  invoke(InstanceKlass*, methodHandle const&, Handle, bool, objArrayHandle, BasicType, objArrayHandle, bool, Thread*)+0x914
V  [libjvm.dylib+0x7f067c]  Reflection::invoke_method(oopDesc*, Handle, objArrayHandle, Thread*)+0x150
V  [libjvm.dylib+0x4f3b14]  JVM_InvokeMethod+0x358
j  jdk.internal.reflect.NativeMethodAccessorImpl.invoke0(Ljava/lang/reflect/Method;Ljava/lang/Object;[Ljava/lang/Object;)Ljava/lang/Object;+0 java.base@16.0.1
j  jdk.internal.reflect.NativeMethodAccessorImpl.invoke(Ljava/lang/Object;[Ljava/lang/Object;)Ljava/lang/Object;+146 java.base@16.0.1
j  jdk.internal.reflect.DelegatingMethodAccessorImpl.invoke(Ljava/lang/Object;[Ljava/lang/Object;)Ljava/lang/Object;+6 java.base@16.0.1
j  java.lang.reflect.Method.invoke(Ljava/lang/Object;[Ljava/lang/Object;)Ljava/lang/Object;+59 java.base@16.0.1
j  org.gradle.wrapper.BootstrapMainStarter.start([Ljava/lang/String;Ljava/io/File;)V+82
j  org.gradle.wrapper.WrapperExecutor.execute([Ljava/lang/String;Lorg/gradle/wrapper/Install;Lorg/gradle/wrapper/BootstrapMainStarter;)V+14
j  org.gradle.wrapper.GradleWrapperMain.main([Ljava/lang/String;)V+190
v  ~StubRoutines::call_stub
V  [libjvm.dylib+0x43f6b8]  JavaCalls::call_helper(JavaValue*, methodHandle const&, JavaCallArguments*, Thread*)+0x30c
V  [libjvm.dylib+0x4a10fc]  jni_invoke_static(JNIEnv_*, JavaValue*, _jobject*, JNICallType, _jmethodID*, JNI_ArgumentPusher*, Thread*)+0x120
V  [libjvm.dylib+0x4a4510]  jni_CallStaticVoidMethod+0x120
C  [libjli.dylib+0x5430]  JavaMain+0x9d4
C  [libjli.dylib+0x778c]  ThreadJavaMain+0xc
C  [libsystem_pthread.dylib+0x7878]  _pthread_start+0x140


---------------  P R O C E S S  ---------------

Threads class SMR info:
_java_thread_list=0x0000000137e19d50, length=11, elements={
0x0000000130008a00, 0x000000013003f000, 0x0000000130041800, 0x000000013900a600,
0x0000000138029c00, 0x000000013900d200, 0x000000013802a200, 0x0000000138014200,
0x000000013900d800, 0x0000000139893000, 0x0000000130041e00
}

Java Threads: ( => current thread )
=>0x0000000130008a00 JavaThread "main" [_thread_in_Java, id=10243, stack(0x000000016d02c000,0x000000016d22f000)]
  0x000000013003f000 JavaThread "Reference Handler" daemon [_thread_blocked, id=18179, stack(0x000000016de80000,0x000000016e083000)]
  0x0000000130041800 JavaThread "Finalizer" daemon [_thread_blocked, id=17667, stack(0x000000016e08c000,0x000000016e28f000)]
  0x000000013900a600 JavaThread "Signal Dispatcher" daemon [_thread_blocked, id=42499, stack(0x000000016e3b0000,0x000000016e5b3000)]
  0x0000000138029c00 JavaThread "Service Thread" daemon [_thread_blocked, id=22531, stack(0x000000016e5bc000,0x000000016e7bf000)]
  0x000000013900d200 JavaThread "Monitor Deflation Thread" daemon [_thread_blocked, id=41987, stack(0x000000016e7c8000,0x000000016e9cb000)]
  0x000000013802a200 JavaThread "C2 CompilerThread0" daemon [_thread_blocked, id=41731, stack(0x000000016e9d4000,0x000000016ebd7000)]
  0x0000000138014200 JavaThread "C1 CompilerThread0" daemon [_thread_blocked, id=23299, stack(0x000000016ebe0000,0x000000016ede3000)]
  0x000000013900d800 JavaThread "Sweeper thread" daemon [_thread_blocked, id=41219, stack(0x000000016edec000,0x000000016efef000)]
  0x0000000139893000 JavaThread "Notification Thread" daemon [_thread_blocked, id=23555, stack(0x000000016eff8000,0x000000016f1fb000)]
  0x0000000130041e00 JavaThread "Common-Cleaner" daemon [_thread_blocked, id=40195, stack(0x000000016f410000,0x000000016f613000)]

Other Threads:
  0x0000000137e1c8d0 VMThread "VM Thread" [stack: 0x000000016dc74000,0x000000016de77000] [id=18435]
  0x0000000137f5d240 WatcherThread [stack: 0x000000016f204000,0x000000016f407000] [id=40451]
  0x0000000138913de0 GCTaskThread "GC Thread#0" [stack: 0x000000016d238000,0x000000016d43b000] [id=20483]
  0x0000000138914d30 ConcurrentGCThread "G1 Main Marker" [stack: 0x000000016d444000,0x000000016d647000] [id=20227]
  0x0000000138915c30 ConcurrentGCThread "G1 Conc#0" [stack: 0x000000016d650000,0x000000016d853000] [id=14083]
  0x0000000137f22ca0 ConcurrentGCThread "G1 Refine#0" [stack: 0x000000016d85c000,0x000000016da5f000] [id=19715]
  0x0000000138916a80 ConcurrentGCThread "G1 Service" [stack: 0x000000016da68000,0x000000016dc6b000] [id=14851]

Threads with active compile tasks:

VM state: not at safepoint (normal execution)

VM Mutex/Monitor currently owned by a thread: None

Heap address: 0x0000000740000000, size: 2048 MB, Compressed Oops mode: Zero based, Oop shift amount: 3

Compressed class space mapped at: 0x0000000300000000-0x0000000340000000, reserved size: 1073741824
Narrow klass base: 0x0000000000000000, Narrow klass shift: 3, Narrow klass range: 0x340000000

GC Precious Log:
 CPUs: 8 total, 8 available
 Memory: 8192M
 Large Page Support: Disabled
 NUMA Support: Disabled
 Compressed Oops: Enabled (Zero based)
 Heap Region Size: 1M
 Heap Min Capacity: 8M
 Heap Initial Capacity: 128M
 Heap Max Capacity: 2G
 Pre-touch: Disabled
 Parallel Workers: 8
 Concurrent Workers: 2
 Concurrent Refinement Workers: 8
 Periodic GC: Disabled

Heap:
 garbage-first heap   total 131072K, used 26624K [0x0000000740000000, 0x00000007c0000000)
  region size 1024K, 22 young (22528K), 0 survivors (0K)
 Metaspace       used 10817K, committed 11136K, reserved 1064960K
  class space    used 1072K, committed 1216K, reserved 1048576K

Heap Regions: E=young(eden), S=young(survivor), O=old, HS=humongous(starts), HC=humongous(continues), CS=collection set, F=free, OA=open archive, CA=closed archive, TAMS=top-at-mark-start (previous, next)
|   0|0x0000000740000000, 0x0000000740100000, 0x0000000740100000|100%|HS|  |TAMS 0x0000000740000000, 0x0000000740000000| Complete 
|   1|0x0000000740100000, 0x0000000740200000, 0x0000000740200000|100%|HC|  |TAMS 0x0000000740100000, 0x0000000740100000| Complete 
|   2|0x0000000740200000, 0x0000000740300000, 0x0000000740300000|100%|HC|  |TAMS 0x0000000740200000, 0x0000000740200000| Complete 
|   3|0x0000000740300000, 0x0000000740400000, 0x0000000740400000|100%|HS|  |TAMS 0x0000000740300000, 0x0000000740300000| Complete 
|   4|0x0000000740400000, 0x0000000740500000, 0x0000000740500000|100%|HC|  |TAMS 0x0000000740400000, 0x0000000740400000| Complete 
|   5|0x0000000740500000, 0x0000000740600000, 0x0000000740600000|100%|HC|  |TAMS 0x0000000740500000, 0x0000000740500000| Complete 
|   6|0x0000000740600000, 0x0000000740600000, 0x0000000740700000|  0%| F|  |TAMS 0x0000000740600000, 0x0000000740600000| Untracked 
|   7|0x0000000740700000, 0x0000000740700000, 0x0000000740800000|  0%| F|  |TAMS 0x0000000740700000, 0x0000000740700000| Untracked 
|   8|0x0000000740800000, 0x0000000740800000, 0x0000000740900000|  0%| F|  |TAMS 0x0000000740800000, 0x0000000740800000| Untracked 
|   9|0x0000000740900000, 0x0000000740900000, 0x0000000740a00000|  0%| F|  |TAMS 0x0000000740900000, 0x0000000740900000| Untracked 
|  10|0x0000000740a00000, 0x0000000740a00000, 0x0000000740b00000|  0%| F|  |TAMS 0x0000000740a00000, 0x0000000740a00000| Untracked 
|  11|0x0000000740b00000, 0x0000000740b00000, 0x0000000740c00000|  0%| F|  |TAMS 0x0000000740b00000, 0x0000000740b00000| Untracked 
|  12|0x0000000740c00000, 0x0000000740c00000, 0x0000000740d00000|  0%| F|  |TAMS 0x0000000740c00000, 0x0000000740c00000| Untracked 
|  13|0x0000000740d00000, 0x0000000740d00000, 0x0000000740e00000|  0%| F|  |TAMS 0x0000000740d00000, 0x0000000740d00000| Untracked 
|  14|0x0000000740e00000, 0x0000000740e00000, 0x0000000740f00000|  0%| F|  |TAMS 0x0000000740e00000, 0x0000000740e00000| Untracked 
|  15|0x0000000740f00000, 0x0000000740f00000, 0x0000000741000000|  0%| F|  |TAMS 0x0000000740f00000, 0x0000000740f00000| Untracked 
|  16|0x0000000741000000, 0x0000000741000000, 0x0000000741100000|  0%| F|  |TAMS 0x0000000741000000, 0x0000000741000000| Untracked 
|  17|0x0000000741100000, 0x0000000741100000, 0x0000000741200000|  0%| F|  |TAMS 0x0000000741100000, 0x0000000741100000| Untracked 
|  18|0x0000000741200000, 0x0000000741200000, 0x0000000741300000|  0%| F|  |TAMS 0x0000000741200000, 0x0000000741200000| Untracked 
|  19|0x0000000741300000, 0x0000000741300000, 0x0000000741400000|  0%| F|  |TAMS 0x0000000741300000, 0x0000000741300000| Untracked 
|  20|0x0000000741400000, 0x0000000741400000, 0x0000000741500000|  0%| F|  |TAMS 0x0000000741400000, 0x0000000741400000| Untracked 
|  21|0x0000000741500000, 0x0000000741500000, 0x0000000741600000|  0%| F|  |TAMS 0x0000000741500000, 0x0000000741500000| Untracked 
|  22|0x0000000741600000, 0x0000000741600000, 0x0000000741700000|  0%| F|  |TAMS 0x0000000741600000, 0x0000000741600000| Untracked 
|  23|0x0000000741700000, 0x0000000741700000, 0x0000000741800000|  0%| F|  |TAMS 0x0000000741700000, 0x0000000741700000| Untracked 
|  24|0x0000000741800000, 0x0000000741800000, 0x0000000741900000|  0%| F|  |TAMS 0x0000000741800000, 0x0000000741800000| Untracked 
|  25|0x0000000741900000, 0x0000000741900000, 0x0000000741a00000|  0%| F|  |TAMS 0x0000000741900000, 0x0000000741900000| Untracked 
|  26|0x0000000741a00000, 0x0000000741a00000, 0x0000000741b00000|  0%| F|  |TAMS 0x0000000741a00000, 0x0000000741a00000| Untracked 
|  27|0x0000000741b00000, 0x0000000741b00000, 0x0000000741c00000|  0%| F|  |TAMS 0x0000000741b00000, 0x0000000741b00000| Untracked 
|  28|0x0000000741c00000, 0x0000000741c00000, 0x0000000741d00000|  0%| F|  |TAMS 0x0000000741c00000, 0x0000000741c00000| Untracked 
|  29|0x0000000741d00000, 0x0000000741d00000, 0x0000000741e00000|  0%| F|  |TAMS 0x0000000741d00000, 0x0000000741d00000| Untracked 
|  30|0x0000000741e00000, 0x0000000741e00000, 0x0000000741f00000|  0%| F|  |TAMS 0x0000000741e00000, 0x0000000741e00000| Untracked 
|  31|0x0000000741f00000, 0x0000000741f00000, 0x0000000742000000|  0%| F|  |TAMS 0x0000000741f00000, 0x0000000741f00000| Untracked 
|  32|0x0000000742000000, 0x0000000742000000, 0x0000000742100000|  0%| F|  |TAMS 0x0000000742000000, 0x0000000742000000| Untracked 
|  33|0x0000000742100000, 0x0000000742100000, 0x0000000742200000|  0%| F|  |TAMS 0x0000000742100000, 0x0000000742100000| Untracked 
|  34|0x0000000742200000, 0x0000000742200000, 0x0000000742300000|  0%| F|  |TAMS 0x0000000742200000, 0x0000000742200000| Untracked 
|  35|0x0000000742300000, 0x0000000742300000, 0x0000000742400000|  0%| F|  |TAMS 0x0000000742300000, 0x0000000742300000| Untracked 
|  36|0x0000000742400000, 0x0000000742400000, 0x0000000742500000|  0%| F|  |TAMS 0x0000000742400000, 0x0000000742400000| Untracked 
|  37|0x0000000742500000, 0x0000000742500000, 0x0000000742600000|  0%| F|  |TAMS 0x0000000742500000, 0x0000000742500000| Untracked 
|  38|0x0000000742600000, 0x0000000742600000, 0x0000000742700000|  0%| F|  |TAMS 0x0000000742600000, 0x0000000742600000| Untracked 
|  39|0x0000000742700000, 0x0000000742700000, 0x0000000742800000|  0%| F|  |TAMS 0x0000000742700000, 0x0000000742700000| Untracked 
|  40|0x0000000742800000, 0x0000000742800000, 0x0000000742900000|  0%| F|  |TAMS 0x0000000742800000, 0x0000000742800000| Untracked 
|  41|0x0000000742900000, 0x0000000742900000, 0x0000000742a00000|  0%| F|  |TAMS 0x0000000742900000, 0x0000000742900000| Untracked 
|  42|0x0000000742a00000, 0x0000000742a00000, 0x0000000742b00000|  0%| F|  |TAMS 0x0000000742a00000, 0x0000000742a00000| Untracked 
|  43|0x0000000742b00000, 0x0000000742b00000, 0x0000000742c00000|  0%| F|  |TAMS 0x0000000742b00000, 0x0000000742b00000| Untracked 
|  44|0x0000000742c00000, 0x0000000742c00000, 0x0000000742d00000|  0%| F|  |TAMS 0x0000000742c00000, 0x0000000742c00000| Untracked 
|  45|0x0000000742d00000, 0x0000000742d00000, 0x0000000742e00000|  0%| F|  |TAMS 0x0000000742d00000, 0x0000000742d00000| Untracked 
|  46|0x0000000742e00000, 0x0000000742e00000, 0x0000000742f00000|  0%| F|  |TAMS 0x0000000742e00000, 0x0000000742e00000| Untracked 
|  47|0x0000000742f00000, 0x0000000742f00000, 0x0000000743000000|  0%| F|  |TAMS 0x0000000742f00000, 0x0000000742f00000| Untracked 
|  48|0x0000000743000000, 0x0000000743000000, 0x0000000743100000|  0%| F|  |TAMS 0x0000000743000000, 0x0000000743000000| Untracked 
|  49|0x0000000743100000, 0x0000000743100000, 0x0000000743200000|  0%| F|  |TAMS 0x0000000743100000, 0x0000000743100000| Untracked 
|  50|0x0000000743200000, 0x0000000743200000, 0x0000000743300000|  0%| F|  |TAMS 0x0000000743200000, 0x0000000743200000| Untracked 
|  51|0x0000000743300000, 0x0000000743300000, 0x0000000743400000|  0%| F|  |TAMS 0x0000000743300000, 0x0000000743300000| Untracked 
|  52|0x0000000743400000, 0x0000000743400000, 0x0000000743500000|  0%| F|  |TAMS 0x0000000743400000, 0x0000000743400000| Untracked 
|  53|0x0000000743500000, 0x0000000743500000, 0x0000000743600000|  0%| F|  |TAMS 0x0000000743500000, 0x0000000743500000| Untracked 
|  54|0x0000000743600000, 0x0000000743600000, 0x0000000743700000|  0%| F|  |TAMS 0x0000000743600000, 0x0000000743600000| Untracked 
|  55|0x0000000743700000, 0x0000000743700000, 0x0000000743800000|  0%| F|  |TAMS 0x0000000743700000, 0x0000000743700000| Untracked 
|  56|0x0000000743800000, 0x0000000743800000, 0x0000000743900000|  0%| F|  |TAMS 0x0000000743800000, 0x0000000743800000| Untracked 
|  57|0x0000000743900000, 0x0000000743900000, 0x0000000743a00000|  0%| F|  |TAMS 0x0000000743900000, 0x0000000743900000| Untracked 
|  58|0x0000000743a00000, 0x0000000743a00000, 0x0000000743b00000|  0%| F|  |TAMS 0x0000000743a00000, 0x0000000743a00000| Untracked 
|  59|0x0000000743b00000, 0x0000000743b00000, 0x0000000743c00000|  0%| F|  |TAMS 0x0000000743b00000, 0x0000000743b00000| Untracked 
|  60|0x0000000743c00000, 0x0000000743c00000, 0x0000000743d00000|  0%| F|  |TAMS 0x0000000743c00000, 0x0000000743c00000| Untracked 
|  61|0x0000000743d00000, 0x0000000743d00000, 0x0000000743e00000|  0%| F|  |TAMS 0x0000000743d00000, 0x0000000743d00000| Untracked 
|  62|0x0000000743e00000, 0x0000000743e00000, 0x0000000743f00000|  0%| F|  |TAMS 0x0000000743e00000, 0x0000000743e00000| Untracked 
|  63|0x0000000743f00000, 0x0000000743f00000, 0x0000000744000000|  0%| F|  |TAMS 0x0000000743f00000, 0x0000000743f00000| Untracked 
|  64|0x0000000744000000, 0x0000000744000000, 0x0000000744100000|  0%| F|  |TAMS 0x0000000744000000, 0x0000000744000000| Untracked 
|  65|0x0000000744100000, 0x0000000744100000, 0x0000000744200000|  0%| F|  |TAMS 0x0000000744100000, 0x0000000744100000| Untracked 
|  66|0x0000000744200000, 0x0000000744200000, 0x0000000744300000|  0%| F|  |TAMS 0x0000000744200000, 0x0000000744200000| Untracked 
|  67|0x0000000744300000, 0x0000000744300000, 0x0000000744400000|  0%| F|  |TAMS 0x0000000744300000, 0x0000000744300000| Untracked 
|  68|0x0000000744400000, 0x0000000744400000, 0x0000000744500000|  0%| F|  |TAMS 0x0000000744400000, 0x0000000744400000| Untracked 
|  69|0x0000000744500000, 0x0000000744500000, 0x0000000744600000|  0%| F|  |TAMS 0x0000000744500000, 0x0000000744500000| Untracked 
|  70|0x0000000744600000, 0x0000000744600000, 0x0000000744700000|  0%| F|  |TAMS 0x0000000744600000, 0x0000000744600000| Untracked 
|  71|0x0000000744700000, 0x0000000744700000, 0x0000000744800000|  0%| F|  |TAMS 0x0000000744700000, 0x0000000744700000| Untracked 
|  72|0x0000000744800000, 0x0000000744800000, 0x0000000744900000|  0%| F|  |TAMS 0x0000000744800000, 0x0000000744800000| Untracked 
|  73|0x0000000744900000, 0x0000000744900000, 0x0000000744a00000|  0%| F|  |TAMS 0x0000000744900000, 0x0000000744900000| Untracked 
|  74|0x0000000744a00000, 0x0000000744a00000, 0x0000000744b00000|  0%| F|  |TAMS 0x0000000744a00000, 0x0000000744a00000| Untracked 
|  75|0x0000000744b00000, 0x0000000744b00000, 0x0000000744c00000|  0%| F|  |TAMS 0x0000000744b00000, 0x0000000744b00000| Untracked 
|  76|0x0000000744c00000, 0x0000000744c00000, 0x0000000744d00000|  0%| F|  |TAMS 0x0000000744c00000, 0x0000000744c00000| Untracked 
|  77|0x0000000744d00000, 0x0000000744d00000, 0x0000000744e00000|  0%| F|  |TAMS 0x0000000744d00000, 0x0000000744d00000| Untracked 
|  78|0x0000000744e00000, 0x0000000744e00000, 0x0000000744f00000|  0%| F|  |TAMS 0x0000000744e00000, 0x0000000744e00000| Untracked 
|  79|0x0000000744f00000, 0x0000000744f00000, 0x0000000745000000|  0%| F|  |TAMS 0x0000000744f00000, 0x0000000744f00000| Untracked 
|  80|0x0000000745000000, 0x0000000745000000, 0x0000000745100000|  0%| F|  |TAMS 0x0000000745000000, 0x0000000745000000| Untracked 
|  81|0x0000000745100000, 0x0000000745100000, 0x0000000745200000|  0%| F|  |TAMS 0x0000000745100000, 0x0000000745100000| Untracked 
|  82|0x0000000745200000, 0x0000000745200000, 0x0000000745300000|  0%| F|  |TAMS 0x0000000745200000, 0x0000000745200000| Untracked 
|  83|0x0000000745300000, 0x0000000745300000, 0x0000000745400000|  0%| F|  |TAMS 0x0000000745300000, 0x0000000745300000| Untracked 
|  84|0x0000000745400000, 0x0000000745400000, 0x0000000745500000|  0%| F|  |TAMS 0x0000000745400000, 0x0000000745400000| Untracked 
|  85|0x0000000745500000, 0x0000000745500000, 0x0000000745600000|  0%| F|  |TAMS 0x0000000745500000, 0x0000000745500000| Untracked 
|  86|0x0000000745600000, 0x0000000745600000, 0x0000000745700000|  0%| F|  |TAMS 0x0000000745600000, 0x0000000745600000| Untracked 
|  87|0x0000000745700000, 0x0000000745700000, 0x0000000745800000|  0%| F|  |TAMS 0x0000000745700000, 0x0000000745700000| Untracked 
|  88|0x0000000745800000, 0x0000000745800000, 0x0000000745900000|  0%| F|  |TAMS 0x0000000745800000, 0x0000000745800000| Untracked 
|  89|0x0000000745900000, 0x0000000745900000, 0x0000000745a00000|  0%| F|  |TAMS 0x0000000745900000, 0x0000000745900000| Untracked 
|  90|0x0000000745a00000, 0x0000000745a00000, 0x0000000745b00000|  0%| F|  |TAMS 0x0000000745a00000, 0x0000000745a00000| Untracked 
|  91|0x0000000745b00000, 0x0000000745b00000, 0x0000000745c00000|  0%| F|  |TAMS 0x0000000745b00000, 0x0000000745b00000| Untracked 
|  92|0x0000000745c00000, 0x0000000745c00000, 0x0000000745d00000|  0%| F|  |TAMS 0x0000000745c00000, 0x0000000745c00000| Untracked 
|  93|0x0000000745d00000, 0x0000000745d00000, 0x0000000745e00000|  0%| F|  |TAMS 0x0000000745d00000, 0x0000000745d00000| Untracked 
|  94|0x0000000745e00000, 0x0000000745e00000, 0x0000000745f00000|  0%| F|  |TAMS 0x0000000745e00000, 0x0000000745e00000| Untracked 
|  95|0x0000000745f00000, 0x0000000745f00000, 0x0000000746000000|  0%| F|  |TAMS 0x0000000745f00000, 0x0000000745f00000| Untracked 
|  96|0x0000000746000000, 0x0000000746000000, 0x0000000746100000|  0%| F|  |TAMS 0x0000000746000000, 0x0000000746000000| Untracked 
|  97|0x0000000746100000, 0x0000000746100000, 0x0000000746200000|  0%| F|  |TAMS 0x0000000746100000, 0x0000000746100000| Untracked 
|  98|0x0000000746200000, 0x0000000746200000, 0x0000000746300000|  0%| F|  |TAMS 0x0000000746200000, 0x0000000746200000| Untracked 
|  99|0x0000000746300000, 0x0000000746300000, 0x0000000746400000|  0%| F|  |TAMS 0x0000000746300000, 0x0000000746300000| Untracked 
| 100|0x0000000746400000, 0x0000000746400000, 0x0000000746500000|  0%| F|  |TAMS 0x0000000746400000, 0x0000000746400000| Untracked 
| 101|0x0000000746500000, 0x0000000746500000, 0x0000000746600000|  0%| F|  |TAMS 0x0000000746500000, 0x0000000746500000| Untracked 
| 102|0x0000000746600000, 0x0000000746600000, 0x0000000746700000|  0%| F|  |TAMS 0x0000000746600000, 0x0000000746600000| Untracked 
| 103|0x0000000746700000, 0x0000000746700000, 0x0000000746800000|  0%| F|  |TAMS 0x0000000746700000, 0x0000000746700000| Untracked 
| 104|0x0000000746800000, 0x0000000746800000, 0x0000000746900000|  0%| F|  |TAMS 0x0000000746800000, 0x0000000746800000| Untracked 
| 105|0x0000000746900000, 0x0000000746900000, 0x0000000746a00000|  0%| F|  |TAMS 0x0000000746900000, 0x0000000746900000| Untracked 
| 106|0x0000000746a00000, 0x0000000746a76480, 0x0000000746b00000| 46%| E|  |TAMS 0x0000000746a00000, 0x0000000746a00000| Complete 
| 107|0x0000000746b00000, 0x0000000746c00000, 0x0000000746c00000|100%| E|CS|TAMS 0x0000000746b00000, 0x0000000746b00000| Complete 
| 108|0x0000000746c00000, 0x0000000746d00000, 0x0000000746d00000|100%| E|CS|TAMS 0x0000000746c00000, 0x0000000746c00000| Complete 
| 109|0x0000000746d00000, 0x0000000746e00000, 0x0000000746e00000|100%| E|CS|TAMS 0x0000000746d00000, 0x0000000746d00000| Complete 
| 110|0x0000000746e00000, 0x0000000746f00000, 0x0000000746f00000|100%| E|CS|TAMS 0x0000000746e00000, 0x0000000746e00000| Complete 
| 111|0x0000000746f00000, 0x0000000747000000, 0x0000000747000000|100%| E|CS|TAMS 0x0000000746f00000, 0x0000000746f00000| Complete 
| 112|0x0000000747000000, 0x0000000747100000, 0x0000000747100000|100%| E|CS|TAMS 0x0000000747000000, 0x0000000747000000| Complete 
| 113|0x0000000747100000, 0x0000000747200000, 0x0000000747200000|100%| E|CS|TAMS 0x0000000747100000, 0x0000000747100000| Complete 
| 114|0x0000000747200000, 0x0000000747300000, 0x0000000747300000|100%| E|CS|TAMS 0x0000000747200000, 0x0000000747200000| Complete 
| 115|0x0000000747300000, 0x0000000747400000, 0x0000000747400000|100%| E|CS|TAMS 0x0000000747300000, 0x0000000747300000| Complete 
| 116|0x0000000747400000, 0x0000000747500000, 0x0000000747500000|100%| E|  |TAMS 0x0000000747400000, 0x0000000747400000| Complete 
| 117|0x0000000747500000, 0x0000000747600000, 0x0000000747600000|100%| E|CS|TAMS 0x0000000747500000, 0x0000000747500000| Complete 
| 118|0x0000000747600000, 0x0000000747700000, 0x0000000747700000|100%| E|CS|TAMS 0x0000000747600000, 0x0000000747600000| Complete 
| 119|0x0000000747700000, 0x0000000747800000, 0x0000000747800000|100%| E|CS|TAMS 0x0000000747700000, 0x0000000747700000| Complete 
| 120|0x0000000747800000, 0x0000000747900000, 0x0000000747900000|100%| E|CS|TAMS 0x0000000747800000, 0x0000000747800000| Complete 
| 121|0x0000000747900000, 0x0000000747a00000, 0x0000000747a00000|100%| E|CS|TAMS 0x0000000747900000, 0x0000000747900000| Complete 
| 122|0x0000000747a00000, 0x0000000747b00000, 0x0000000747b00000|100%| E|CS|TAMS 0x0000000747a00000, 0x0000000747a00000| Complete 
| 123|0x0000000747b00000, 0x0000000747c00000, 0x0000000747c00000|100%| E|CS|TAMS 0x0000000747b00000, 0x0000000747b00000| Complete 
| 124|0x0000000747c00000, 0x0000000747d00000, 0x0000000747d00000|100%| E|CS|TAMS 0x0000000747c00000, 0x0000000747c00000| Complete 
| 125|0x0000000747d00000, 0x0000000747e00000, 0x0000000747e00000|100%| E|CS|TAMS 0x0000000747d00000, 0x0000000747d00000| Complete 
| 126|0x0000000747e00000, 0x0000000747f00000, 0x0000000747f00000|100%| E|CS|TAMS 0x0000000747e00000, 0x0000000747e00000| Complete 
| 127|0x0000000747f00000, 0x0000000748000000, 0x0000000748000000|100%| E|CS|TAMS 0x0000000747f00000, 0x0000000747f00000| Complete 

Card table byte_map: [0x000000011ff6c000,0x000000012036c000] _byte_map_base: 0x000000011c56c000

Marking Bits (Prev, Next): (CMBitMap*) 0x000000013002da10, (CMBitMap*) 0x000000013002da50
 Prev Bits: [0x000000012076c000, 0x000000012276c000)
 Next Bits: [0x000000012276c000, 0x000000012476c000)

Polling page: 0x0000000102ef0000

Metaspace:

Usage:
  Non-class:      9.52 MB used.
      Class:      1.05 MB used.
       Both:     10.56 MB used.

Virtual space:
  Non-class space:       16.00 MB reserved,       9.69 MB ( 61%) committed,  2 nodes.
      Class space:        1.00 GB reserved,       1.19 MB ( <1%) committed,  1 nodes.
              Both:        1.02 GB reserved,      10.88 MB (  1%) committed. 

Chunk freelists:
   Non-Class:  2.23 MB
       Class:  2.66 MB
        Both:  4.90 MB

MaxMetaspaceSize: 17179869184.00 GB
CompressedClassSpaceSize: 1.00 GB
 - commit_granule_bytes: 65536.
 - commit_granule_words: 8192.
 - virtual_space_node_default_size: 1048576.
 - enlarge_chunks_in_place: 1.
 - new_chunks_are_fully_committed: 0.
 - uncommit_free_chunks: 1.
 - use_allocation_guard: 0.
 - handle_deallocations: 1.


Internal statistics:

num_allocs_failed_limit: 0.
num_arena_births: 96.
num_arena_deaths: 0.
num_vsnodes_births: 3.
num_vsnodes_deaths: 0.
num_space_committed: 174.
num_space_uncommitted: 0.
num_chunks_returned_to_freelist: 0.
num_chunks_taken_from_freelist: 194.
num_chunk_merges: 0.
num_chunk_splits: 125.
num_chunks_enlarged: 90.
num_purges: 0.

CodeHeap 'non-profiled nmethods': size=120032Kb used=264Kb max_used=264Kb free=119768Kb
 bounds [0x0000000118a34000, 0x0000000118ca4000, 0x000000011ff6c000]
CodeHeap 'profiled nmethods': size=120016Kb used=1630Kb max_used=1630Kb free=118385Kb
 bounds [0x0000000111500000, 0x0000000111770000, 0x0000000118a34000]
CodeHeap 'non-nmethods': size=5712Kb used=1079Kb max_used=1118Kb free=4632Kb
 bounds [0x0000000110f6c000, 0x00000001111dc000, 0x0000000111500000]
 total_blobs=1213 nmethods=832 adapters=298
 compilation: enabled
              stopped_count=0, restarted_count=0
 full_count=0

Compilation events (20 events):
Event: 0.511 Thread 0x0000000138014200  829       3       java.lang.String::<init> (55 bytes)
Event: 0.511 Thread 0x0000000138014200 nmethod 829 0x0000000111688f90 code [0x0000000111689180, 0x0000000111689578]
Event: 0.512 Thread 0x000000013802a200  830       4       java.util.HashMap::get (19 bytes)
Event: 0.512 Thread 0x0000000138014200  831   !   3       java.net.URLClassLoader::defineClass (224 bytes)
Event: 0.513 Thread 0x0000000138014200 nmethod 831 0x0000000111689790 code [0x0000000111689d00, 0x000000011168bc08]
Event: 0.513 Thread 0x0000000138014200  832       3       java.security.SecureClassLoader::getProtectionDomain (38 bytes)
Event: 0.513 Thread 0x0000000138014200 nmethod 832 0x000000011168c710 code [0x000000011168c940, 0x000000011168d058]
Event: 0.513 Thread 0x0000000138014200  833       3       java.security.SecureClassLoader$CodeSourceKey::<init> (10 bytes)
Event: 0.513 Thread 0x0000000138014200 nmethod 833 0x000000011168d290 code [0x000000011168d440, 0x000000011168d628]
Event: 0.513 Thread 0x0000000138014200  834       3       java.security.SecureClassLoader$1::<init> (15 bytes)
Event: 0.513 Thread 0x0000000138014200 nmethod 834 0x000000011168d710 code [0x000000011168d8c0, 0x000000011168db28]
Event: 0.513 Thread 0x0000000138014200  835       3       java.security.SecureClassLoader$CodeSourceKey::hashCode (21 bytes)
Event: 0.513 Thread 0x0000000138014200 nmethod 835 0x000000011168dc10 code [0x000000011168ddc0, 0x000000011168e018]
Event: 0.513 Thread 0x0000000138014200  836       3       java.lang.ClassLoader::preDefineClass (119 bytes)
Event: 0.514 Thread 0x000000013802a200 nmethod 830 0x0000000118a73a90 code [0x0000000118a73c80, 0x0000000118a74170]
Event: 0.514 Thread 0x0000000138014200 nmethod 836 0x000000011168e110 code [0x000000011168e5c0, 0x000000011168fa88]
Event: 0.514 Thread 0x0000000138014200  837       3       java.util.regex.Pattern::sequence (647 bytes)
Event: 0.514 Thread 0x000000013802a200  841       4       jdk.internal.jimage.ImageStringsReader::unmaskedHashCode (173 bytes)
Event: 0.515 Thread 0x0000000138014200 nmethod 837 0x0000000111690290 code [0x0000000111690b40, 0x00000001116941e8]
Event: 0.515 Thread 0x0000000138014200  838       3       jdk.internal.jimage.ImageLocation::decompress (153 bytes)

GC Heap History (0 events):
No events

Deoptimization events (20 events):
Event: 0.504 Thread 0x0000000130008a00 Uncommon trap: trap_request=0xffffffde fr.pc=0x0000000118a4fb34 relative=0x0000000000000234
Event: 0.504 Thread 0x0000000130008a00 Uncommon trap: reason=class_check action=maybe_recompile pc=0x0000000118a4fb34 method=java.util.regex.Matcher.match(II)Z @ 121 c2
Event: 0.504 Thread 0x0000000130008a00 DEOPT PACKING pc=0x0000000118a4fb34 sp=0x000000016d22d690
Event: 0.504 Thread 0x0000000130008a00 DEOPT UNPACKING pc=0x0000000110fa5d9c sp=0x000000016d22d620 mode 2
Event: 0.504 Thread 0x0000000130008a00 Uncommon trap: trap_request=0xffffffde fr.pc=0x0000000118a4fb34 relative=0x0000000000000234
Event: 0.504 Thread 0x0000000130008a00 Uncommon trap: reason=class_check action=maybe_recompile pc=0x0000000118a4fb34 method=java.util.regex.Matcher.match(II)Z @ 121 c2
Event: 0.504 Thread 0x0000000130008a00 DEOPT PACKING pc=0x0000000118a4fb34 sp=0x000000016d22d690
Event: 0.504 Thread 0x0000000130008a00 DEOPT UNPACKING pc=0x0000000110fa5d9c sp=0x000000016d22d620 mode 2
Event: 0.504 Thread 0x0000000130008a00 Uncommon trap: trap_request=0xffffffde fr.pc=0x0000000118a4fb34 relative=0x0000000000000234
Event: 0.504 Thread 0x0000000130008a00 Uncommon trap: reason=class_check action=maybe_recompile pc=0x0000000118a4fb34 method=java.util.regex.Matcher.match(II)Z @ 121 c2
Event: 0.504 Thread 0x0000000130008a00 DEOPT PACKING pc=0x0000000118a4fb34 sp=0x000000016d22d500
Event: 0.504 Thread 0x0000000130008a00 DEOPT UNPACKING pc=0x0000000110fa5d9c sp=0x000000016d22d490 mode 2
Event: 0.504 Thread 0x0000000130008a00 Uncommon trap: trap_request=0xffffffde fr.pc=0x0000000118a4fb34 relative=0x0000000000000234
Event: 0.504 Thread 0x0000000130008a00 Uncommon trap: reason=class_check action=maybe_recompile pc=0x0000000118a4fb34 method=java.util.regex.Matcher.match(II)Z @ 121 c2
Event: 0.504 Thread 0x0000000130008a00 DEOPT PACKING pc=0x0000000118a4fb34 sp=0x000000016d22d500
Event: 0.504 Thread 0x0000000130008a00 DEOPT UNPACKING pc=0x0000000110fa5d9c sp=0x000000016d22d490 mode 2
Event: 0.514 Thread 0x0000000130008a00 DEOPT PACKING pc=0x000000011156e800 sp=0x000000016d22c2b0
Event: 0.514 Thread 0x0000000130008a00 DEOPT UNPACKING pc=0x0000000110fa5bfc sp=0x000000016d22c0d0 mode 3
Event: 0.514 Thread 0x0000000130008a00 DEOPT PACKING pc=0x000000011156b60c sp=0x000000016d22c960
Event: 0.514 Thread 0x0000000130008a00 DEOPT UNPACKING pc=0x0000000110fa5bfc sp=0x000000016d22c790 mode 3

Classes unloaded (0 events):
No events

Classes redefined (0 events):
No events

Internal exceptions (20 events):
Event: 0.245 Thread 0x0000000130008a00 Exception <a 'java/lang/NoSuchMethodError'{0x0000000747eacb38}: 'java.lang.Object java.lang.invoke.DirectMethodHandle$Holder.getReference(java.lang.Object, java.lang.Object)'> (0x0000000747eacb38) 
thrown [src/hotspot/share/interpreter/linkResolver.cpp, line 790]
Event: 0.246 Thread 0x0000000130008a00 Exception <a 'java/lang/NoSuchMethodError'{0x0000000747eb0dc8}: 'java.lang.Object java.lang.invoke.LambdaForm$Holder.identity_L(java.lang.Object, java.lang.Object)'> (0x0000000747eb0dc8) 
thrown [src/hotspot/share/interpreter/linkResolver.cpp, line 790]
Event: 0.246 Thread 0x0000000130008a00 Exception <a 'java/lang/NoSuchMethodError'{0x0000000747eb3d08}: 'java.lang.Object java.lang.invoke.LambdaForm$Holder.zero_L(java.lang.Object)'> (0x0000000747eb3d08) 
thrown [src/hotspot/share/interpreter/linkResolver.cpp, line 790]
Event: 0.247 Thread 0x0000000130008a00 Exception <a 'java/lang/NoSuchMethodError'{0x0000000747eba470}: 'java.lang.Object java.lang.invoke.DirectMethodHandle$Holder.invokeSpecial(java.lang.Object, java.lang.Object)'> (0x0000000747eba470) 
thrown [src/hotspot/share/interpreter/linkResolver.cpp, line 790]
Event: 0.247 Thread 0x0000000130008a00 Exception <a 'java/lang/NoSuchMethodError'{0x0000000747ebdd50}: 'java.lang.Object java.lang.invoke.Invokers$Holder.linkToTargetMethod(java.lang.Object)'> (0x0000000747ebdd50) 
thrown [src/hotspot/share/interpreter/linkResolver.cpp, line 790]
Event: 0.247 Thread 0x0000000130008a00 Exception <a 'java/lang/NoSuchMethodError'{0x0000000747ec7980}: 'java.lang.Object java.lang.invoke.DirectMethodHandle$Holder.newInvokeSpecial(java.lang.Object, java.lang.Object)'> (0x0000000747ec7980) 
thrown [src/hotspot/share/interpreter/linkResolver.cpp, line 790]
Event: 0.248 Thread 0x0000000130008a00 Exception <a 'java/lang/NoSuchMethodError'{0x0000000747ecb8c8}: 'java.lang.Object java.lang.invoke.DirectMethodHandle$Holder.invokeSpecial(java.lang.Object, java.lang.Object, java.lang.Object)'> (0x0000000747ecb8c8) 
thrown [src/hotspot/share/interpreter/linkResolver.cpp, line 790]
Event: 0.248 Thread 0x0000000130008a00 Exception <a 'java/lang/NoSuchMethodError'{0x0000000747ecf058}: 'java.lang.Object java.lang.invoke.Invokers$Holder.linkToTargetMethod(java.lang.Object, java.lang.Object)'> (0x0000000747ecf058) 
thrown [src/hotspot/share/interpreter/linkResolver.cpp, line 790]
Event: 0.299 Thread 0x0000000130008a00 Exception <a 'java/lang/NoSuchMethodError'{0x0000000747db1f18}: 'java.lang.Object java.lang.invoke.DirectMethodHandle$Holder.invokeStatic(java.lang.Object, java.lang.Object)'> (0x0000000747db1f18) 
thrown [src/hotspot/share/interpreter/linkResolver.cpp, line 790]
Event: 0.306 Thread 0x0000000130008a00 Exception <a 'java/lang/NoSuchMethodError'{0x0000000747dd16c8}: 'int java.lang.invoke.DirectMethodHandle$Holder.invokeSpecial(java.lang.Object, java.lang.Object)'> (0x0000000747dd16c8) 
thrown [src/hotspot/share/interpreter/linkResolver.cpp, line 790]
Event: 0.306 Thread 0x0000000130008a00 Exception <a 'java/lang/NoSuchMethodError'{0x0000000747dd79e0}: 'java.lang.Object java.lang.invoke.DirectMethodHandle$Holder.newInvokeSpecial(java.lang.Object)'> (0x0000000747dd79e0) 
thrown [src/hotspot/share/interpreter/linkResolver.cpp, line 790]
Event: 0.327 Thread 0x0000000130008a00 Exception <a 'java/lang/NoSuchMethodError'{0x0000000747b13b48}: 'int java.lang.invoke.DirectMethodHandle$Holder.invokeStatic(java.lang.Object, java.lang.Object)'> (0x0000000747b13b48) 
thrown [src/hotspot/share/interpreter/linkResolver.cpp, line 790]
Event: 0.327 Thread 0x0000000130008a00 Exception <a 'java/lang/NoSuchMethodError'{0x0000000747b17160}: 'int java.lang.invoke.DirectMethodHandle$Holder.invokeStaticInit(java.lang.Object, java.lang.Object)'> (0x0000000747b17160) 
thrown [src/hotspot/share/interpreter/linkResolver.cpp, line 790]
Event: 0.482 Thread 0x0000000130008a00 Exception <a 'java/lang/NoSuchMethodError'{0x0000000746d5b578}: 'java.lang.Object java.lang.invoke.DirectMethodHandle$Holder.invokeStatic(java.lang.Object, java.lang.Object, java.lang.Object, java.lang.Object, java.lang.Object, java.lang.Object)'> (0x0000000746d5b578) 
thrown [src/hotspot/share/interpreter/linkResolver.cpp, line 790]
Event: 0.482 Thread 0x0000000130008a00 Exception <a 'java/lang/NoSuchMethodError'{0x0000000746d5fc88}: 'java.lang.Object java.lang.invoke.DirectMethodHandle$Holder.invokeSpecial(java.lang.Object, java.lang.Object, java.lang.Object, java.lang.Object, java.lang.Object, java.lang.Object, java.lang.Object)'> (0x0000000746d5fc88) 
thrown [src/hotspot/share/interpreter/linkResolver.cpp, line 790]
Event: 0.482 Thread 0x0000000130008a00 Exception <a 'java/lang/NoSuchMethodError'{0x0000000746d642b8}: 'java.lang.Object java.lang.invoke.DelegatingMethodHandle$Holder.delegate(java.lang.Object, java.lang.Object, java.lang.Object, java.lang.Object, java.lang.Object, java.lang.Object)'> (0x0000000746d642b8) 
thrown [src/hotspot/share/interpreter/linkResolver.cpp, line 790]
Event: 0.482 Thread 0x0000000130008a00 Exception <a 'java/lang/NoSuchMethodError'{0x0000000746d68788}: 'java.lang.Object java.lang.invoke.Invokers$Holder.invokeExact_MT(java.lang.Object, java.lang.Object, java.lang.Object, java.lang.Object, java.lang.Object, java.lang.Object, java.lang.Object)'> (0x0000000746d68788) 
thrown [src/hotspot/share/interpreter/linkResolver.cpp, line 790]
Event: 0.483 Thread 0x0000000130008a00 Exception <a 'java/lang/NoSuchMethodError'{0x0000000746d7fa90}: 'java.lang.Object java.lang.invoke.DirectMethodHandle$Holder.invokeStatic(java.lang.Object, java.lang.Object, java.lang.Object, java.lang.Object, java.lang.Object)'> (0x0000000746d7fa90) 
thrown [src/hotspot/share/interpreter/linkResolver.cpp, line 790]
Event: 0.506 Thread 0x0000000130008a00 Exception <a 'java/lang/NoSuchMethodError'{0x0000000746b99cb8}: 'void java.lang.invoke.DirectMethodHandle$Holder.invokeStatic(java.lang.Object, java.lang.Object)'> (0x0000000746b99cb8) 
thrown [src/hotspot/share/interpreter/linkResolver.cpp, line 790]
Event: 0.515 Thread 0x0000000130008a00 Exception <a 'java/lang/NoClassDefFoundError'{0x0000000746a53778}: org/slf4j/impl/StaticMarkerBinder> (0x0000000746a53778) 
thrown [src/hotspot/share/classfile/systemDictionary.cpp, line 245]

Events (20 events):
Event: 0.510 loading class sun/reflect/generics/reflectiveObjects/LazyReflectiveObjectGenerator done
Event: 0.510 loading class sun/reflect/generics/reflectiveObjects/TypeVariableImpl done
Event: 0.510 loading class java/lang/reflect/WildcardType
Event: 0.510 loading class java/lang/reflect/WildcardType done
Event: 0.512 loading class java/util/MissingResourceException
Event: 0.512 loading class java/util/MissingResourceException done
Event: 0.512 loading class java/util/logging/ErrorManager
Event: 0.512 loading class java/util/logging/ErrorManager done
Event: 0.513 loading class java/io/StringWriter
Event: 0.513 loading class java/io/StringWriter done
Event: 0.513 loading class java/text/ParseException
Event: 0.514 loading class java/text/ParseException done
Event: 0.514 loading class java/util/regex/Pattern$Curly
Event: 0.514 loading class java/util/regex/Pattern$Curly done
Event: 0.514 loading class java/util/regex/Pattern$Loop
Event: 0.514 loading class java/util/regex/Pattern$Loop done
Event: 0.514 loading class java/util/regex/Pattern$Prolog
Event: 0.514 loading class java/util/regex/Pattern$Prolog done
Event: 0.514 loading class java/net/URLClassLoader$2
Event: 0.514 loading class java/net/URLClassLoader$2 done


Dynamic libraries:
0x0000000199c20000 	/usr/lib/libz.1.dylib
0x0000000102e88000 	/Library/Java/JavaVirtualMachines/zulu-16.jdk/Contents/Home/lib/libjli.dylib
0x00000001a4149000 	/System/Library/Frameworks/Cocoa.framework/Versions/A/Cocoa
0x0000000192062000 	/System/Library/Frameworks/Security.framework/Versions/A/Security
0x00000001a24b5000 	/System/Library/Frameworks/ApplicationServices.framework/Versions/A/ApplicationServices
0x0000000199cc6000 	/usr/lib/libSystem.B.dylib
0x0000000199cc0000 	/usr/lib/system/libcache.dylib
0x0000000199c7f000 	/usr/lib/system/libcommonCrypto.dylib
0x0000000199ca9000 	/usr/lib/system/libcompiler_rt.dylib
0x0000000199ca0000 	/usr/lib/system/libcopyfile.dylib
0x000000018ffd8000 	/usr/lib/system/libcorecrypto.dylib
0x0000000190078000 	/usr/lib/system/libdispatch.dylib
0x0000000190231000 	/usr/lib/system/libdyld.dylib
0x0000000199cb6000 	/usr/lib/system/libkeymgr.dylib
0x000000019d0e5000 	/usr/lib/system/liblaunch.dylib
0x0000000199c61000 	/usr/lib/system/libmacho.dylib
0x00000001994d3000 	/usr/lib/system/libquarantine.dylib
0x0000000199cb3000 	/usr/lib/system/libremovefile.dylib
0x0000000194ac2000 	/usr/lib/system/libsystem_asl.dylib
0x000000018ff86000 	/usr/lib/system/libsystem_blocks.dylib
0x00000001900fa000 	/usr/lib/system/libsystem_c.dylib
0x0000000199cad000 	/usr/lib/system/libsystem_collections.dylib
0x0000000198b0d000 	/usr/lib/system/libsystem_configuration.dylib
0x0000000197e8f000 	/usr/lib/system/libsystem_containermanager.dylib
0x0000000199a36000 	/usr/lib/system/libsystem_coreservices.dylib
0x000000019263b000 	/usr/lib/system/libsystem_darwin.dylib
0x0000000199cb7000 	/usr/lib/system/libsystem_dnssd.dylib
0x00000001900f7000 	/usr/lib/system/libsystem_featureflags.dylib
0x000000019027a000 	/usr/lib/system/libsystem_info.dylib
0x0000000199c32000 	/usr/lib/system/libsystem_m.dylib
0x000000019004c000 	/usr/lib/system/libsystem_malloc.dylib
0x0000000194a5d000 	/usr/lib/system/libsystem_networkextension.dylib
0x0000000192a7e000 	/usr/lib/system/libsystem_notify.dylib
0x000000019f599000 	/usr/lib/system/libsystem_product_info_filter.dylib
0x0000000198b12000 	/usr/lib/system/libsystem_sandbox.dylib
0x0000000199cb0000 	/usr/lib/system/libsystem_secinit.dylib
0x00000001901f0000 	/usr/lib/system/libsystem_kernel.dylib
0x0000000190273000 	/usr/lib/system/libsystem_platform.dylib
0x0000000190224000 	/usr/lib/system/libsystem_pthread.dylib
0x0000000196033000 	/usr/lib/system/libsystem_symptoms.dylib
0x000000018ffc0000 	/usr/lib/system/libsystem_trace.dylib
0x0000000199c8d000 	/usr/lib/system/libunwind.dylib
0x000000018ff88000 	/usr/lib/system/libxpc.dylib
0x00000001901d8000 	/usr/lib/libc++abi.dylib
0x00000001900bd000 	/usr/lib/libobjc.A.dylib
0x0000000199c98000 	/usr/lib/liboah.dylib
0x000000019017c000 	/usr/lib/libc++.1.dylib
0x00000001902a6000 	/System/Library/Frameworks/CoreFoundation.framework/Versions/A/CoreFoundation
0x000000019106e000 	/System/Library/Frameworks/Foundation.framework/Versions/C/Foundation
0x0000000192ad8000 	/System/Library/Frameworks/AppKit.framework/Versions/C/AppKit
0x00000001958fc000 	/System/Library/Frameworks/CoreData.framework/Versions/A/CoreData
0x000000019381a000 	/System/Library/PrivateFrameworks/UIFoundation.framework/Versions/A/UIFoundation
0x000000019f32b000 	/System/Library/PrivateFrameworks/RemoteViewServices.framework/Versions/A/RemoteViewServices
0x0000000198540000 	/System/Library/PrivateFrameworks/XCTTargetBootstrap.framework/Versions/A/XCTTargetBootstrap
0x000000019ae81000 	/usr/lib/libspindump.dylib
0x0000000193a41000 	/System/Library/Frameworks/UniformTypeIdentifiers.framework/Versions/A/UniformTypeIdentifiers
0x0000000196b28000 	/usr/lib/libapp_launch_measurement.dylib
0x0000000196b2b000 	/System/Library/PrivateFrameworks/CoreAutoLayout.framework/Versions/A/CoreAutoLayout
0x0000000197ebd000 	/System/Library/Frameworks/Metal.framework/Versions/A/Metal
0x0000000198b1d000 	/usr/lib/liblangid.dylib
0x0000000198544000 	/System/Library/PrivateFrameworks/CoreSVG.framework/Versions/A/CoreSVG
0x0000000194af4000 	/System/Library/PrivateFrameworks/SkyLight.framework/Versions/A/SkyLight
0x0000000194e63000 	/System/Library/Frameworks/CoreGraphics.framework/Versions/A/CoreGraphics
0x000000019f84b000 	/System/Library/Frameworks/Accelerate.framework/Versions/A/Accelerate
0x000000019a8db000 	/System/Library/PrivateFrameworks/IconServices.framework/Versions/A/IconServices
0x0000000197ea1000 	/System/Library/Frameworks/IOSurface.framework/Versions/A/IOSurface
0x00000001961cb000 	/usr/lib/libDiagnosticMessagesClient.dylib
0x0000000198528000 	/System/Library/PrivateFrameworks/DFRFoundation.framework/Versions/A/DFRFoundation
0x00000001923c9000 	/usr/lib/libicucore.A.dylib
0x000000019c3cf000 	/System/Library/Frameworks/AudioToolbox.framework/Versions/A/AudioToolbox
0x000000019b5e2000 	/System/Library/PrivateFrameworks/DataDetectorsCore.framework/Versions/A/DataDetectorsCore
0x0000000194a6f000 	/usr/lib/libMobileGestalt.dylib
0x000000019821d000 	/System/Library/Frameworks/Carbon.framework/Versions/A/Frameworks/HIToolbox.framework/Versions/A/HIToolbox
0x00000001965c6000 	/System/Library/Frameworks/QuartzCore.framework/Versions/A/QuartzCore
0x000000019f363000 	/System/Library/Frameworks/Carbon.framework/Versions/A/Frameworks/SpeechRecognition.framework/Versions/A/SpeechRecognition
0x00000001968c6000 	/System/Library/PrivateFrameworks/CoreUI.framework/Versions/A/CoreUI
0x0000000191a47000 	/System/Library/Frameworks/CoreAudio.framework/Versions/A/CoreAudio
0x00000001962b4000 	/System/Library/Frameworks/DiskArbitration.framework/Versions/A/DiskArbitration
0x000000019b234000 	/System/Library/PrivateFrameworks/MultitouchSupport.framework/Versions/A/MultitouchSupport
0x000000019b5d9000 	/System/Library/PrivateFrameworks/InternationalSupport.framework/Versions/A/InternationalSupport
0x0000000194a6d000 	/usr/lib/libenergytrace.dylib
0x00000001929b2000 	/System/Library/Frameworks/IOKit.framework/Versions/A/IOKit
0x000000019f68e000 	/System/Library/Frameworks/CoreServices.framework/Versions/A/CoreServices
0x0000000196abe000 	/System/Library/PrivateFrameworks/PerformanceAnalysis.framework/Versions/A/PerformanceAnalysis
0x00000001d22ed000 	/System/Library/Frameworks/OpenGL.framework/Versions/A/OpenGL
0x000000019b657000 	/System/Library/PrivateFrameworks/UserActivity.framework/Versions/A/UserActivity
0x0000000195451000 	/System/Library/Frameworks/ColorSync.framework/Versions/A/ColorSync
0x000000019878f000 	/System/Library/Frameworks/CoreImage.framework/Versions/A/CoreImage
0x0000000191877000 	/System/Library/Frameworks/CoreText.framework/Versions/A/CoreText
0x000000019856f000 	/System/Library/Frameworks/ImageIO.framework/Versions/A/ImageIO
0x0000000199ccc000 	/System/Library/PrivateFrameworks/SoftLinking.framework/Versions/A/SoftLinking
0x0000000196b6e000 	/usr/lib/libxml2.2.dylib
0x0000000199f4c000 	/usr/lib/libcompression.dylib
0x000000019b525000 	/System/Library/PrivateFrameworks/TextureIO.framework/Versions/A/TextureIO
0x000000019a637000 	/usr/lib/libate.dylib
0x000000019a480000 	/usr/lib/liblzma.5.dylib
0x0000000190d83000 	/System/Library/Frameworks/SystemConfiguration.framework/Versions/A/SystemConfiguration
0x0000000199cc8000 	/usr/lib/libfakelink.dylib
0x00000001945d4000 	/System/Library/Frameworks/CFNetwork.framework/Versions/A/CFNetwork
0x0000000199e12000 	/usr/lib/libarchive.2.dylib
0x0000000190e0b000 	/usr/lib/libCRFSuite.dylib
0x00000001994fd000 	/usr/lib/libbsm.0.dylib
0x0000000193e8b000 	/usr/lib/libnetwork.dylib
0x0000000199ccd000 	/usr/lib/libpcap.A.dylib
0x000000019602b000 	/usr/lib/libdns_services.dylib
0x000000019a499000 	/usr/lib/libcoretls_cfhelpers.dylib
0x0000000199f1b000 	/usr/lib/libapple_nghttp2.dylib
0x0000000199c67000 	/usr/lib/system/libkxld.dylib
0x0000000195cbc000 	/usr/lib/libsqlite3.dylib
0x0000000199a19000 	/System/Library/PrivateFrameworks/AppleFSCompression.framework/Versions/A/AppleFSCompression
0x00000001994e6000 	/usr/lib/libcoretls.dylib
0x0000000199f47000 	/usr/lib/libpam.2.dylib
0x000000019a580000 	/usr/lib/libxar.1.dylib
0x0000000198b19000 	/System/Library/PrivateFrameworks/AppleSystemInfo.framework/Versions/A/AppleSystemInfo
0x0000000199136000 	/System/Library/PrivateFrameworks/IOMobileFramebuffer.framework/Versions/A/IOMobileFramebuffer
0x0000000199a29000 	/usr/lib/libbz2.1.0.dylib
0x0000000199d09000 	/usr/lib/libiconv.2.dylib
0x0000000199c60000 	/usr/lib/libcharset.1.dylib
0x0000000196af7000 	/System/Library/Frameworks/CoreServices.framework/Versions/A/Frameworks/FSEvents.framework/Versions/A/FSEvents
0x0000000192646000 	/System/Library/Frameworks/CoreServices.framework/Versions/A/Frameworks/CarbonCore.framework/Versions/A/CarbonCore
0x000000019621a000 	/System/Library/Frameworks/CoreServices.framework/Versions/A/Frameworks/Metadata.framework/Versions/A/Metadata
0x0000000199a3b000 	/System/Library/Frameworks/CoreServices.framework/Versions/A/Frameworks/OSServices.framework/Versions/A/OSServices
0x0000000199e83000 	/System/Library/Frameworks/CoreServices.framework/Versions/A/Frameworks/SearchKit.framework/Versions/A/SearchKit
0x0000000195fb7000 	/System/Library/Frameworks/CoreServices.framework/Versions/A/Frameworks/AE.framework/Versions/A/AE
0x0000000190755000 	/System/Library/Frameworks/CoreServices.framework/Versions/A/Frameworks/LaunchServices.framework/Versions/A/LaunchServices
0x000000019a42d000 	/System/Library/Frameworks/CoreServices.framework/Versions/A/Frameworks/DictionaryServices.framework/Versions/A/DictionaryServices
0x0000000196b04000 	/System/Library/Frameworks/CoreServices.framework/Versions/A/Frameworks/SharedFileList.framework/Versions/A/SharedFileList
0x00000001994d6000 	/usr/lib/libCheckFix.dylib
0x0000000194ada000 	/System/Library/PrivateFrameworks/TCC.framework/Versions/A/TCC
0x0000000198b1f000 	/System/Library/PrivateFrameworks/CoreNLP.framework/Versions/A/CoreNLP
0x00000001961ce000 	/System/Library/PrivateFrameworks/MetadataUtilities.framework/Versions/A/MetadataUtilities
0x0000000190e3f000 	/usr/lib/libmecabra.dylib
0x00000001997bc000 	/System/Library/Frameworks/MLCompute.framework/Versions/A/MLCompute
0x000000019950e000 	/usr/lib/libmecab.dylib
0x0000000199554000 	/usr/lib/libgermantok.dylib
0x0000000199ef4000 	/usr/lib/libThaiTokenizer.dylib
0x000000019a5bc000 	/usr/lib/libChineseTokenizer.dylib
0x0000000199f45000 	/System/Library/Frameworks/MetalPerformanceShaders.framework/Versions/A/MetalPerformanceShaders
0x00000001962bb000 	/System/Library/Frameworks/Accelerate.framework/Versions/A/Frameworks/vImage.framework/Versions/A/vImage
0x000000019f66c000 	/System/Library/Frameworks/Accelerate.framework/Versions/A/Frameworks/vecLib.framework/Versions/A/vecLib
0x000000019a5c7000 	/System/Library/Frameworks/Accelerate.framework/Versions/A/Frameworks/vecLib.framework/Versions/A/libvMisc.dylib
0x0000000199074000 	/System/Library/Frameworks/Accelerate.framework/Versions/A/Frameworks/vecLib.framework/Versions/A/libvDSP.dylib
0x0000000190a69000 	/System/Library/Frameworks/Accelerate.framework/Versions/A/Frameworks/vecLib.framework/Versions/A/libBLAS.dylib
0x0000000199f70000 	/System/Library/Frameworks/Accelerate.framework/Versions/A/Frameworks/vecLib.framework/Versions/A/libLAPACK.dylib
0x0000000199559000 	/System/Library/Frameworks/Accelerate.framework/Versions/A/Frameworks/vecLib.framework/Versions/A/libLinearAlgebra.dylib
0x0000000199f32000 	/System/Library/Frameworks/Accelerate.framework/Versions/A/Frameworks/vecLib.framework/Versions/A/libSparseBLAS.dylib
0x0000000199f6b000 	/System/Library/Frameworks/Accelerate.framework/Versions/A/Frameworks/vecLib.framework/Versions/A/libQuadrature.dylib
0x0000000198bb5000 	/System/Library/Frameworks/Accelerate.framework/Versions/A/Frameworks/vecLib.framework/Versions/A/libBNNS.dylib
0x0000000190d1f000 	/System/Library/Frameworks/Accelerate.framework/Versions/A/Frameworks/vecLib.framework/Versions/A/libSparse.dylib
0x0000000198aa8000 	/System/Library/Frameworks/MetalPerformanceShaders.framework/Versions/A/Frameworks/MPSCore.framework/Versions/A/MPSCore
0x0000000199991000 	/System/Library/Frameworks/MetalPerformanceShaders.framework/Versions/A/Frameworks/MPSImage.framework/Versions/A/MPSImage
0x000000019956e000 	/System/Library/Frameworks/MetalPerformanceShaders.framework/Versions/A/Frameworks/MPSNeuralNetwork.framework/Versions/A/MPSNeuralNetwork
0x000000019990f000 	/System/Library/Frameworks/MetalPerformanceShaders.framework/Versions/A/Frameworks/MPSMatrix.framework/Versions/A/MPSMatrix
0x0000000199772000 	/System/Library/Frameworks/MetalPerformanceShaders.framework/Versions/A/Frameworks/MPSRayIntersector.framework/Versions/A/MPSRayIntersector
0x000000019993e000 	/System/Library/Frameworks/MetalPerformanceShaders.framework/Versions/A/Frameworks/MPSNDArray.framework/Versions/A/MPSNDArray
0x000000019098e000 	/System/Library/PrivateFrameworks/MetalTools.framework/Versions/A/MetalTools
0x0000000198b17000 	/System/Library/PrivateFrameworks/AggregateDictionary.framework/Versions/A/AggregateDictionary
0x0000000196198000 	/System/Library/PrivateFrameworks/CoreAnalytics.framework/Versions/A/CoreAnalytics
0x0000000199ef6000 	/System/Library/PrivateFrameworks/AppleSauce.framework/Versions/A/AppleSauce
0x0000000197eb3000 	/System/Library/PrivateFrameworks/IOAccelerator.framework/Versions/A/IOAccelerator
0x00000001d22e0000 	/System/Library/Frameworks/OpenGL.framework/Versions/A/Libraries/libCoreFSCache.dylib
0x00000001913fb000 	/System/Library/PrivateFrameworks/LanguageModeling.framework/Versions/A/LanguageModeling
0x0000000199123000 	/System/Library/PrivateFrameworks/CoreEmoji.framework/Versions/A/CoreEmoji
0x0000000198bad000 	/System/Library/PrivateFrameworks/LinguisticData.framework/Versions/A/LinguisticData
0x0000000190cd4000 	/System/Library/PrivateFrameworks/Lexicon.framework/Versions/A/Lexicon
0x0000000199dff000 	/usr/lib/libcmph.dylib
0x0000000196ad7000 	/System/Library/Frameworks/OpenDirectory.framework/Versions/A/Frameworks/CFOpenDirectory.framework/Versions/A/CFOpenDirectory
0x0000000196ac9000 	/System/Library/Frameworks/OpenDirectory.framework/Versions/A/OpenDirectory
0x000000019a49b000 	/System/Library/PrivateFrameworks/APFS.framework/Versions/A/APFS
0x000000019943f000 	/System/Library/Frameworks/SecurityFoundation.framework/Versions/A/SecurityFoundation
0x000000019a58e000 	/usr/lib/libutil.dylib
0x0000000192976000 	/System/Library/PrivateFrameworks/CoreServicesStore.framework/Versions/A/CoreServicesStore
0x00000001994cd000 	/System/Library/Frameworks/ServiceManagement.framework/Versions/A/ServiceManagement
0x000000019a592000 	/usr/lib/libxslt.1.dylib
0x00000001994c3000 	/System/Library/PrivateFrameworks/BackgroundTaskManagement.framework/Versions/A/BackgroundTaskManagement
0x000000019b474000 	/System/Library/Frameworks/ImageIO.framework/Versions/A/Resources/libRadiance.dylib
0x000000019b47d000 	/System/Library/Frameworks/ImageIO.framework/Versions/A/Resources/libJPEG.dylib
0x000000019b3d1000 	/System/Library/Frameworks/ImageIO.framework/Versions/A/Resources/libPng.dylib
0x000000019b3f3000 	/System/Library/Frameworks/ImageIO.framework/Versions/A/Resources/libTIFF.dylib
0x000000019b4ce000 	/System/Library/Frameworks/ImageIO.framework/Versions/A/Resources/libGIF.dylib
0x000000019b14e000 	/System/Library/Frameworks/ImageIO.framework/Versions/A/Resources/libJP2.dylib
0x000000019a8a4000 	/usr/lib/libexpat.1.dylib
0x000000019b10a000 	/System/Library/PrivateFrameworks/AppleJPEG.framework/Versions/A/AppleJPEG
0x00000001980c4000 	/System/Library/PrivateFrameworks/FontServices.framework/libFontParser.dylib
0x0000000195f69000 	/System/Library/PrivateFrameworks/RunningBoardServices.framework/Versions/A/RunningBoardServices
0x00000001a4680000 	/System/Library/PrivateFrameworks/IOSurfaceAccelerator.framework/Versions/A/IOSurfaceAccelerator
0x000000019b230000 	/System/Library/PrivateFrameworks/WatchdogClient.framework/Versions/A/WatchdogClient
0x00000001914eb000 	/System/Library/Frameworks/CoreDisplay.framework/Versions/A/CoreDisplay
0x0000000197fcc000 	/System/Library/Frameworks/CoreMedia.framework/Versions/A/CoreMedia
0x0000000196c5b000 	/System/Library/Frameworks/CoreVideo.framework/Versions/A/CoreVideo
0x000000019b26d000 	/System/Library/Frameworks/VideoToolbox.framework/Versions/A/VideoToolbox
0x0000000195ee6000 	/System/Library/PrivateFrameworks/BaseBoard.framework/Versions/A/BaseBoard
0x000000019a9e2000 	/System/Library/PrivateFrameworks/PersistentConnection.framework/Versions/A/PersistentConnection
0x0000000195ca5000 	/System/Library/PrivateFrameworks/ProtocolBuffer.framework/Versions/A/ProtocolBuffer
0x0000000195ecf000 	/System/Library/PrivateFrameworks/CommonUtilities.framework/Versions/A/CommonUtilities
0x000000019b0cf000 	/System/Library/PrivateFrameworks/Bom.framework/Versions/A/Bom
0x000000019b46f000 	/System/Library/PrivateFrameworks/GPUWrangler.framework/Versions/A/GPUWrangler
0x000000019b450000 	/System/Library/PrivateFrameworks/IOPresentment.framework/Versions/A/IOPresentment
0x000000019b477000 	/System/Library/PrivateFrameworks/DSExternalDisplay.framework/Versions/A/DSExternalDisplay
0x000000019b4d3000 	/System/Library/PrivateFrameworks/CMCaptureCore.framework/Versions/A/CMCaptureCore
0x000000019ae6a000 	/System/Library/PrivateFrameworks/AppServerSupport.framework/Versions/A/AppServerSupport
0x000000019ce9f000 	/System/Library/PrivateFrameworks/perfdata.framework/Versions/A/perfdata
0x000000019942f000 	/System/Library/PrivateFrameworks/AssertionServices.framework/Versions/A/AssertionServices
0x000000019160e000 	/System/Library/PrivateFrameworks/AudioToolboxCore.framework/Versions/A/AudioToolboxCore
0x0000000197fac000 	/System/Library/PrivateFrameworks/caulk.framework/Versions/A/caulk
0x00000001abccd000 	/System/Library/PrivateFrameworks/SystemPolicy.framework/Versions/A/SystemPolicy
0x000000019a6c9000 	/usr/lib/libIOReport.dylib
0x000000019c73b000 	/usr/lib/libSMC.dylib
0x000000019b39e000 	/usr/lib/libAudioToolboxUtility.dylib
0x00000001ac65a000 	/usr/lib/libmis.dylib
0x00000001d2342000 	/System/Library/Frameworks/OpenGL.framework/Versions/A/Libraries/libGLU.dylib
0x00000001d2300000 	/System/Library/Frameworks/OpenGL.framework/Versions/A/Libraries/libGFXShared.dylib
0x00000001d24e8000 	/System/Library/Frameworks/OpenGL.framework/Versions/A/Libraries/libGL.dylib
0x00000001d2309000 	/System/Library/Frameworks/OpenGL.framework/Versions/A/Libraries/libGLImage.dylib
0x00000001d22fd000 	/System/Library/Frameworks/OpenGL.framework/Versions/A/Libraries/libCVMSPluginSupport.dylib
0x00000001d22e7000 	/System/Library/Frameworks/OpenGL.framework/Versions/A/Libraries/libCoreVMClient.dylib
0x00000001a31ba000 	/System/Library/PrivateFrameworks/ASEProcessing.framework/Versions/A/ASEProcessing
0x000000019aa09000 	/System/Library/PrivateFrameworks/GraphVisualizer.framework/Versions/A/GraphVisualizer
0x000000019aa17000 	/System/Library/PrivateFrameworks/FaceCore.framework/Versions/A/FaceCore
0x000000019ae2a000 	/System/Library/PrivateFrameworks/OTSVG.framework/Versions/A/OTSVG
0x0000000196884000 	/System/Library/Frameworks/ApplicationServices.framework/Versions/A/Frameworks/ATS.framework/Versions/A/Resources/libFontRegistry.dylib
0x000000019ae72000 	/System/Library/PrivateFrameworks/FontServices.framework/libhvf.dylib
0x00000001d2683000 	/System/Library/Frameworks/OpenCL.framework/Versions/A/OpenCL
0x000000019a858000 	/System/Library/PrivateFrameworks/AppleVA.framework/Versions/A/AppleVA
0x000000019c587000 	/System/Library/Frameworks/ApplicationServices.framework/Versions/A/Frameworks/ATS.framework/Versions/A/ATS
0x000000019c89a000 	/System/Library/Frameworks/ApplicationServices.framework/Versions/A/Frameworks/ColorSyncLegacy.framework/Versions/A/ColorSyncLegacy
0x0000000195547000 	/System/Library/Frameworks/ApplicationServices.framework/Versions/A/Frameworks/HIServices.framework/Versions/A/HIServices
0x000000019c879000 	/System/Library/Frameworks/ApplicationServices.framework/Versions/A/Frameworks/LangAnalysis.framework/Versions/A/LangAnalysis
0x000000019b4dd000 	/System/Library/Frameworks/ApplicationServices.framework/Versions/A/Frameworks/PrintCore.framework/Versions/A/PrintCore
0x000000019c8a2000 	/System/Library/Frameworks/ApplicationServices.framework/Versions/A/Frameworks/QD.framework/Versions/A/QD
0x000000019c573000 	/System/Library/Frameworks/ApplicationServices.framework/Versions/A/Frameworks/SpeechSynthesis.framework/Versions/A/SpeechSynthesis
0x000000019b49e000 	/System/Library/Frameworks/ApplicationServices.framework/Versions/A/Frameworks/ATSUI.framework/Versions/A/ATSUI
0x000000019c81b000 	/usr/lib/libcups.2.dylib
0x000000019c88d000 	/System/Library/PrivateFrameworks/NetAuth.framework/Versions/A/NetAuth
0x000000019ceb9000 	/System/Library/Frameworks/Kerberos.framework/Versions/A/Kerberos
0x000000019ceca000 	/System/Library/Frameworks/GSS.framework/Versions/A/GSS
0x000000019c5f6000 	/usr/lib/libresolv.9.dylib
0x000000019ae88000 	/System/Library/PrivateFrameworks/Heimdal.framework/Versions/A/Heimdal
0x00000001a27a5000 	/System/Library/Frameworks/Kerberos.framework/Versions/A/Libraries/libHeimdalProxy.dylib
0x000000019603b000 	/System/Library/Frameworks/Network.framework/Versions/A/Network
0x000000019a8bf000 	/usr/lib/libheimdal-asn1.dylib
0x000000019cf12000 	/System/Library/PrivateFrameworks/CommonAuth.framework/Versions/A/CommonAuth
0x0000000196caf000 	/System/Library/PrivateFrameworks/login.framework/Versions/A/Frameworks/loginsupport.framework/Versions/A/loginsupport
0x000000019c4f8000 	/System/Library/PrivateFrameworks/AudioSession.framework/Versions/A/AudioSession
0x000000019c560000 	/usr/lib/libAudioStatistics.dylib
0x000000019a93f000 	/System/Library/PrivateFrameworks/MediaExperience.framework/Versions/A/MediaExperience
0x000000019c399000 	/System/Library/PrivateFrameworks/AudioSession.framework/libSessionUtility.dylib
0x000000019ceab000 	/usr/lib/libperfcheck.dylib
0x000000019c8ae000 	/System/Library/PrivateFrameworks/AudioResourceArbitration.framework/Versions/A/AudioResourceArbitration
0x000000019a8c8000 	/System/Library/PrivateFrameworks/IconFoundation.framework/Versions/A/IconFoundation
0x000000019f353000 	/System/Library/PrivateFrameworks/SpeechRecognitionCore.framework/Versions/A/SpeechRecognitionCore
0x0000000107800000 	/Library/Java/JavaVirtualMachines/zulu-16.jdk/Contents/Home/lib/server/libjvm.dylib
0x0000000102edc000 	/Library/Java/JavaVirtualMachines/zulu-16.jdk/Contents/Home/lib/libjimage.dylib
0x0000000102f40000 	/Library/Java/JavaVirtualMachines/zulu-16.jdk/Contents/Home/lib/libjava.dylib
0x00000001036dc000 	/Library/Java/JavaVirtualMachines/zulu-16.jdk/Contents/Home/lib/libnio.dylib
0x000000012676c000 	/Library/Java/JavaVirtualMachines/zulu-16.jdk/Contents/Home/lib/libnet.dylib
0x0000000126790000 	/Library/Java/JavaVirtualMachines/zulu-16.jdk/Contents/Home/lib/libzip.dylib
0x00000001267a8000 	/Library/Java/JavaVirtualMachines/zulu-16.jdk/Contents/Home/lib/libverify.dylib


VM Arguments:
jvm_args: -Dorg.gradle.appname=gradlew 
java_command: org.gradle.wrapper.GradleWrapperMain -q -Ptarget-platform=android-arm64 -Ptarget=/Users/jawadashraf/Documents/FlutterProjects/property051apprepo/lib/main.dart -Pdart-defines=Zmx1dHRlci5pbnNwZWN0b3Iuc3RydWN0dXJlZEVycm9ycz10cnVl,RkxVVFRFUl9XRUJfQVVUT19ERVRFQ1Q9dHJ1ZQ== -Pdart-obfuscation=false -Ptrack-widget-creation=true -Ptree-shake-icons=false -Pfilesystem-scheme=org-dartlang-root assembleDebug
java_class_path (initial): /Users/jawadashraf/Documents/FlutterProjects/property051apprepo/android/gradle/wrapper/gradle-wrapper.jar
Launcher Type: SUN_STANDARD

[Global flags]
     intx CICompilerCount                          = 4                                         {product} {ergonomic}
     uint ConcGCThreads                            = 2                                         {product} {ergonomic}
     uint G1ConcRefinementThreads                  = 8                                         {product} {ergonomic}
   size_t G1HeapRegionSize                         = 1048576                                   {product} {ergonomic}
    uintx GCDrainStackTargetSize                   = 64                                        {product} {ergonomic}
   size_t InitialHeapSize                          = 134217728                                 {product} {ergonomic}
   size_t MarkStackSize                            = 4194304                                   {product} {ergonomic}
   size_t MaxHeapSize                              = 2147483648                                {product} {ergonomic}
   size_t MaxNewSize                               = 1287651328                                {product} {ergonomic}
   size_t MinHeapDeltaBytes                        = 1048576                                   {product} {ergonomic}
   size_t MinHeapSize                              = 8388608                                   {product} {ergonomic}
    uintx NonNMethodCodeHeapSize                   = 5839564                                {pd product} {ergonomic}
    uintx NonProfiledCodeHeapSize                  = 122909338                              {pd product} {ergonomic}
    uintx ProfiledCodeHeapSize                     = 122909338                              {pd product} {ergonomic}
    uintx ReservedCodeCacheSize                    = 251658240                              {pd product} {ergonomic}
     bool SegmentedCodeCache                       = true                                      {product} {ergonomic}
   size_t SoftMaxHeapSize                          = 2147483648                             {manageable} {ergonomic}
     bool UseCompressedClassPointers               = true                           {product lp64_product} {ergonomic}
     bool UseCompressedOops                        = true                           {product lp64_product} {ergonomic}
     bool UseG1GC                                  = true                                      {product} {ergonomic}
     bool UseNUMA                                  = false                                     {product} {ergonomic}
     bool UseNUMAInterleaving                      = false                                     {product} {ergonomic}

Logging:
Log output configuration:
 #0: stdout all=warning uptime,level,tags
 #1: stderr all=off uptime,level,tags

Environment Variables:
PATH=/usr/bin:/bin:/usr/sbin:/sbin
SHELL=/bin/zsh

Signal Handlers:
SIGSEGV: [libjvm.dylib+0x9ace24], sa_mask[0]=11100110000111110111111111111111, sa_flags=SA_ONSTACK|SA_RESTART|SA_SIGINFO
SIGBUS: [libjvm.dylib+0x9ace24], sa_mask[0]=11100110000111110111111111111111, sa_flags=SA_RESTART|SA_SIGINFO
SIGFPE: [libjvm.dylib+0x9ace24], sa_mask[0]=11100110000111110111111111111111, sa_flags=SA_RESTART|SA_SIGINFO
SIGPIPE: [libjvm.dylib+0x8964e0], sa_mask[0]=11100110000111110111111111111111, sa_flags=SA_RESTART|SA_SIGINFO
SIGXFSZ: [libjvm.dylib+0x8964e0], sa_mask[0]=11100110000111110111111111111111, sa_flags=SA_RESTART|SA_SIGINFO
SIGILL: [libjvm.dylib+0x9ace24], sa_mask[0]=11100110000111110111111111111111, sa_flags=SA_RESTART|SA_SIGINFO
SIGUSR2: [libjvm.dylib+0x896f18], sa_mask[0]=00000000000000000000010000000000, sa_flags=SA_RESTART|SA_SIGINFO
SIGHUP: [libjvm.dylib+0x895590], sa_mask[0]=11100110000111110111111111111111, sa_flags=SA_RESTART|SA_SIGINFO
SIGINT: [libjvm.dylib+0x895590], sa_mask[0]=11100110000111110111111111111111, sa_flags=SA_RESTART|SA_SIGINFO
SIGTERM: [libjvm.dylib+0x895590], sa_mask[0]=11100110000111110111111111111111, sa_flags=SA_RESTART|SA_SIGINFO
SIGQUIT: [libjvm.dylib+0x895590], sa_mask[0]=11100110000111110111111111111111, sa_flags=SA_RESTART|SA_SIGINFO
SIGTRAP: [libjvm.dylib+0x9ace24], sa_mask[0]=11100110000111110111111111111111, sa_flags=SA_RESTART|SA_SIGINFO


---------------  S Y S T E M  ---------------

OS:uname: Darwin 20.6.0 Darwin Kernel Version 20.6.0: Mon Aug 30 06:12:20 PDT 2021; root:xnu-7195.141.6~3/RELEASE_ARM64_T8101 arm64
OS uptime: 0 days 0:12 hours
rlimit (soft/hard): STACK 8176k/65520k , CORE 0k/infinity , NPROC 1333/2000 , NOFILE 10240/infinity , AS infinity/infinity , CPU infinity/infinity , DATA infinity/infinity , FSIZE infinity/infinity , MEMLOCK infinity/infinity , RSS infinity/infinity
load average: 2.59 2.42 1.94

CPU: total 8 (initial active 8) 0x61:0x0:0x1b588bb3:0, simd, crc, lse

Memory: 16k page, physical 8388608k(213248k free), swap 0k(0k free)

vm_info: OpenJDK 64-Bit Server VM (16.0.1+9) for bsd-aarch64 JRE (16.0.1+9) (Zulu16.30+15-CA), built on Apr 20 2021 17:19:00 by "zulu_re" with clang Apple LLVM 12.0.0 (clang-1200.0.32.28)

END.
